15-Mar-2021 12:33:33.692 ADVERTÊNCIA [http-nio-8001-exec-106] org.apache.catalina.loader.WebappClassLoaderBase.clearReferencesJdbc The web application [tasks-backend] registered the JDBC driver [org.postgresql.Driver] but failed to unregister it when the web application was stopped. To prevent a memory leak, the JDBC Driver has been forcibly unregistered.
15-Mar-2021 12:33:34.788 INFORMAÇÕES [http-nio-8001-exec-106] org.apache.catalina.startup.HostConfig.undeploy Undeploying context [/tasks-backend]
15-Mar-2021 12:33:36.108 INFORMAÇÕES [http-nio-8001-exec-110] org.apache.catalina.startup.HostConfig.deployWAR Deploying web application archive [C:\Users\hpadmin\Desktop\devops\apache-tomcat\webapps\tasks-backend.war]
15-Mar-2021 12:34:19.758 INFORMAÇÕES [http-nio-8001-exec-110] org.apache.jasper.servlet.TldScanner.scanJars At least one JAR was scanned for TLDs yet contained no TLDs. Enable debug logging for this logger for a complete list of JARs that were scanned but no TLDs were found in them. Skipping unneeded JARs during scanning can improve startup time and JSP compilation time.
15-Mar-2021 12:34:19.807 INFORMAÇÕES [http-nio-8001-exec-110] org.apache.catalina.startup.HostConfig.deployWAR Deployment of web application archive [C:\Users\hpadmin\Desktop\devops\apache-tomcat\webapps\tasks-backend.war] has finished in [43,699] ms
15-Mar-2021 12:38:30.084 ADVERTÊNCIA [http-nio-8001-exec-113] org.apache.catalina.loader.WebappClassLoaderBase.clearReferencesJdbc The web application [tasks-backend] registered the JDBC driver [org.postgresql.Driver] but failed to unregister it when the web application was stopped. To prevent a memory leak, the JDBC Driver has been forcibly unregistered.
15-Mar-2021 12:38:30.811 INFORMAÇÕES [http-nio-8001-exec-113] org.apache.catalina.startup.HostConfig.undeploy Undeploying context [/tasks-backend]
15-Mar-2021 12:38:31.641 INFORMAÇÕES [http-nio-8001-exec-120] org.apache.catalina.startup.HostConfig.deployWAR Deploying web application archive [C:\Users\hpadmin\Desktop\devops\apache-tomcat\webapps\tasks-backend.war]
15-Mar-2021 12:38:57.083 INFORMAÇÕES [http-nio-8001-exec-120] org.apache.jasper.servlet.TldScanner.scanJars At least one JAR was scanned for TLDs yet contained no TLDs. Enable debug logging for this logger for a complete list of JARs that were scanned but no TLDs were found in them. Skipping unneeded JARs during scanning can improve startup time and JSP compilation time.
15-Mar-2021 12:38:57.118 INFORMAÇÕES [http-nio-8001-exec-120] org.apache.catalina.startup.HostConfig.deployWAR Deployment of web application archive [C:\Users\hpadmin\Desktop\devops\apache-tomcat\webapps\tasks-backend.war] has finished in [25,476] ms
15-Mar-2021 13:18:42.866 ADVERTÊNCIA [http-nio-8001-exec-123] org.apache.catalina.loader.WebappClassLoaderBase.clearReferencesJdbc The web application [tasks-backend] registered the JDBC driver [org.postgresql.Driver] but failed to unregister it when the web application was stopped. To prevent a memory leak, the JDBC Driver has been forcibly unregistered.
15-Mar-2021 13:18:44.627 INFORMAÇÕES [http-nio-8001-exec-123] org.apache.catalina.startup.HostConfig.undeploy Undeploying context [/tasks-backend]
15-Mar-2021 13:18:45.968 INFORMAÇÕES [http-nio-8001-exec-122] org.apache.catalina.startup.HostConfig.deployWAR Deploying web application archive [C:\Users\hpadmin\Desktop\devops\apache-tomcat\webapps\tasks-backend.war]
15-Mar-2021 13:19:19.646 INFORMAÇÕES [http-nio-8001-exec-122] org.apache.jasper.servlet.TldScanner.scanJars At least one JAR was scanned for TLDs yet contained no TLDs. Enable debug logging for this logger for a complete list of JARs that were scanned but no TLDs were found in them. Skipping unneeded JARs during scanning can improve startup time and JSP compilation time.
15-Mar-2021 13:19:19.726 INFORMAÇÕES [http-nio-8001-exec-122] org.apache.catalina.startup.HostConfig.deployWAR Deployment of web application archive [C:\Users\hpadmin\Desktop\devops\apache-tomcat\webapps\tasks-backend.war] has finished in [33,757] ms
15-Mar-2021 13:20:18.026 INFORMAÇÕES [http-nio-8001-exec-137] org.apache.catalina.startup.HostConfig.undeploy Undeploying context [/tasks]
15-Mar-2021 13:20:18.755 INFORMAÇÕES [http-nio-8001-exec-136] org.apache.catalina.startup.HostConfig.deployWAR Deploying web application archive [C:\Users\hpadmin\Desktop\devops\apache-tomcat\webapps\tasks.war]
15-Mar-2021 13:20:34.826 INFORMAÇÕES [http-nio-8001-exec-136] org.apache.jasper.servlet.TldScanner.scanJars At least one JAR was scanned for TLDs yet contained no TLDs. Enable debug logging for this logger for a complete list of JARs that were scanned but no TLDs were found in them. Skipping unneeded JARs during scanning can improve startup time and JSP compilation time.
15-Mar-2021 13:20:34.867 INFORMAÇÕES [http-nio-8001-exec-136] org.apache.catalina.startup.HostConfig.deployWAR Deployment of web application archive [C:\Users\hpadmin\Desktop\devops\apache-tomcat\webapps\tasks.war] has finished in [16,112] ms
15-Mar-2021 13:21:42.779 INFORMAÇÕES [http-nio-8001-exec-141] org.apache.catalina.startup.HostConfig.undeploy Undeploying context [/tasks]
15-Mar-2021 13:21:45.499 ADVERTÊNCIA [http-nio-8001-exec-140] org.apache.catalina.loader.WebappClassLoaderBase.clearReferencesJdbc The web application [tasks-backend] registered the JDBC driver [org.postgresql.Driver] but failed to unregister it when the web application was stopped. To prevent a memory leak, the JDBC Driver has been forcibly unregistered.
15-Mar-2021 13:21:46.220 INFORMAÇÕES [http-nio-8001-exec-140] org.apache.catalina.startup.HostConfig.undeploy Undeploying context [/tasks-backend]
15-Mar-2021 13:22:38.884 INFORMAÇÕES [http-nio-8001-exec-143] org.apache.catalina.startup.HostConfig.deployWAR Deploying web application archive [C:\Users\hpadmin\Desktop\devops\apache-tomcat\webapps\tasks-backend.war]
15-Mar-2021 13:23:12.083 INFORMAÇÕES [http-nio-8001-exec-143] org.apache.jasper.servlet.TldScanner.scanJars At least one JAR was scanned for TLDs yet contained no TLDs. Enable debug logging for this logger for a complete list of JARs that were scanned but no TLDs were found in them. Skipping unneeded JARs during scanning can improve startup time and JSP compilation time.
15-Mar-2021 13:23:12.114 INFORMAÇÕES [http-nio-8001-exec-143] org.apache.catalina.startup.HostConfig.deployWAR Deployment of web application archive [C:\Users\hpadmin\Desktop\devops\apache-tomcat\webapps\tasks-backend.war] has finished in [33,230] ms
15-Mar-2021 13:24:05.860 INFORMAÇÕES [http-nio-8001-exec-152] org.apache.catalina.startup.HostConfig.deployWAR Deploying web application archive [C:\Users\hpadmin\Desktop\devops\apache-tomcat\webapps\tasks.war]
15-Mar-2021 13:24:08.631 ADVERTÊNCIA [http-nio-8001-exec-153] org.apache.catalina.loader.WebappClassLoaderBase.clearReferencesJdbc The web application [tasks-backend] registered the JDBC driver [org.postgresql.Driver] but failed to unregister it when the web application was stopped. To prevent a memory leak, the JDBC Driver has been forcibly unregistered.
15-Mar-2021 13:24:09.514 INFORMAÇÕES [http-nio-8001-exec-153] org.apache.catalina.startup.HostConfig.undeploy Undeploying context [/tasks-backend]
15-Mar-2021 13:24:20.170 INFORMAÇÕES [http-nio-8001-exec-152] org.apache.jasper.servlet.TldScanner.scanJars At least one JAR was scanned for TLDs yet contained no TLDs. Enable debug logging for this logger for a complete list of JARs that were scanned but no TLDs were found in them. Skipping unneeded JARs during scanning can improve startup time and JSP compilation time.
15-Mar-2021 13:24:20.185 INFORMAÇÕES [http-nio-8001-exec-152] org.apache.catalina.startup.HostConfig.deployWAR Deployment of web application archive [C:\Users\hpadmin\Desktop\devops\apache-tomcat\webapps\tasks.war] has finished in [14,325] ms
15-Mar-2021 13:28:09.940 INFORMAÇÕES [http-nio-8001-exec-161] org.apache.catalina.startup.HostConfig.deployWAR Deploying web application archive [C:\Users\hpadmin\Desktop\devops\apache-tomcat\webapps\tasks-backend.war]
15-Mar-2021 13:28:42.740 INFORMAÇÕES [http-nio-8001-exec-161] org.apache.jasper.servlet.TldScanner.scanJars At least one JAR was scanned for TLDs yet contained no TLDs. Enable debug logging for this logger for a complete list of JARs that were scanned but no TLDs were found in them. Skipping unneeded JARs during scanning can improve startup time and JSP compilation time.
15-Mar-2021 13:28:42.762 INFORMAÇÕES [http-nio-8001-exec-161] org.apache.catalina.startup.HostConfig.deployWAR Deployment of web application archive [C:\Users\hpadmin\Desktop\devops\apache-tomcat\webapps\tasks-backend.war] has finished in [32,819] ms
15-Mar-2021 13:29:37.081 INFORMAÇÕES [http-nio-8001-exec-161] org.apache.catalina.startup.HostConfig.undeploy Undeploying context [/tasks]
15-Mar-2021 13:29:38.091 INFORMAÇÕES [http-nio-8001-exec-161] org.apache.catalina.startup.HostConfig.deployWAR Deploying web application archive [C:\Users\hpadmin\Desktop\devops\apache-tomcat\webapps\tasks.war]
15-Mar-2021 13:29:53.648 INFORMAÇÕES [http-nio-8001-exec-161] org.apache.jasper.servlet.TldScanner.scanJars At least one JAR was scanned for TLDs yet contained no TLDs. Enable debug logging for this logger for a complete list of JARs that were scanned but no TLDs were found in them. Skipping unneeded JARs during scanning can improve startup time and JSP compilation time.
15-Mar-2021 13:29:53.673 INFORMAÇÕES [http-nio-8001-exec-161] org.apache.catalina.startup.HostConfig.deployWAR Deployment of web application archive [C:\Users\hpadmin\Desktop\devops\apache-tomcat\webapps\tasks.war] has finished in [15,582] ms
15-Mar-2021 16:47:38.054 ADVERTÊNCIA [http-nio-8001-exec-175] org.apache.catalina.loader.WebappClassLoaderBase.clearReferencesJdbc The web application [tasks-backend] registered the JDBC driver [org.postgresql.Driver] but failed to unregister it when the web application was stopped. To prevent a memory leak, the JDBC Driver has been forcibly unregistered.
15-Mar-2021 16:47:39.045 INFORMAÇÕES [http-nio-8001-exec-175] org.apache.catalina.startup.HostConfig.undeploy Undeploying context [/tasks-backend]
15-Mar-2021 16:47:40.631 INFORMAÇÕES [http-nio-8001-exec-168] org.apache.catalina.startup.HostConfig.deployWAR Deploying web application archive [C:\Users\hpadmin\Desktop\devops\apache-tomcat\webapps\tasks-backend.war]
15-Mar-2021 16:48:20.850 INFORMAÇÕES [http-nio-8001-exec-168] org.apache.jasper.servlet.TldScanner.scanJars At least one JAR was scanned for TLDs yet contained no TLDs. Enable debug logging for this logger for a complete list of JARs that were scanned but no TLDs were found in them. Skipping unneeded JARs during scanning can improve startup time and JSP compilation time.
15-Mar-2021 16:48:20.928 INFORMAÇÕES [http-nio-8001-exec-168] org.apache.catalina.startup.HostConfig.deployWAR Deployment of web application archive [C:\Users\hpadmin\Desktop\devops\apache-tomcat\webapps\tasks-backend.war] has finished in [40,297] ms
15-Mar-2021 16:49:19.351 INFORMAÇÕES [http-nio-8001-exec-174] org.apache.catalina.startup.HostConfig.undeploy Undeploying context [/tasks]
15-Mar-2021 16:49:20.401 INFORMAÇÕES [http-nio-8001-exec-180] org.apache.catalina.startup.HostConfig.deployWAR Deploying web application archive [C:\Users\hpadmin\Desktop\devops\apache-tomcat\webapps\tasks.war]
15-Mar-2021 16:49:43.548 INFORMAÇÕES [http-nio-8001-exec-180] org.apache.jasper.servlet.TldScanner.scanJars At least one JAR was scanned for TLDs yet contained no TLDs. Enable debug logging for this logger for a complete list of JARs that were scanned but no TLDs were found in them. Skipping unneeded JARs during scanning can improve startup time and JSP compilation time.
15-Mar-2021 16:49:43.580 INFORMAÇÕES [http-nio-8001-exec-180] org.apache.catalina.startup.HostConfig.deployWAR Deployment of web application archive [C:\Users\hpadmin\Desktop\devops\apache-tomcat\webapps\tasks.war] has finished in [23,178] ms
15-Mar-2021 17:41:50.958 ADVERTÊNCIA [http-nio-8001-exec-184] org.apache.catalina.loader.WebappClassLoaderBase.clearReferencesJdbc The web application [tasks-backend] registered the JDBC driver [org.postgresql.Driver] but failed to unregister it when the web application was stopped. To prevent a memory leak, the JDBC Driver has been forcibly unregistered.
15-Mar-2021 17:41:51.818 INFORMAÇÕES [http-nio-8001-exec-184] org.apache.catalina.startup.HostConfig.undeploy Undeploying context [/tasks-backend]
15-Mar-2021 17:41:53.611 INFORMAÇÕES [http-nio-8001-exec-186] org.apache.catalina.startup.HostConfig.deployWAR Deploying web application archive [C:\Users\hpadmin\Desktop\devops\apache-tomcat\webapps\tasks-backend.war]
15-Mar-2021 17:43:34.855 INFORMAÇÕES [http-nio-8001-exec-186] org.apache.jasper.servlet.TldScanner.scanJars At least one JAR was scanned for TLDs yet contained no TLDs. Enable debug logging for this logger for a complete list of JARs that were scanned but no TLDs were found in them. Skipping unneeded JARs during scanning can improve startup time and JSP compilation time.
15-Mar-2021 17:43:35.073 INFORMAÇÕES [http-nio-8001-exec-186] org.apache.catalina.startup.HostConfig.deployWAR Deployment of web application archive [C:\Users\hpadmin\Desktop\devops\apache-tomcat\webapps\tasks-backend.war] has finished in [101,460] ms
15-Mar-2021 17:45:09.872 INFORMAÇÕES [http-nio-8001-exec-194] org.apache.catalina.startup.HostConfig.undeploy Undeploying context [/tasks]
15-Mar-2021 17:45:10.861 INFORMAÇÕES [http-nio-8001-exec-195] org.apache.catalina.startup.HostConfig.deployWAR Deploying web application archive [C:\Users\hpadmin\Desktop\devops\apache-tomcat\webapps\tasks.war]
15-Mar-2021 17:45:39.671 INFORMAÇÕES [http-nio-8001-exec-195] org.apache.jasper.servlet.TldScanner.scanJars At least one JAR was scanned for TLDs yet contained no TLDs. Enable debug logging for this logger for a complete list of JARs that were scanned but no TLDs were found in them. Skipping unneeded JARs during scanning can improve startup time and JSP compilation time.
15-Mar-2021 17:45:39.727 INFORMAÇÕES [http-nio-8001-exec-195] org.apache.catalina.startup.HostConfig.deployWAR Deployment of web application archive [C:\Users\hpadmin\Desktop\devops\apache-tomcat\webapps\tasks.war] has finished in [28,865] ms
