10-Mar-2021 12:28:26.292 ADVERTÊNCIA [http-nio-8001-exec-3] org.apache.catalina.loader.WebappClassLoaderBase.clearReferencesJdbc The web application [tasks-backend] registered the JDBC driver [org.postgresql.Driver] but failed to unregister it when the web application was stopped. To prevent a memory leak, the JDBC Driver has been forcibly unregistered.
10-Mar-2021 12:28:27.248 INFORMAÇÕES [http-nio-8001-exec-3] org.apache.catalina.startup.HostConfig.undeploy Undeploying context [/tasks-backend]
10-Mar-2021 12:29:57.673 INFORMAÇÕES [http-nio-8001-exec-1] org.apache.catalina.startup.HostConfig.deployWAR Deploying web application archive [C:\Users\hpadmin\Desktop\devops\apache-tomcat\webapps\tasks-backend.war]
10-Mar-2021 12:30:31.599 INFORMAÇÕES [http-nio-8001-exec-1] org.apache.jasper.servlet.TldScanner.scanJars At least one JAR was scanned for TLDs yet contained no TLDs. Enable debug logging for this logger for a complete list of JARs that were scanned but no TLDs were found in them. Skipping unneeded JARs during scanning can improve startup time and JSP compilation time.
10-Mar-2021 12:30:31.623 INFORMAÇÕES [http-nio-8001-exec-1] org.apache.catalina.startup.HostConfig.deployWAR Deployment of web application archive [C:\Users\hpadmin\Desktop\devops\apache-tomcat\webapps\tasks-backend.war] has finished in [33,949] ms
10-Mar-2021 12:38:33.744 INFORMAÇÕES [http-nio-8001-exec-20] org.apache.catalina.startup.HostConfig.undeploy Undeploying context [/tasks]
10-Mar-2021 12:40:54.910 INFORMAÇÕES [http-nio-8001-exec-22] org.apache.catalina.startup.HostConfig.deployWAR Deploying web application archive [C:\Users\hpadmin\Desktop\devops\apache-tomcat\webapps\tasks.war]
10-Mar-2021 12:41:11.592 INFORMAÇÕES [http-nio-8001-exec-22] org.apache.jasper.servlet.TldScanner.scanJars At least one JAR was scanned for TLDs yet contained no TLDs. Enable debug logging for this logger for a complete list of JARs that were scanned but no TLDs were found in them. Skipping unneeded JARs during scanning can improve startup time and JSP compilation time.
10-Mar-2021 12:41:11.654 INFORMAÇÕES [http-nio-8001-exec-22] org.apache.catalina.startup.HostConfig.deployWAR Deployment of web application archive [C:\Users\hpadmin\Desktop\devops\apache-tomcat\webapps\tasks.war] has finished in [16,743] ms
10-Mar-2021 12:46:18.737 INFORMAÇÕES [http-nio-8001-exec-25] org.apache.catalina.startup.HostConfig.undeploy Undeploying context [/tasks]
10-Mar-2021 12:46:19.395 INFORMAÇÕES [http-nio-8001-exec-24] org.apache.catalina.startup.HostConfig.deployWAR Deploying web application archive [C:\Users\hpadmin\Desktop\devops\apache-tomcat\webapps\tasks.war]
10-Mar-2021 12:46:36.950 INFORMAÇÕES [http-nio-8001-exec-24] org.apache.jasper.servlet.TldScanner.scanJars At least one JAR was scanned for TLDs yet contained no TLDs. Enable debug logging for this logger for a complete list of JARs that were scanned but no TLDs were found in them. Skipping unneeded JARs during scanning can improve startup time and JSP compilation time.
10-Mar-2021 12:46:37.019 INFORMAÇÕES [http-nio-8001-exec-24] org.apache.catalina.startup.HostConfig.deployWAR Deployment of web application archive [C:\Users\hpadmin\Desktop\devops\apache-tomcat\webapps\tasks.war] has finished in [17,624] ms
10-Mar-2021 12:47:11.370 INFORMAÇÕES [http-nio-8001-exec-23] org.apache.catalina.startup.HostConfig.undeploy Undeploying context [/tasks]
10-Mar-2021 12:47:11.740 INFORMAÇÕES [http-nio-8001-exec-23] org.apache.catalina.startup.HostConfig.deployWAR Deploying web application archive [C:\Users\hpadmin\Desktop\devops\apache-tomcat\webapps\tasks.war]
10-Mar-2021 12:47:22.146 INFORMAÇÕES [http-nio-8001-exec-23] org.apache.jasper.servlet.TldScanner.scanJars At least one JAR was scanned for TLDs yet contained no TLDs. Enable debug logging for this logger for a complete list of JARs that were scanned but no TLDs were found in them. Skipping unneeded JARs during scanning can improve startup time and JSP compilation time.
10-Mar-2021 12:47:22.161 INFORMAÇÕES [http-nio-8001-exec-23] org.apache.catalina.startup.HostConfig.deployWAR Deployment of web application archive [C:\Users\hpadmin\Desktop\devops\apache-tomcat\webapps\tasks.war] has finished in [10,420] ms
10-Mar-2021 12:48:08.671 INFORMAÇÕES [http-nio-8001-exec-33] org.apache.catalina.startup.HostConfig.undeploy Undeploying context [/tasks]
10-Mar-2021 12:48:09.073 INFORMAÇÕES [http-nio-8001-exec-35] org.apache.catalina.startup.HostConfig.deployWAR Deploying web application archive [C:\Users\hpadmin\Desktop\devops\apache-tomcat\webapps\tasks.war]
10-Mar-2021 12:48:18.605 INFORMAÇÕES [http-nio-8001-exec-35] org.apache.jasper.servlet.TldScanner.scanJars At least one JAR was scanned for TLDs yet contained no TLDs. Enable debug logging for this logger for a complete list of JARs that were scanned but no TLDs were found in them. Skipping unneeded JARs during scanning can improve startup time and JSP compilation time.
10-Mar-2021 12:48:18.621 INFORMAÇÕES [http-nio-8001-exec-35] org.apache.catalina.startup.HostConfig.deployWAR Deployment of web application archive [C:\Users\hpadmin\Desktop\devops\apache-tomcat\webapps\tasks.war] has finished in [9,548] ms
10-Mar-2021 12:49:06.332 INFORMAÇÕES [http-nio-8001-exec-26] org.apache.catalina.startup.HostConfig.undeploy Undeploying context [/tasks]
10-Mar-2021 12:49:06.649 INFORMAÇÕES [http-nio-8001-exec-39] org.apache.catalina.startup.HostConfig.deployWAR Deploying web application archive [C:\Users\hpadmin\Desktop\devops\apache-tomcat\webapps\tasks.war]
10-Mar-2021 12:49:15.817 INFORMAÇÕES [http-nio-8001-exec-39] org.apache.jasper.servlet.TldScanner.scanJars At least one JAR was scanned for TLDs yet contained no TLDs. Enable debug logging for this logger for a complete list of JARs that were scanned but no TLDs were found in them. Skipping unneeded JARs during scanning can improve startup time and JSP compilation time.
10-Mar-2021 12:49:15.832 INFORMAÇÕES [http-nio-8001-exec-39] org.apache.catalina.startup.HostConfig.deployWAR Deployment of web application archive [C:\Users\hpadmin\Desktop\devops\apache-tomcat\webapps\tasks.war] has finished in [9,168] ms
10-Mar-2021 12:50:06.943 INFORMAÇÕES [http-nio-8001-exec-42] org.apache.catalina.startup.HostConfig.undeploy Undeploying context [/tasks]
10-Mar-2021 12:50:07.308 INFORMAÇÕES [http-nio-8001-exec-43] org.apache.catalina.startup.HostConfig.deployWAR Deploying web application archive [C:\Users\hpadmin\Desktop\devops\apache-tomcat\webapps\tasks.war]
10-Mar-2021 12:50:16.272 INFORMAÇÕES [http-nio-8001-exec-43] org.apache.jasper.servlet.TldScanner.scanJars At least one JAR was scanned for TLDs yet contained no TLDs. Enable debug logging for this logger for a complete list of JARs that were scanned but no TLDs were found in them. Skipping unneeded JARs during scanning can improve startup time and JSP compilation time.
10-Mar-2021 12:50:16.276 INFORMAÇÕES [http-nio-8001-exec-43] org.apache.catalina.startup.HostConfig.deployWAR Deployment of web application archive [C:\Users\hpadmin\Desktop\devops\apache-tomcat\webapps\tasks.war] has finished in [8,968] ms
10-Mar-2021 12:51:06.986 INFORMAÇÕES [http-nio-8001-exec-27] org.apache.catalina.startup.HostConfig.undeploy Undeploying context [/tasks]
10-Mar-2021 12:51:07.332 INFORMAÇÕES [http-nio-8001-exec-46] org.apache.catalina.startup.HostConfig.deployWAR Deploying web application archive [C:\Users\hpadmin\Desktop\devops\apache-tomcat\webapps\tasks.war]
10-Mar-2021 12:51:16.416 INFORMAÇÕES [http-nio-8001-exec-46] org.apache.jasper.servlet.TldScanner.scanJars At least one JAR was scanned for TLDs yet contained no TLDs. Enable debug logging for this logger for a complete list of JARs that were scanned but no TLDs were found in them. Skipping unneeded JARs during scanning can improve startup time and JSP compilation time.
10-Mar-2021 12:51:16.459 INFORMAÇÕES [http-nio-8001-exec-46] org.apache.catalina.startup.HostConfig.deployWAR Deployment of web application archive [C:\Users\hpadmin\Desktop\devops\apache-tomcat\webapps\tasks.war] has finished in [9,127] ms
10-Mar-2021 12:52:07.595 INFORMAÇÕES [http-nio-8001-exec-49] org.apache.catalina.startup.HostConfig.undeploy Undeploying context [/tasks]
10-Mar-2021 12:52:07.978 INFORMAÇÕES [http-nio-8001-exec-49] org.apache.catalina.startup.HostConfig.deployWAR Deploying web application archive [C:\Users\hpadmin\Desktop\devops\apache-tomcat\webapps\tasks.war]
10-Mar-2021 12:52:16.732 INFORMAÇÕES [http-nio-8001-exec-49] org.apache.jasper.servlet.TldScanner.scanJars At least one JAR was scanned for TLDs yet contained no TLDs. Enable debug logging for this logger for a complete list of JARs that were scanned but no TLDs were found in them. Skipping unneeded JARs during scanning can improve startup time and JSP compilation time.
10-Mar-2021 12:52:16.747 INFORMAÇÕES [http-nio-8001-exec-49] org.apache.catalina.startup.HostConfig.deployWAR Deployment of web application archive [C:\Users\hpadmin\Desktop\devops\apache-tomcat\webapps\tasks.war] has finished in [8,769] ms
10-Mar-2021 12:53:06.648 INFORMAÇÕES [http-nio-8001-exec-27] org.apache.catalina.startup.HostConfig.undeploy Undeploying context [/tasks]
10-Mar-2021 12:53:06.992 INFORMAÇÕES [http-nio-8001-exec-48] org.apache.catalina.startup.HostConfig.deployWAR Deploying web application archive [C:\Users\hpadmin\Desktop\devops\apache-tomcat\webapps\tasks.war]
10-Mar-2021 12:53:15.874 INFORMAÇÕES [http-nio-8001-exec-48] org.apache.jasper.servlet.TldScanner.scanJars At least one JAR was scanned for TLDs yet contained no TLDs. Enable debug logging for this logger for a complete list of JARs that were scanned but no TLDs were found in them. Skipping unneeded JARs during scanning can improve startup time and JSP compilation time.
10-Mar-2021 12:53:15.890 INFORMAÇÕES [http-nio-8001-exec-48] org.apache.catalina.startup.HostConfig.deployWAR Deployment of web application archive [C:\Users\hpadmin\Desktop\devops\apache-tomcat\webapps\tasks.war] has finished in [8,898] ms
10-Mar-2021 12:54:06.240 INFORMAÇÕES [http-nio-8001-exec-47] org.apache.catalina.startup.HostConfig.undeploy Undeploying context [/tasks]
10-Mar-2021 12:54:06.574 INFORMAÇÕES [http-nio-8001-exec-54] org.apache.catalina.startup.HostConfig.deployWAR Deploying web application archive [C:\Users\hpadmin\Desktop\devops\apache-tomcat\webapps\tasks.war]
10-Mar-2021 12:54:16.070 INFORMAÇÕES [http-nio-8001-exec-54] org.apache.jasper.servlet.TldScanner.scanJars At least one JAR was scanned for TLDs yet contained no TLDs. Enable debug logging for this logger for a complete list of JARs that were scanned but no TLDs were found in them. Skipping unneeded JARs during scanning can improve startup time and JSP compilation time.
10-Mar-2021 12:54:16.085 INFORMAÇÕES [http-nio-8001-exec-54] org.apache.catalina.startup.HostConfig.deployWAR Deployment of web application archive [C:\Users\hpadmin\Desktop\devops\apache-tomcat\webapps\tasks.war] has finished in [9,511] ms
10-Mar-2021 12:55:12.627 INFORMAÇÕES [http-nio-8001-exec-58] org.apache.catalina.startup.HostConfig.undeploy Undeploying context [/tasks]
10-Mar-2021 12:55:13.039 INFORMAÇÕES [http-nio-8001-exec-55] org.apache.catalina.startup.HostConfig.deployWAR Deploying web application archive [C:\Users\hpadmin\Desktop\devops\apache-tomcat\webapps\tasks.war]
10-Mar-2021 12:55:22.340 INFORMAÇÕES [http-nio-8001-exec-55] org.apache.jasper.servlet.TldScanner.scanJars At least one JAR was scanned for TLDs yet contained no TLDs. Enable debug logging for this logger for a complete list of JARs that were scanned but no TLDs were found in them. Skipping unneeded JARs during scanning can improve startup time and JSP compilation time.
10-Mar-2021 12:55:22.359 INFORMAÇÕES [http-nio-8001-exec-55] org.apache.catalina.startup.HostConfig.deployWAR Deployment of web application archive [C:\Users\hpadmin\Desktop\devops\apache-tomcat\webapps\tasks.war] has finished in [9,320] ms
10-Mar-2021 12:56:12.640 INFORMAÇÕES [http-nio-8001-exec-61] org.apache.catalina.startup.HostConfig.undeploy Undeploying context [/tasks]
10-Mar-2021 12:56:13.231 INFORMAÇÕES [http-nio-8001-exec-53] org.apache.catalina.startup.HostConfig.deployWAR Deploying web application archive [C:\Users\hpadmin\Desktop\devops\apache-tomcat\webapps\tasks.war]
10-Mar-2021 12:56:23.657 INFORMAÇÕES [http-nio-8001-exec-53] org.apache.jasper.servlet.TldScanner.scanJars At least one JAR was scanned for TLDs yet contained no TLDs. Enable debug logging for this logger for a complete list of JARs that were scanned but no TLDs were found in them. Skipping unneeded JARs during scanning can improve startup time and JSP compilation time.
10-Mar-2021 12:56:23.676 INFORMAÇÕES [http-nio-8001-exec-53] org.apache.catalina.startup.HostConfig.deployWAR Deployment of web application archive [C:\Users\hpadmin\Desktop\devops\apache-tomcat\webapps\tasks.war] has finished in [10,444] ms
10-Mar-2021 12:57:11.231 INFORMAÇÕES [http-nio-8001-exec-34] org.apache.catalina.startup.HostConfig.undeploy Undeploying context [/tasks]
10-Mar-2021 12:57:11.631 INFORMAÇÕES [http-nio-8001-exec-64] org.apache.catalina.startup.HostConfig.deployWAR Deploying web application archive [C:\Users\hpadmin\Desktop\devops\apache-tomcat\webapps\tasks.war]
10-Mar-2021 12:57:22.208 INFORMAÇÕES [http-nio-8001-exec-64] org.apache.jasper.servlet.TldScanner.scanJars At least one JAR was scanned for TLDs yet contained no TLDs. Enable debug logging for this logger for a complete list of JARs that were scanned but no TLDs were found in them. Skipping unneeded JARs during scanning can improve startup time and JSP compilation time.
10-Mar-2021 12:57:22.224 INFORMAÇÕES [http-nio-8001-exec-64] org.apache.catalina.startup.HostConfig.deployWAR Deployment of web application archive [C:\Users\hpadmin\Desktop\devops\apache-tomcat\webapps\tasks.war] has finished in [10,594] ms
10-Mar-2021 12:58:10.202 INFORMAÇÕES [http-nio-8001-exec-66] org.apache.catalina.startup.HostConfig.undeploy Undeploying context [/tasks]
10-Mar-2021 12:58:10.795 INFORMAÇÕES [http-nio-8001-exec-65] org.apache.catalina.startup.HostConfig.deployWAR Deploying web application archive [C:\Users\hpadmin\Desktop\devops\apache-tomcat\webapps\tasks.war]
10-Mar-2021 12:58:21.629 INFORMAÇÕES [http-nio-8001-exec-65] org.apache.jasper.servlet.TldScanner.scanJars At least one JAR was scanned for TLDs yet contained no TLDs. Enable debug logging for this logger for a complete list of JARs that were scanned but no TLDs were found in them. Skipping unneeded JARs during scanning can improve startup time and JSP compilation time.
10-Mar-2021 12:58:21.645 INFORMAÇÕES [http-nio-8001-exec-65] org.apache.catalina.startup.HostConfig.deployWAR Deployment of web application archive [C:\Users\hpadmin\Desktop\devops\apache-tomcat\webapps\tasks.war] has finished in [10,850] ms
10-Mar-2021 12:59:09.501 INFORMAÇÕES [http-nio-8001-exec-47] org.apache.catalina.startup.HostConfig.undeploy Undeploying context [/tasks]
10-Mar-2021 12:59:09.964 INFORMAÇÕES [http-nio-8001-exec-70] org.apache.catalina.startup.HostConfig.deployWAR Deploying web application archive [C:\Users\hpadmin\Desktop\devops\apache-tomcat\webapps\tasks.war]
10-Mar-2021 12:59:21.721 INFORMAÇÕES [http-nio-8001-exec-70] org.apache.jasper.servlet.TldScanner.scanJars At least one JAR was scanned for TLDs yet contained no TLDs. Enable debug logging for this logger for a complete list of JARs that were scanned but no TLDs were found in them. Skipping unneeded JARs during scanning can improve startup time and JSP compilation time.
10-Mar-2021 12:59:21.737 INFORMAÇÕES [http-nio-8001-exec-70] org.apache.catalina.startup.HostConfig.deployWAR Deployment of web application archive [C:\Users\hpadmin\Desktop\devops\apache-tomcat\webapps\tasks.war] has finished in [11,773] ms
10-Mar-2021 13:00:13.308 INFORMAÇÕES [http-nio-8001-exec-74] org.apache.catalina.startup.HostConfig.undeploy Undeploying context [/tasks]
10-Mar-2021 13:00:13.944 INFORMAÇÕES [http-nio-8001-exec-66] org.apache.catalina.startup.HostConfig.deployWAR Deploying web application archive [C:\Users\hpadmin\Desktop\devops\apache-tomcat\webapps\tasks.war]
10-Mar-2021 13:00:30.179 INFORMAÇÕES [http-nio-8001-exec-66] org.apache.jasper.servlet.TldScanner.scanJars At least one JAR was scanned for TLDs yet contained no TLDs. Enable debug logging for this logger for a complete list of JARs that were scanned but no TLDs were found in them. Skipping unneeded JARs during scanning can improve startup time and JSP compilation time.
10-Mar-2021 13:00:30.225 INFORMAÇÕES [http-nio-8001-exec-66] org.apache.catalina.startup.HostConfig.deployWAR Deployment of web application archive [C:\Users\hpadmin\Desktop\devops\apache-tomcat\webapps\tasks.war] has finished in [16,281] ms
10-Mar-2021 13:01:19.108 INFORMAÇÕES [http-nio-8001-exec-77] org.apache.catalina.startup.HostConfig.undeploy Undeploying context [/tasks]
10-Mar-2021 13:01:19.834 INFORMAÇÕES [http-nio-8001-exec-78] org.apache.catalina.startup.HostConfig.deployWAR Deploying web application archive [C:\Users\hpadmin\Desktop\devops\apache-tomcat\webapps\tasks.war]
10-Mar-2021 13:01:31.612 INFORMAÇÕES [http-nio-8001-exec-78] org.apache.jasper.servlet.TldScanner.scanJars At least one JAR was scanned for TLDs yet contained no TLDs. Enable debug logging for this logger for a complete list of JARs that were scanned but no TLDs were found in them. Skipping unneeded JARs during scanning can improve startup time and JSP compilation time.
10-Mar-2021 13:01:31.633 INFORMAÇÕES [http-nio-8001-exec-78] org.apache.catalina.startup.HostConfig.deployWAR Deployment of web application archive [C:\Users\hpadmin\Desktop\devops\apache-tomcat\webapps\tasks.war] has finished in [11,798] ms
10-Mar-2021 13:02:10.613 INFORMAÇÕES [http-nio-8001-exec-73] org.apache.catalina.startup.HostConfig.undeploy Undeploying context [/tasks]
10-Mar-2021 13:02:11.095 INFORMAÇÕES [http-nio-8001-exec-82] org.apache.catalina.startup.HostConfig.deployWAR Deploying web application archive [C:\Users\hpadmin\Desktop\devops\apache-tomcat\webapps\tasks.war]
10-Mar-2021 13:02:23.288 INFORMAÇÕES [http-nio-8001-exec-82] org.apache.jasper.servlet.TldScanner.scanJars At least one JAR was scanned for TLDs yet contained no TLDs. Enable debug logging for this logger for a complete list of JARs that were scanned but no TLDs were found in them. Skipping unneeded JARs during scanning can improve startup time and JSP compilation time.
10-Mar-2021 13:02:23.309 INFORMAÇÕES [http-nio-8001-exec-82] org.apache.catalina.startup.HostConfig.deployWAR Deployment of web application archive [C:\Users\hpadmin\Desktop\devops\apache-tomcat\webapps\tasks.war] has finished in [12,214] ms
10-Mar-2021 13:03:11.291 INFORMAÇÕES [http-nio-8001-exec-85] org.apache.catalina.startup.HostConfig.undeploy Undeploying context [/tasks]
10-Mar-2021 13:03:11.752 INFORMAÇÕES [http-nio-8001-exec-86] org.apache.catalina.startup.HostConfig.deployWAR Deploying web application archive [C:\Users\hpadmin\Desktop\devops\apache-tomcat\webapps\tasks.war]
10-Mar-2021 13:03:24.083 INFORMAÇÕES [http-nio-8001-exec-86] org.apache.jasper.servlet.TldScanner.scanJars At least one JAR was scanned for TLDs yet contained no TLDs. Enable debug logging for this logger for a complete list of JARs that were scanned but no TLDs were found in them. Skipping unneeded JARs during scanning can improve startup time and JSP compilation time.
10-Mar-2021 13:03:24.098 INFORMAÇÕES [http-nio-8001-exec-86] org.apache.catalina.startup.HostConfig.deployWAR Deployment of web application archive [C:\Users\hpadmin\Desktop\devops\apache-tomcat\webapps\tasks.war] has finished in [12,346] ms
10-Mar-2021 13:04:06.429 INFORMAÇÕES [http-nio-8001-exec-34] org.apache.catalina.startup.HostConfig.undeploy Undeploying context [/tasks]
10-Mar-2021 13:04:06.772 INFORMAÇÕES [http-nio-8001-exec-84] org.apache.catalina.startup.HostConfig.deployWAR Deploying web application archive [C:\Users\hpadmin\Desktop\devops\apache-tomcat\webapps\tasks.war]
10-Mar-2021 13:04:15.383 INFORMAÇÕES [http-nio-8001-exec-84] org.apache.jasper.servlet.TldScanner.scanJars At least one JAR was scanned for TLDs yet contained no TLDs. Enable debug logging for this logger for a complete list of JARs that were scanned but no TLDs were found in them. Skipping unneeded JARs during scanning can improve startup time and JSP compilation time.
10-Mar-2021 13:04:15.399 INFORMAÇÕES [http-nio-8001-exec-84] org.apache.catalina.startup.HostConfig.deployWAR Deployment of web application archive [C:\Users\hpadmin\Desktop\devops\apache-tomcat\webapps\tasks.war] has finished in [8,627] ms
10-Mar-2021 13:05:06.284 INFORMAÇÕES [http-nio-8001-exec-87] org.apache.catalina.startup.HostConfig.undeploy Undeploying context [/tasks]
10-Mar-2021 13:05:06.769 INFORMAÇÕES [http-nio-8001-exec-91] org.apache.catalina.startup.HostConfig.deployWAR Deploying web application archive [C:\Users\hpadmin\Desktop\devops\apache-tomcat\webapps\tasks.war]
10-Mar-2021 13:05:23.249 INFORMAÇÕES [http-nio-8001-exec-91] org.apache.jasper.servlet.TldScanner.scanJars At least one JAR was scanned for TLDs yet contained no TLDs. Enable debug logging for this logger for a complete list of JARs that were scanned but no TLDs were found in them. Skipping unneeded JARs during scanning can improve startup time and JSP compilation time.
10-Mar-2021 13:05:23.267 INFORMAÇÕES [http-nio-8001-exec-91] org.apache.catalina.startup.HostConfig.deployWAR Deployment of web application archive [C:\Users\hpadmin\Desktop\devops\apache-tomcat\webapps\tasks.war] has finished in [16,499] ms
10-Mar-2021 13:29:22.766 INFORMAÇÕES [http-nio-8001-exec-95] org.apache.catalina.startup.HostConfig.undeploy Undeploying context [/tasks]
10-Mar-2021 13:29:23.453 INFORMAÇÕES [http-nio-8001-exec-94] org.apache.catalina.startup.HostConfig.deployWAR Deploying web application archive [C:\Users\hpadmin\Desktop\devops\apache-tomcat\webapps\tasks.war]
10-Mar-2021 13:29:35.624 INFORMAÇÕES [http-nio-8001-exec-94] org.apache.jasper.servlet.TldScanner.scanJars At least one JAR was scanned for TLDs yet contained no TLDs. Enable debug logging for this logger for a complete list of JARs that were scanned but no TLDs were found in them. Skipping unneeded JARs during scanning can improve startup time and JSP compilation time.
10-Mar-2021 13:29:35.657 INFORMAÇÕES [http-nio-8001-exec-94] org.apache.catalina.startup.HostConfig.deployWAR Deployment of web application archive [C:\Users\hpadmin\Desktop\devops\apache-tomcat\webapps\tasks.war] has finished in [12,200] ms
10-Mar-2021 14:26:09.513 INFORMAÇÕES [http-nio-8001-exec-110] org.apache.catalina.startup.HostConfig.undeploy Undeploying context [/tasks]
10-Mar-2021 14:26:12.734 ADVERTÊNCIA [http-nio-8001-exec-108] org.apache.catalina.loader.WebappClassLoaderBase.clearReferencesJdbc The web application [tasks-backend] registered the JDBC driver [org.postgresql.Driver] but failed to unregister it when the web application was stopped. To prevent a memory leak, the JDBC Driver has been forcibly unregistered.
10-Mar-2021 14:26:13.569 INFORMAÇÕES [http-nio-8001-exec-108] org.apache.catalina.startup.HostConfig.undeploy Undeploying context [/tasks-backend]
10-Mar-2021 14:30:43.317 INFORMAÇÕES [http-nio-8001-exec-116] org.apache.catalina.startup.HostConfig.deployWAR Deploying web application archive [C:\Users\hpadmin\Desktop\devops\apache-tomcat\webapps\tasks-backend.war]
10-Mar-2021 14:31:14.130 INFORMAÇÕES [http-nio-8001-exec-116] org.apache.jasper.servlet.TldScanner.scanJars At least one JAR was scanned for TLDs yet contained no TLDs. Enable debug logging for this logger for a complete list of JARs that were scanned but no TLDs were found in them. Skipping unneeded JARs during scanning can improve startup time and JSP compilation time.
10-Mar-2021 14:31:14.192 INFORMAÇÕES [http-nio-8001-exec-116] org.apache.catalina.startup.HostConfig.deployWAR Deployment of web application archive [C:\Users\hpadmin\Desktop\devops\apache-tomcat\webapps\tasks-backend.war] has finished in [30,875] ms
10-Mar-2021 14:31:42.177 INFORMAÇÕES [http-nio-8001-exec-119] org.apache.catalina.startup.HostConfig.deployWAR Deploying web application archive [C:\Users\hpadmin\Desktop\devops\apache-tomcat\webapps\tasks.war]
10-Mar-2021 14:31:59.835 INFORMAÇÕES [http-nio-8001-exec-119] org.apache.jasper.servlet.TldScanner.scanJars At least one JAR was scanned for TLDs yet contained no TLDs. Enable debug logging for this logger for a complete list of JARs that were scanned but no TLDs were found in them. Skipping unneeded JARs during scanning can improve startup time and JSP compilation time.
10-Mar-2021 14:31:59.860 INFORMAÇÕES [http-nio-8001-exec-119] org.apache.catalina.startup.HostConfig.deployWAR Deployment of web application archive [C:\Users\hpadmin\Desktop\devops\apache-tomcat\webapps\tasks.war] has finished in [17,683] ms
10-Mar-2021 14:32:10.533 ADVERTÊNCIA [http-nio-8001-exec-120] org.apache.catalina.loader.WebappClassLoaderBase.clearReferencesJdbc The web application [tasks-backend] registered the JDBC driver [org.postgresql.Driver] but failed to unregister it when the web application was stopped. To prevent a memory leak, the JDBC Driver has been forcibly unregistered.
10-Mar-2021 14:32:11.507 INFORMAÇÕES [http-nio-8001-exec-120] org.apache.catalina.startup.HostConfig.undeploy Undeploying context [/tasks-backend]
10-Mar-2021 14:32:47.317 INFORMAÇÕES [http-nio-8001-exec-117] org.apache.catalina.startup.HostConfig.deployWAR Deploying web application archive [C:\Users\hpadmin\Desktop\devops\apache-tomcat\webapps\tasks-backend.war]
10-Mar-2021 14:33:04.054 INFORMAÇÕES [http-nio-8001-exec-117] org.apache.jasper.servlet.TldScanner.scanJars At least one JAR was scanned for TLDs yet contained no TLDs. Enable debug logging for this logger for a complete list of JARs that were scanned but no TLDs were found in them. Skipping unneeded JARs during scanning can improve startup time and JSP compilation time.
10-Mar-2021 14:33:04.074 INFORMAÇÕES [http-nio-8001-exec-117] org.apache.catalina.startup.HostConfig.deployWAR Deployment of web application archive [C:\Users\hpadmin\Desktop\devops\apache-tomcat\webapps\tasks-backend.war] has finished in [16,757] ms
10-Mar-2021 14:33:32.098 INFORMAÇÕES [http-nio-8001-exec-129] org.apache.catalina.startup.HostConfig.undeploy Undeploying context [/tasks]
10-Mar-2021 14:33:32.810 INFORMAÇÕES [http-nio-8001-exec-125] org.apache.catalina.startup.HostConfig.deployWAR Deploying web application archive [C:\Users\hpadmin\Desktop\devops\apache-tomcat\webapps\tasks.war]
10-Mar-2021 14:33:46.161 INFORMAÇÕES [http-nio-8001-exec-125] org.apache.jasper.servlet.TldScanner.scanJars At least one JAR was scanned for TLDs yet contained no TLDs. Enable debug logging for this logger for a complete list of JARs that were scanned but no TLDs were found in them. Skipping unneeded JARs during scanning can improve startup time and JSP compilation time.
10-Mar-2021 14:33:46.186 INFORMAÇÕES [http-nio-8001-exec-125] org.apache.catalina.startup.HostConfig.deployWAR Deployment of web application archive [C:\Users\hpadmin\Desktop\devops\apache-tomcat\webapps\tasks.war] has finished in [13,376] ms
10-Mar-2021 14:34:23.085 ADVERTÊNCIA [http-nio-8001-exec-123] org.apache.catalina.loader.WebappClassLoaderBase.clearReferencesJdbc The web application [tasks-backend] registered the JDBC driver [org.postgresql.Driver] but failed to unregister it when the web application was stopped. To prevent a memory leak, the JDBC Driver has been forcibly unregistered.
10-Mar-2021 14:34:23.972 INFORMAÇÕES [http-nio-8001-exec-123] org.apache.catalina.startup.HostConfig.undeploy Undeploying context [/tasks-backend]
10-Mar-2021 14:34:27.312 INFORMAÇÕES [http-nio-8001-exec-128] org.apache.catalina.startup.HostConfig.undeploy Undeploying context [/tasks]
10-Mar-2021 14:34:48.078 INFORMAÇÕES [http-nio-8001-exec-126] org.apache.catalina.startup.HostConfig.deployWAR Deploying web application archive [C:\Users\hpadmin\Desktop\devops\apache-tomcat\webapps\tasks-backend.war]
10-Mar-2021 14:35:15.968 INFORMAÇÕES [http-nio-8001-exec-126] org.apache.jasper.servlet.TldScanner.scanJars At least one JAR was scanned for TLDs yet contained no TLDs. Enable debug logging for this logger for a complete list of JARs that were scanned but no TLDs were found in them. Skipping unneeded JARs during scanning can improve startup time and JSP compilation time.
10-Mar-2021 14:35:15.997 INFORMAÇÕES [http-nio-8001-exec-126] org.apache.catalina.startup.HostConfig.deployWAR Deployment of web application archive [C:\Users\hpadmin\Desktop\devops\apache-tomcat\webapps\tasks-backend.war] has finished in [27,919] ms
10-Mar-2021 14:35:48.607 INFORMAÇÕES [http-nio-8001-exec-139] org.apache.catalina.startup.HostConfig.deployWAR Deploying web application archive [C:\Users\hpadmin\Desktop\devops\apache-tomcat\webapps\tasks.war]
10-Mar-2021 14:36:04.644 INFORMAÇÕES [http-nio-8001-exec-139] org.apache.jasper.servlet.TldScanner.scanJars At least one JAR was scanned for TLDs yet contained no TLDs. Enable debug logging for this logger for a complete list of JARs that were scanned but no TLDs were found in them. Skipping unneeded JARs during scanning can improve startup time and JSP compilation time.
10-Mar-2021 14:36:04.674 INFORMAÇÕES [http-nio-8001-exec-139] org.apache.catalina.startup.HostConfig.deployWAR Deployment of web application archive [C:\Users\hpadmin\Desktop\devops\apache-tomcat\webapps\tasks.war] has finished in [16,067] ms
