12-Mar-2021 15:06:10.942 ADVERTÊNCIA [http-nio-8001-exec-57] org.apache.catalina.loader.WebappClassLoaderBase.clearReferencesJdbc The web application [tasks-backend] registered the JDBC driver [org.postgresql.Driver] but failed to unregister it when the web application was stopped. To prevent a memory leak, the JDBC Driver has been forcibly unregistered.
12-Mar-2021 15:06:12.252 INFORMAÇÕES [http-nio-8001-exec-57] org.apache.catalina.startup.HostConfig.undeploy Undeploying context [/tasks-backend]
12-Mar-2021 15:06:13.290 INFORMAÇÕES [http-nio-8001-exec-56] org.apache.catalina.startup.HostConfig.deployWAR Deploying web application archive [C:\Users\hpadmin\Desktop\devops\apache-tomcat\webapps\tasks-backend.war]
12-Mar-2021 15:06:53.617 INFORMAÇÕES [http-nio-8001-exec-56] org.apache.jasper.servlet.TldScanner.scanJars At least one JAR was scanned for TLDs yet contained no TLDs. Enable debug logging for this logger for a complete list of JARs that were scanned but no TLDs were found in them. Skipping unneeded JARs during scanning can improve startup time and JSP compilation time.
12-Mar-2021 15:06:53.662 INFORMAÇÕES [http-nio-8001-exec-56] org.apache.catalina.startup.HostConfig.deployWAR Deployment of web application archive [C:\Users\hpadmin\Desktop\devops\apache-tomcat\webapps\tasks-backend.war] has finished in [40,370] ms
12-Mar-2021 15:07:35.743 INFORMAÇÕES [http-nio-8001-exec-54] org.apache.catalina.startup.HostConfig.undeploy Undeploying context [/tasks]
12-Mar-2021 15:07:36.563 INFORMAÇÕES [http-nio-8001-exec-67] org.apache.catalina.startup.HostConfig.deployWAR Deploying web application archive [C:\Users\hpadmin\Desktop\devops\apache-tomcat\webapps\tasks.war]
12-Mar-2021 15:07:55.490 INFORMAÇÕES [http-nio-8001-exec-67] org.apache.jasper.servlet.TldScanner.scanJars At least one JAR was scanned for TLDs yet contained no TLDs. Enable debug logging for this logger for a complete list of JARs that were scanned but no TLDs were found in them. Skipping unneeded JARs during scanning can improve startup time and JSP compilation time.
12-Mar-2021 15:07:55.513 INFORMAÇÕES [http-nio-8001-exec-67] org.apache.catalina.startup.HostConfig.deployWAR Deployment of web application archive [C:\Users\hpadmin\Desktop\devops\apache-tomcat\webapps\tasks.war] has finished in [18,951] ms
12-Mar-2021 15:08:15.816 INFORMAÇÕES [http-nio-8001-exec-64] org.apache.catalina.startup.HostConfig.undeploy Undeploying context [/tasks]
12-Mar-2021 15:08:16.315 INFORMAÇÕES [http-nio-8001-exec-65] org.apache.catalina.startup.HostConfig.deployWAR Deploying web application archive [C:\Users\hpadmin\Desktop\devops\apache-tomcat\webapps\tasks.war]
12-Mar-2021 15:08:27.928 INFORMAÇÕES [http-nio-8001-exec-65] org.apache.jasper.servlet.TldScanner.scanJars At least one JAR was scanned for TLDs yet contained no TLDs. Enable debug logging for this logger for a complete list of JARs that were scanned but no TLDs were found in them. Skipping unneeded JARs during scanning can improve startup time and JSP compilation time.
12-Mar-2021 15:08:27.945 INFORMAÇÕES [http-nio-8001-exec-65] org.apache.catalina.startup.HostConfig.deployWAR Deployment of web application archive [C:\Users\hpadmin\Desktop\devops\apache-tomcat\webapps\tasks.war] has finished in [11,630] ms
12-Mar-2021 17:32:04.686 ADVERTÊNCIA [http-nio-8001-exec-77] org.apache.catalina.loader.WebappClassLoaderBase.clearReferencesJdbc The web application [tasks-backend] registered the JDBC driver [org.postgresql.Driver] but failed to unregister it when the web application was stopped. To prevent a memory leak, the JDBC Driver has been forcibly unregistered.
12-Mar-2021 17:32:05.668 INFORMAÇÕES [http-nio-8001-exec-77] org.apache.catalina.startup.HostConfig.undeploy Undeploying context [/tasks-backend]
12-Mar-2021 17:32:07.131 INFORMAÇÕES [http-nio-8001-exec-75] org.apache.catalina.startup.HostConfig.deployWAR Deploying web application archive [C:\Users\hpadmin\Desktop\devops\apache-tomcat\webapps\tasks-backend.war]
12-Mar-2021 17:32:47.362 INFORMAÇÕES [http-nio-8001-exec-75] org.apache.jasper.servlet.TldScanner.scanJars At least one JAR was scanned for TLDs yet contained no TLDs. Enable debug logging for this logger for a complete list of JARs that were scanned but no TLDs were found in them. Skipping unneeded JARs during scanning can improve startup time and JSP compilation time.
12-Mar-2021 17:32:47.384 INFORMAÇÕES [http-nio-8001-exec-75] org.apache.catalina.startup.HostConfig.deployWAR Deployment of web application archive [C:\Users\hpadmin\Desktop\devops\apache-tomcat\webapps\tasks-backend.war] has finished in [40,252] ms
12-Mar-2021 17:36:04.967 ADVERTÊNCIA [http-nio-8001-exec-83] org.apache.catalina.loader.WebappClassLoaderBase.clearReferencesJdbc The web application [tasks-backend] registered the JDBC driver [org.postgresql.Driver] but failed to unregister it when the web application was stopped. To prevent a memory leak, the JDBC Driver has been forcibly unregistered.
12-Mar-2021 17:36:05.726 INFORMAÇÕES [http-nio-8001-exec-83] org.apache.catalina.startup.HostConfig.undeploy Undeploying context [/tasks-backend]
12-Mar-2021 17:37:05.224 INFORMAÇÕES [http-nio-8001-exec-78] org.apache.catalina.startup.HostConfig.deployWAR Deploying web application archive [C:\Users\hpadmin\Desktop\devops\apache-tomcat\webapps\tasks-backend.war]
12-Mar-2021 17:37:35.846 INFORMAÇÕES [http-nio-8001-exec-78] org.apache.jasper.servlet.TldScanner.scanJars At least one JAR was scanned for TLDs yet contained no TLDs. Enable debug logging for this logger for a complete list of JARs that were scanned but no TLDs were found in them. Skipping unneeded JARs during scanning can improve startup time and JSP compilation time.
12-Mar-2021 17:37:35.925 INFORMAÇÕES [http-nio-8001-exec-78] org.apache.catalina.startup.HostConfig.deployWAR Deployment of web application archive [C:\Users\hpadmin\Desktop\devops\apache-tomcat\webapps\tasks-backend.war] has finished in [30,701] ms
12-Mar-2021 17:37:53.040 ADVERTÊNCIA [http-nio-8001-exec-89] org.apache.catalina.loader.WebappClassLoaderBase.clearReferencesJdbc The web application [tasks-backend] registered the JDBC driver [org.postgresql.Driver] but failed to unregister it when the web application was stopped. To prevent a memory leak, the JDBC Driver has been forcibly unregistered.
12-Mar-2021 17:37:53.800 INFORMAÇÕES [http-nio-8001-exec-89] org.apache.catalina.startup.HostConfig.undeploy Undeploying context [/tasks-backend]
12-Mar-2021 17:44:03.600 INFORMAÇÕES [http-nio-8001-exec-94] org.apache.catalina.startup.HostConfig.deployWAR Deploying web application archive [C:\Users\hpadmin\Desktop\devops\apache-tomcat\webapps\tasks-backend.war]
12-Mar-2021 17:44:29.228 INFORMAÇÕES [http-nio-8001-exec-94] org.apache.jasper.servlet.TldScanner.scanJars At least one JAR was scanned for TLDs yet contained no TLDs. Enable debug logging for this logger for a complete list of JARs that were scanned but no TLDs were found in them. Skipping unneeded JARs during scanning can improve startup time and JSP compilation time.
12-Mar-2021 17:44:29.263 INFORMAÇÕES [http-nio-8001-exec-94] org.apache.catalina.startup.HostConfig.deployWAR Deployment of web application archive [C:\Users\hpadmin\Desktop\devops\apache-tomcat\webapps\tasks-backend.war] has finished in [25,662] ms
12-Mar-2021 17:45:16.787 ADVERTÊNCIA [http-nio-8001-exec-96] org.apache.catalina.loader.WebappClassLoaderBase.clearReferencesJdbc The web application [tasks-backend] registered the JDBC driver [org.postgresql.Driver] but failed to unregister it when the web application was stopped. To prevent a memory leak, the JDBC Driver has been forcibly unregistered.
12-Mar-2021 17:45:17.574 INFORMAÇÕES [http-nio-8001-exec-96] org.apache.catalina.startup.HostConfig.undeploy Undeploying context [/tasks-backend]
12-Mar-2021 17:52:07.128 INFORMAÇÕES [http-nio-8001-exec-104] org.apache.catalina.startup.HostConfig.deployWAR Deploying web application archive [C:\Users\hpadmin\Desktop\devops\apache-tomcat\webapps\tasks-backend.war]
12-Mar-2021 17:52:35.052 INFORMAÇÕES [http-nio-8001-exec-104] org.apache.jasper.servlet.TldScanner.scanJars At least one JAR was scanned for TLDs yet contained no TLDs. Enable debug logging for this logger for a complete list of JARs that were scanned but no TLDs were found in them. Skipping unneeded JARs during scanning can improve startup time and JSP compilation time.
12-Mar-2021 17:52:35.091 INFORMAÇÕES [http-nio-8001-exec-104] org.apache.catalina.startup.HostConfig.deployWAR Deployment of web application archive [C:\Users\hpadmin\Desktop\devops\apache-tomcat\webapps\tasks-backend.war] has finished in [27,963] ms
