12-Mar-2021 15:06:10.073 INFORMAÇÕES [http-nio-8001-exec-57] org.apache.catalina.core.ApplicationContext.log Destroying Spring FrameworkServlet 'dispatcherServlet'
12-Mar-2021 15:06:10.110 INFORMAÇÕES [http-nio-8001-exec-57] org.apache.catalina.core.ApplicationContext.log Closing Spring root WebApplicationContext
12-Mar-2021 15:06:32.227 INFORMAÇÕES [http-nio-8001-exec-56] org.apache.catalina.core.ApplicationContext.log 2 Spring WebApplicationInitializers detected on classpath
12-Mar-2021 15:06:41.843 INFORMAÇÕES [http-nio-8001-exec-56] org.apache.catalina.core.ApplicationContext.log Initializing Spring embedded WebApplicationContext
12-Mar-2021 15:07:34.622 INFORMAÇÕES [http-nio-8001-exec-54] org.apache.catalina.core.ApplicationContext.log Destroying Spring FrameworkServlet 'dispatcherServlet'
12-Mar-2021 15:07:34.632 INFORMAÇÕES [http-nio-8001-exec-54] org.apache.catalina.core.ApplicationContext.log Closing Spring root WebApplicationContext
12-Mar-2021 15:07:34.810 INFORMAÇÕES [http-nio-8001-exec-54] org.apache.catalina.core.ApplicationContext.log Closing Spring root WebApplicationContext
12-Mar-2021 15:07:43.252 INFORMAÇÕES [http-nio-8001-exec-59] org.apache.catalina.core.ApplicationContext.log Initializing Spring DispatcherServlet 'dispatcherServlet'
12-Mar-2021 15:07:46.588 INFORMAÇÕES [http-nio-8001-exec-67] org.apache.catalina.core.ApplicationContext.log 3 Spring WebApplicationInitializers detected on classpath
12-Mar-2021 15:07:52.710 INFORMAÇÕES [http-nio-8001-exec-67] org.apache.catalina.core.ApplicationContext.log Initializing Spring embedded WebApplicationContext
12-Mar-2021 15:07:55.349 INFORMAÇÕES [http-nio-8001-exec-67] org.apache.catalina.core.ApplicationContext.log Initializing Spring embedded WebApplicationContext
12-Mar-2021 15:08:14.992 INFORMAÇÕES [http-nio-8001-exec-64] org.apache.catalina.core.ApplicationContext.log Closing Spring root WebApplicationContext
12-Mar-2021 15:08:15.027 INFORMAÇÕES [http-nio-8001-exec-64] org.apache.catalina.core.ApplicationContext.log Closing Spring root WebApplicationContext
12-Mar-2021 15:08:21.494 INFORMAÇÕES [http-nio-8001-exec-65] org.apache.catalina.core.ApplicationContext.log 3 Spring WebApplicationInitializers detected on classpath
12-Mar-2021 15:08:25.698 INFORMAÇÕES [http-nio-8001-exec-65] org.apache.catalina.core.ApplicationContext.log Initializing Spring embedded WebApplicationContext
12-Mar-2021 15:08:27.821 INFORMAÇÕES [http-nio-8001-exec-65] org.apache.catalina.core.ApplicationContext.log Initializing Spring embedded WebApplicationContext
12-Mar-2021 16:34:00.135 INFORMAÇÕES [http-nio-8001-exec-73] org.apache.catalina.core.ApplicationContext.log Initializing Spring DispatcherServlet 'dispatcherServlet'
12-Mar-2021 17:32:03.948 INFORMAÇÕES [http-nio-8001-exec-77] org.apache.catalina.core.ApplicationContext.log Destroying Spring FrameworkServlet 'dispatcherServlet'
12-Mar-2021 17:32:03.984 INFORMAÇÕES [http-nio-8001-exec-77] org.apache.catalina.core.ApplicationContext.log Closing Spring root WebApplicationContext
12-Mar-2021 17:32:23.404 INFORMAÇÕES [http-nio-8001-exec-75] org.apache.catalina.core.ApplicationContext.log 2 Spring WebApplicationInitializers detected on classpath
12-Mar-2021 17:32:31.397 INFORMAÇÕES [http-nio-8001-exec-75] org.apache.catalina.core.ApplicationContext.log Initializing Spring embedded WebApplicationContext
12-Mar-2021 17:36:01.244 INFORMAÇÕES [http-nio-8001-exec-82] org.apache.catalina.core.ApplicationContext.log Initializing Spring DispatcherServlet 'dispatcherServlet'
12-Mar-2021 17:36:04.919 INFORMAÇÕES [http-nio-8001-exec-83] org.apache.catalina.core.ApplicationContext.log Destroying Spring FrameworkServlet 'dispatcherServlet'
12-Mar-2021 17:36:04.921 INFORMAÇÕES [http-nio-8001-exec-83] org.apache.catalina.core.ApplicationContext.log Closing Spring root WebApplicationContext
12-Mar-2021 17:37:14.167 INFORMAÇÕES [http-nio-8001-exec-78] org.apache.catalina.core.ApplicationContext.log 2 Spring WebApplicationInitializers detected on classpath
12-Mar-2021 17:37:21.962 INFORMAÇÕES [http-nio-8001-exec-78] org.apache.catalina.core.ApplicationContext.log Initializing Spring embedded WebApplicationContext
12-Mar-2021 17:37:52.964 INFORMAÇÕES [http-nio-8001-exec-89] org.apache.catalina.core.ApplicationContext.log Closing Spring root WebApplicationContext
12-Mar-2021 17:44:11.885 INFORMAÇÕES [http-nio-8001-exec-94] org.apache.catalina.core.ApplicationContext.log 2 Spring WebApplicationInitializers detected on classpath
12-Mar-2021 17:44:18.108 INFORMAÇÕES [http-nio-8001-exec-94] org.apache.catalina.core.ApplicationContext.log Initializing Spring embedded WebApplicationContext
12-Mar-2021 17:45:16.705 INFORMAÇÕES [http-nio-8001-exec-96] org.apache.catalina.core.ApplicationContext.log Closing Spring root WebApplicationContext
12-Mar-2021 17:52:14.949 INFORMAÇÕES [http-nio-8001-exec-104] org.apache.catalina.core.ApplicationContext.log 2 Spring WebApplicationInitializers detected on classpath
12-Mar-2021 17:52:21.686 INFORMAÇÕES [http-nio-8001-exec-104] org.apache.catalina.core.ApplicationContext.log Initializing Spring embedded WebApplicationContext
12-Mar-2021 18:01:11.221 INFORMAÇÕES [http-nio-8001-exec-110] org.apache.catalina.core.ApplicationContext.log Initializing Spring DispatcherServlet 'dispatcherServlet'
