10-Mar-2021 12:28:25.604 INFORMAÇÕES [http-nio-8001-exec-3] org.apache.catalina.core.ApplicationContext.log Destroying Spring FrameworkServlet 'dispatcherServlet'
10-Mar-2021 12:28:25.659 INFORMAÇÕES [http-nio-8001-exec-3] org.apache.catalina.core.ApplicationContext.log Closing Spring root WebApplicationContext
10-Mar-2021 12:30:15.428 INFORMAÇÕES [http-nio-8001-exec-1] org.apache.catalina.core.ApplicationContext.log 2 Spring WebApplicationInitializers detected on classpath
10-Mar-2021 12:30:22.941 INFORMAÇÕES [http-nio-8001-exec-1] org.apache.catalina.core.ApplicationContext.log Initializing Spring embedded WebApplicationContext
10-Mar-2021 12:32:24.933 INFORMAÇÕES [http-nio-8001-exec-14] org.apache.catalina.core.ApplicationContext.log Initializing Spring DispatcherServlet 'dispatcherServlet'
10-Mar-2021 12:38:32.796 INFORMAÇÕES [http-nio-8001-exec-20] org.apache.catalina.core.ApplicationContext.log Destroying Spring FrameworkServlet 'dispatcherServlet'
10-Mar-2021 12:38:32.800 INFORMAÇÕES [http-nio-8001-exec-20] org.apache.catalina.core.ApplicationContext.log Closing Spring root WebApplicationContext
10-Mar-2021 12:38:32.847 INFORMAÇÕES [http-nio-8001-exec-20] org.apache.catalina.core.ApplicationContext.log Closing Spring root WebApplicationContext
10-Mar-2021 12:41:01.741 INFORMAÇÕES [http-nio-8001-exec-22] org.apache.catalina.core.ApplicationContext.log 3 Spring WebApplicationInitializers detected on classpath
10-Mar-2021 12:41:07.856 INFORMAÇÕES [http-nio-8001-exec-22] org.apache.catalina.core.ApplicationContext.log Initializing Spring embedded WebApplicationContext
10-Mar-2021 12:41:11.248 INFORMAÇÕES [http-nio-8001-exec-22] org.apache.catalina.core.ApplicationContext.log Initializing Spring embedded WebApplicationContext
10-Mar-2021 12:46:17.902 INFORMAÇÕES [http-nio-8001-exec-25] org.apache.catalina.core.ApplicationContext.log Closing Spring root WebApplicationContext
10-Mar-2021 12:46:17.934 INFORMAÇÕES [http-nio-8001-exec-25] org.apache.catalina.core.ApplicationContext.log Closing Spring root WebApplicationContext
10-Mar-2021 12:46:26.080 INFORMAÇÕES [http-nio-8001-exec-24] org.apache.catalina.core.ApplicationContext.log 3 Spring WebApplicationInitializers detected on classpath
10-Mar-2021 12:46:31.771 INFORMAÇÕES [http-nio-8001-exec-24] org.apache.catalina.core.ApplicationContext.log Initializing Spring embedded WebApplicationContext
10-Mar-2021 12:46:36.229 INFORMAÇÕES [http-nio-8001-exec-24] org.apache.catalina.core.ApplicationContext.log Initializing Spring embedded WebApplicationContext
10-Mar-2021 12:47:10.642 INFORMAÇÕES [http-nio-8001-exec-23] org.apache.catalina.core.ApplicationContext.log Closing Spring root WebApplicationContext
10-Mar-2021 12:47:10.661 INFORMAÇÕES [http-nio-8001-exec-23] org.apache.catalina.core.ApplicationContext.log Closing Spring root WebApplicationContext
10-Mar-2021 12:47:16.567 INFORMAÇÕES [http-nio-8001-exec-23] org.apache.catalina.core.ApplicationContext.log 3 Spring WebApplicationInitializers detected on classpath
10-Mar-2021 12:47:20.347 INFORMAÇÕES [http-nio-8001-exec-23] org.apache.catalina.core.ApplicationContext.log Initializing Spring embedded WebApplicationContext
10-Mar-2021 12:47:22.052 INFORMAÇÕES [http-nio-8001-exec-23] org.apache.catalina.core.ApplicationContext.log Initializing Spring embedded WebApplicationContext
10-Mar-2021 12:48:07.960 INFORMAÇÕES [http-nio-8001-exec-33] org.apache.catalina.core.ApplicationContext.log Closing Spring root WebApplicationContext
10-Mar-2021 12:48:07.975 INFORMAÇÕES [http-nio-8001-exec-33] org.apache.catalina.core.ApplicationContext.log Closing Spring root WebApplicationContext
10-Mar-2021 12:48:12.876 INFORMAÇÕES [http-nio-8001-exec-35] org.apache.catalina.core.ApplicationContext.log 3 Spring WebApplicationInitializers detected on classpath
10-Mar-2021 12:48:16.807 INFORMAÇÕES [http-nio-8001-exec-35] org.apache.catalina.core.ApplicationContext.log Initializing Spring embedded WebApplicationContext
10-Mar-2021 12:48:18.505 INFORMAÇÕES [http-nio-8001-exec-35] org.apache.catalina.core.ApplicationContext.log Initializing Spring embedded WebApplicationContext
10-Mar-2021 12:49:05.622 INFORMAÇÕES [http-nio-8001-exec-26] org.apache.catalina.core.ApplicationContext.log Closing Spring root WebApplicationContext
10-Mar-2021 12:49:05.654 INFORMAÇÕES [http-nio-8001-exec-26] org.apache.catalina.core.ApplicationContext.log Closing Spring root WebApplicationContext
10-Mar-2021 12:49:10.429 INFORMAÇÕES [http-nio-8001-exec-39] org.apache.catalina.core.ApplicationContext.log 3 Spring WebApplicationInitializers detected on classpath
10-Mar-2021 12:49:13.933 INFORMAÇÕES [http-nio-8001-exec-39] org.apache.catalina.core.ApplicationContext.log Initializing Spring embedded WebApplicationContext
10-Mar-2021 12:49:15.683 INFORMAÇÕES [http-nio-8001-exec-39] org.apache.catalina.core.ApplicationContext.log Initializing Spring embedded WebApplicationContext
10-Mar-2021 12:50:06.243 INFORMAÇÕES [http-nio-8001-exec-42] org.apache.catalina.core.ApplicationContext.log Closing Spring root WebApplicationContext
10-Mar-2021 12:50:06.263 INFORMAÇÕES [http-nio-8001-exec-42] org.apache.catalina.core.ApplicationContext.log Closing Spring root WebApplicationContext
10-Mar-2021 12:50:10.977 INFORMAÇÕES [http-nio-8001-exec-43] org.apache.catalina.core.ApplicationContext.log 3 Spring WebApplicationInitializers detected on classpath
10-Mar-2021 12:50:14.441 INFORMAÇÕES [http-nio-8001-exec-43] org.apache.catalina.core.ApplicationContext.log Initializing Spring embedded WebApplicationContext
10-Mar-2021 12:50:16.180 INFORMAÇÕES [http-nio-8001-exec-43] org.apache.catalina.core.ApplicationContext.log Initializing Spring embedded WebApplicationContext
10-Mar-2021 12:51:06.276 INFORMAÇÕES [http-nio-8001-exec-27] org.apache.catalina.core.ApplicationContext.log Closing Spring root WebApplicationContext
10-Mar-2021 12:51:06.301 INFORMAÇÕES [http-nio-8001-exec-27] org.apache.catalina.core.ApplicationContext.log Closing Spring root WebApplicationContext
10-Mar-2021 12:51:11.130 INFORMAÇÕES [http-nio-8001-exec-46] org.apache.catalina.core.ApplicationContext.log 3 Spring WebApplicationInitializers detected on classpath
10-Mar-2021 12:51:14.546 INFORMAÇÕES [http-nio-8001-exec-46] org.apache.catalina.core.ApplicationContext.log Initializing Spring embedded WebApplicationContext
10-Mar-2021 12:51:16.299 INFORMAÇÕES [http-nio-8001-exec-46] org.apache.catalina.core.ApplicationContext.log Initializing Spring embedded WebApplicationContext
10-Mar-2021 12:52:06.898 INFORMAÇÕES [http-nio-8001-exec-49] org.apache.catalina.core.ApplicationContext.log Closing Spring root WebApplicationContext
10-Mar-2021 12:52:06.916 INFORMAÇÕES [http-nio-8001-exec-49] org.apache.catalina.core.ApplicationContext.log Closing Spring root WebApplicationContext
10-Mar-2021 12:52:11.624 INFORMAÇÕES [http-nio-8001-exec-49] org.apache.catalina.core.ApplicationContext.log 3 Spring WebApplicationInitializers detected on classpath
10-Mar-2021 12:52:14.966 INFORMAÇÕES [http-nio-8001-exec-49] org.apache.catalina.core.ApplicationContext.log Initializing Spring embedded WebApplicationContext
10-Mar-2021 12:52:16.654 INFORMAÇÕES [http-nio-8001-exec-49] org.apache.catalina.core.ApplicationContext.log Initializing Spring embedded WebApplicationContext
10-Mar-2021 12:53:05.956 INFORMAÇÕES [http-nio-8001-exec-27] org.apache.catalina.core.ApplicationContext.log Closing Spring root WebApplicationContext
10-Mar-2021 12:53:05.971 INFORMAÇÕES [http-nio-8001-exec-27] org.apache.catalina.core.ApplicationContext.log Closing Spring root WebApplicationContext
10-Mar-2021 12:53:10.648 INFORMAÇÕES [http-nio-8001-exec-48] org.apache.catalina.core.ApplicationContext.log 3 Spring WebApplicationInitializers detected on classpath
10-Mar-2021 12:53:13.996 INFORMAÇÕES [http-nio-8001-exec-48] org.apache.catalina.core.ApplicationContext.log Initializing Spring embedded WebApplicationContext
10-Mar-2021 12:53:15.780 INFORMAÇÕES [http-nio-8001-exec-48] org.apache.catalina.core.ApplicationContext.log Initializing Spring embedded WebApplicationContext
10-Mar-2021 12:54:05.551 INFORMAÇÕES [http-nio-8001-exec-47] org.apache.catalina.core.ApplicationContext.log Closing Spring root WebApplicationContext
10-Mar-2021 12:54:05.582 INFORMAÇÕES [http-nio-8001-exec-47] org.apache.catalina.core.ApplicationContext.log Closing Spring root WebApplicationContext
10-Mar-2021 12:54:10.155 INFORMAÇÕES [http-nio-8001-exec-54] org.apache.catalina.core.ApplicationContext.log 3 Spring WebApplicationInitializers detected on classpath
10-Mar-2021 12:54:14.308 INFORMAÇÕES [http-nio-8001-exec-54] org.apache.catalina.core.ApplicationContext.log Initializing Spring embedded WebApplicationContext
10-Mar-2021 12:54:15.973 INFORMAÇÕES [http-nio-8001-exec-54] org.apache.catalina.core.ApplicationContext.log Initializing Spring embedded WebApplicationContext
10-Mar-2021 12:55:11.753 INFORMAÇÕES [http-nio-8001-exec-58] org.apache.catalina.core.ApplicationContext.log Closing Spring root WebApplicationContext
10-Mar-2021 12:55:11.785 INFORMAÇÕES [http-nio-8001-exec-58] org.apache.catalina.core.ApplicationContext.log Closing Spring root WebApplicationContext
10-Mar-2021 12:55:16.732 INFORMAÇÕES [http-nio-8001-exec-55] org.apache.catalina.core.ApplicationContext.log 3 Spring WebApplicationInitializers detected on classpath
10-Mar-2021 12:55:20.113 INFORMAÇÕES [http-nio-8001-exec-55] org.apache.catalina.core.ApplicationContext.log Initializing Spring embedded WebApplicationContext
10-Mar-2021 12:55:22.158 INFORMAÇÕES [http-nio-8001-exec-55] org.apache.catalina.core.ApplicationContext.log Initializing Spring embedded WebApplicationContext
10-Mar-2021 12:56:11.843 INFORMAÇÕES [http-nio-8001-exec-61] org.apache.catalina.core.ApplicationContext.log Closing Spring root WebApplicationContext
10-Mar-2021 12:56:11.870 INFORMAÇÕES [http-nio-8001-exec-61] org.apache.catalina.core.ApplicationContext.log Closing Spring root WebApplicationContext
10-Mar-2021 12:56:17.471 INFORMAÇÕES [http-nio-8001-exec-53] org.apache.catalina.core.ApplicationContext.log 3 Spring WebApplicationInitializers detected on classpath
10-Mar-2021 12:56:21.285 INFORMAÇÕES [http-nio-8001-exec-53] org.apache.catalina.core.ApplicationContext.log Initializing Spring embedded WebApplicationContext
10-Mar-2021 12:56:23.522 INFORMAÇÕES [http-nio-8001-exec-53] org.apache.catalina.core.ApplicationContext.log Initializing Spring embedded WebApplicationContext
10-Mar-2021 12:57:10.452 INFORMAÇÕES [http-nio-8001-exec-34] org.apache.catalina.core.ApplicationContext.log Closing Spring root WebApplicationContext
10-Mar-2021 12:57:10.480 INFORMAÇÕES [http-nio-8001-exec-34] org.apache.catalina.core.ApplicationContext.log Closing Spring root WebApplicationContext
10-Mar-2021 12:57:15.951 INFORMAÇÕES [http-nio-8001-exec-64] org.apache.catalina.core.ApplicationContext.log 3 Spring WebApplicationInitializers detected on classpath
10-Mar-2021 12:57:19.981 INFORMAÇÕES [http-nio-8001-exec-64] org.apache.catalina.core.ApplicationContext.log Initializing Spring embedded WebApplicationContext
10-Mar-2021 12:57:22.070 INFORMAÇÕES [http-nio-8001-exec-64] org.apache.catalina.core.ApplicationContext.log Initializing Spring embedded WebApplicationContext
10-Mar-2021 12:58:09.468 INFORMAÇÕES [http-nio-8001-exec-66] org.apache.catalina.core.ApplicationContext.log Closing Spring root WebApplicationContext
10-Mar-2021 12:58:09.488 INFORMAÇÕES [http-nio-8001-exec-66] org.apache.catalina.core.ApplicationContext.log Closing Spring root WebApplicationContext
10-Mar-2021 12:58:15.080 INFORMAÇÕES [http-nio-8001-exec-65] org.apache.catalina.core.ApplicationContext.log 3 Spring WebApplicationInitializers detected on classpath
10-Mar-2021 12:58:19.212 INFORMAÇÕES [http-nio-8001-exec-65] org.apache.catalina.core.ApplicationContext.log Initializing Spring embedded WebApplicationContext
10-Mar-2021 12:58:21.530 INFORMAÇÕES [http-nio-8001-exec-65] org.apache.catalina.core.ApplicationContext.log Initializing Spring embedded WebApplicationContext
10-Mar-2021 12:59:08.768 INFORMAÇÕES [http-nio-8001-exec-47] org.apache.catalina.core.ApplicationContext.log Closing Spring root WebApplicationContext
10-Mar-2021 12:59:08.792 INFORMAÇÕES [http-nio-8001-exec-47] org.apache.catalina.core.ApplicationContext.log Closing Spring root WebApplicationContext
10-Mar-2021 12:59:14.355 INFORMAÇÕES [http-nio-8001-exec-70] org.apache.catalina.core.ApplicationContext.log 3 Spring WebApplicationInitializers detected on classpath
10-Mar-2021 12:59:19.198 INFORMAÇÕES [http-nio-8001-exec-70] org.apache.catalina.core.ApplicationContext.log Initializing Spring embedded WebApplicationContext
10-Mar-2021 12:59:21.597 INFORMAÇÕES [http-nio-8001-exec-70] org.apache.catalina.core.ApplicationContext.log Initializing Spring embedded WebApplicationContext
10-Mar-2021 13:00:12.485 INFORMAÇÕES [http-nio-8001-exec-74] org.apache.catalina.core.ApplicationContext.log Closing Spring root WebApplicationContext
10-Mar-2021 13:00:12.513 INFORMAÇÕES [http-nio-8001-exec-74] org.apache.catalina.core.ApplicationContext.log Closing Spring root WebApplicationContext
10-Mar-2021 13:00:19.935 INFORMAÇÕES [http-nio-8001-exec-66] org.apache.catalina.core.ApplicationContext.log 3 Spring WebApplicationInitializers detected on classpath
10-Mar-2021 13:00:25.823 INFORMAÇÕES [http-nio-8001-exec-66] org.apache.catalina.core.ApplicationContext.log Initializing Spring embedded WebApplicationContext
10-Mar-2021 13:00:29.739 INFORMAÇÕES [http-nio-8001-exec-66] org.apache.catalina.core.ApplicationContext.log Initializing Spring embedded WebApplicationContext
10-Mar-2021 13:01:18.267 INFORMAÇÕES [http-nio-8001-exec-77] org.apache.catalina.core.ApplicationContext.log Closing Spring root WebApplicationContext
10-Mar-2021 13:01:18.305 INFORMAÇÕES [http-nio-8001-exec-77] org.apache.catalina.core.ApplicationContext.log Closing Spring root WebApplicationContext
10-Mar-2021 13:01:25.014 INFORMAÇÕES [http-nio-8001-exec-78] org.apache.catalina.core.ApplicationContext.log 3 Spring WebApplicationInitializers detected on classpath
10-Mar-2021 13:01:29.186 INFORMAÇÕES [http-nio-8001-exec-78] org.apache.catalina.core.ApplicationContext.log Initializing Spring embedded WebApplicationContext
10-Mar-2021 13:01:31.473 INFORMAÇÕES [http-nio-8001-exec-78] org.apache.catalina.core.ApplicationContext.log Initializing Spring embedded WebApplicationContext
10-Mar-2021 13:02:09.876 INFORMAÇÕES [http-nio-8001-exec-73] org.apache.catalina.core.ApplicationContext.log Closing Spring root WebApplicationContext
10-Mar-2021 13:02:09.898 INFORMAÇÕES [http-nio-8001-exec-73] org.apache.catalina.core.ApplicationContext.log Closing Spring root WebApplicationContext
10-Mar-2021 13:02:16.203 INFORMAÇÕES [http-nio-8001-exec-82] org.apache.catalina.core.ApplicationContext.log 3 Spring WebApplicationInitializers detected on classpath
10-Mar-2021 13:02:20.711 INFORMAÇÕES [http-nio-8001-exec-82] org.apache.catalina.core.ApplicationContext.log Initializing Spring embedded WebApplicationContext
10-Mar-2021 13:02:23.130 INFORMAÇÕES [http-nio-8001-exec-82] org.apache.catalina.core.ApplicationContext.log Initializing Spring embedded WebApplicationContext
10-Mar-2021 13:03:10.559 INFORMAÇÕES [http-nio-8001-exec-85] org.apache.catalina.core.ApplicationContext.log Closing Spring root WebApplicationContext
10-Mar-2021 13:03:10.583 INFORMAÇÕES [http-nio-8001-exec-85] org.apache.catalina.core.ApplicationContext.log Closing Spring root WebApplicationContext
10-Mar-2021 13:03:16.366 INFORMAÇÕES [http-nio-8001-exec-86] org.apache.catalina.core.ApplicationContext.log 3 Spring WebApplicationInitializers detected on classpath
10-Mar-2021 13:03:21.482 INFORMAÇÕES [http-nio-8001-exec-86] org.apache.catalina.core.ApplicationContext.log Initializing Spring embedded WebApplicationContext
10-Mar-2021 13:03:23.936 INFORMAÇÕES [http-nio-8001-exec-86] org.apache.catalina.core.ApplicationContext.log Initializing Spring embedded WebApplicationContext
10-Mar-2021 13:04:05.739 INFORMAÇÕES [http-nio-8001-exec-34] org.apache.catalina.core.ApplicationContext.log Closing Spring root WebApplicationContext
10-Mar-2021 13:04:05.765 INFORMAÇÕES [http-nio-8001-exec-34] org.apache.catalina.core.ApplicationContext.log Closing Spring root WebApplicationContext
10-Mar-2021 13:04:10.392 INFORMAÇÕES [http-nio-8001-exec-84] org.apache.catalina.core.ApplicationContext.log 3 Spring WebApplicationInitializers detected on classpath
10-Mar-2021 13:04:13.612 INFORMAÇÕES [http-nio-8001-exec-84] org.apache.catalina.core.ApplicationContext.log Initializing Spring embedded WebApplicationContext
10-Mar-2021 13:04:15.268 INFORMAÇÕES [http-nio-8001-exec-84] org.apache.catalina.core.ApplicationContext.log Initializing Spring embedded WebApplicationContext
10-Mar-2021 13:05:05.572 INFORMAÇÕES [http-nio-8001-exec-87] org.apache.catalina.core.ApplicationContext.log Closing Spring root WebApplicationContext
10-Mar-2021 13:05:05.594 INFORMAÇÕES [http-nio-8001-exec-87] org.apache.catalina.core.ApplicationContext.log Closing Spring root WebApplicationContext
10-Mar-2021 13:05:13.787 INFORMAÇÕES [http-nio-8001-exec-91] org.apache.catalina.core.ApplicationContext.log 3 Spring WebApplicationInitializers detected on classpath
10-Mar-2021 13:05:20.723 INFORMAÇÕES [http-nio-8001-exec-91] org.apache.catalina.core.ApplicationContext.log Initializing Spring embedded WebApplicationContext
10-Mar-2021 13:05:23.145 INFORMAÇÕES [http-nio-8001-exec-91] org.apache.catalina.core.ApplicationContext.log Initializing Spring embedded WebApplicationContext
10-Mar-2021 13:29:21.579 INFORMAÇÕES [http-nio-8001-exec-95] org.apache.catalina.core.ApplicationContext.log Closing Spring root WebApplicationContext
10-Mar-2021 13:29:21.736 INFORMAÇÕES [http-nio-8001-exec-95] org.apache.catalina.core.ApplicationContext.log Closing Spring root WebApplicationContext
10-Mar-2021 13:29:29.339 INFORMAÇÕES [http-nio-8001-exec-94] org.apache.catalina.core.ApplicationContext.log 3 Spring WebApplicationInitializers detected on classpath
10-Mar-2021 13:29:33.640 INFORMAÇÕES [http-nio-8001-exec-94] org.apache.catalina.core.ApplicationContext.log Initializing Spring embedded WebApplicationContext
10-Mar-2021 13:29:35.512 INFORMAÇÕES [http-nio-8001-exec-94] org.apache.catalina.core.ApplicationContext.log Initializing Spring embedded WebApplicationContext
10-Mar-2021 14:26:08.580 INFORMAÇÕES [http-nio-8001-exec-110] org.apache.catalina.core.ApplicationContext.log Closing Spring root WebApplicationContext
10-Mar-2021 14:26:08.704 INFORMAÇÕES [http-nio-8001-exec-110] org.apache.catalina.core.ApplicationContext.log Closing Spring root WebApplicationContext
10-Mar-2021 14:26:12.199 INFORMAÇÕES [http-nio-8001-exec-108] org.apache.catalina.core.ApplicationContext.log Destroying Spring FrameworkServlet 'dispatcherServlet'
10-Mar-2021 14:26:12.219 INFORMAÇÕES [http-nio-8001-exec-108] org.apache.catalina.core.ApplicationContext.log Closing Spring root WebApplicationContext
10-Mar-2021 14:30:55.014 INFORMAÇÕES [http-nio-8001-exec-116] org.apache.catalina.core.ApplicationContext.log 2 Spring WebApplicationInitializers detected on classpath
10-Mar-2021 14:31:02.293 INFORMAÇÕES [http-nio-8001-exec-116] org.apache.catalina.core.ApplicationContext.log Initializing Spring embedded WebApplicationContext
10-Mar-2021 14:31:51.689 INFORMAÇÕES [http-nio-8001-exec-119] org.apache.catalina.core.ApplicationContext.log 3 Spring WebApplicationInitializers detected on classpath
10-Mar-2021 14:31:56.744 INFORMAÇÕES [http-nio-8001-exec-119] org.apache.catalina.core.ApplicationContext.log Initializing Spring embedded WebApplicationContext
10-Mar-2021 14:31:59.659 INFORMAÇÕES [http-nio-8001-exec-119] org.apache.catalina.core.ApplicationContext.log Initializing Spring embedded WebApplicationContext
10-Mar-2021 14:32:10.273 INFORMAÇÕES [http-nio-8001-exec-120] org.apache.catalina.core.ApplicationContext.log Closing Spring root WebApplicationContext
10-Mar-2021 14:32:53.268 INFORMAÇÕES [http-nio-8001-exec-117] org.apache.catalina.core.ApplicationContext.log 2 Spring WebApplicationInitializers detected on classpath
10-Mar-2021 14:32:57.473 INFORMAÇÕES [http-nio-8001-exec-117] org.apache.catalina.core.ApplicationContext.log Initializing Spring embedded WebApplicationContext
10-Mar-2021 14:33:15.038 INFORMAÇÕES [http-nio-8001-exec-124] org.apache.catalina.core.ApplicationContext.log Initializing Spring DispatcherServlet 'dispatcherServlet'
10-Mar-2021 14:33:18.229 INFORMAÇÕES [http-nio-8001-exec-122] org.apache.catalina.core.ApplicationContext.log Initializing Spring DispatcherServlet 'dispatcherServlet'
10-Mar-2021 14:33:31.262 INFORMAÇÕES [http-nio-8001-exec-129] org.apache.catalina.core.ApplicationContext.log Destroying Spring FrameworkServlet 'dispatcherServlet'
10-Mar-2021 14:33:31.265 INFORMAÇÕES [http-nio-8001-exec-129] org.apache.catalina.core.ApplicationContext.log Closing Spring root WebApplicationContext
10-Mar-2021 14:33:31.294 INFORMAÇÕES [http-nio-8001-exec-129] org.apache.catalina.core.ApplicationContext.log Closing Spring root WebApplicationContext
10-Mar-2021 14:33:38.369 INFORMAÇÕES [http-nio-8001-exec-125] org.apache.catalina.core.ApplicationContext.log 3 Spring WebApplicationInitializers detected on classpath
10-Mar-2021 14:33:43.362 INFORMAÇÕES [http-nio-8001-exec-125] org.apache.catalina.core.ApplicationContext.log Initializing Spring embedded WebApplicationContext
10-Mar-2021 14:33:46.022 INFORMAÇÕES [http-nio-8001-exec-125] org.apache.catalina.core.ApplicationContext.log Initializing Spring embedded WebApplicationContext
10-Mar-2021 14:34:22.949 INFORMAÇÕES [http-nio-8001-exec-123] org.apache.catalina.core.ApplicationContext.log Destroying Spring FrameworkServlet 'dispatcherServlet'
10-Mar-2021 14:34:22.954 INFORMAÇÕES [http-nio-8001-exec-123] org.apache.catalina.core.ApplicationContext.log Closing Spring root WebApplicationContext
10-Mar-2021 14:34:26.500 INFORMAÇÕES [http-nio-8001-exec-128] org.apache.catalina.core.ApplicationContext.log Closing Spring root WebApplicationContext
10-Mar-2021 14:34:26.525 INFORMAÇÕES [http-nio-8001-exec-128] org.apache.catalina.core.ApplicationContext.log Closing Spring root WebApplicationContext
10-Mar-2021 14:34:54.860 INFORMAÇÕES [http-nio-8001-exec-126] org.apache.catalina.core.ApplicationContext.log 2 Spring WebApplicationInitializers detected on classpath
10-Mar-2021 14:34:59.526 INFORMAÇÕES [http-nio-8001-exec-126] org.apache.catalina.core.ApplicationContext.log Initializing Spring embedded WebApplicationContext
10-Mar-2021 14:35:55.489 INFORMAÇÕES [http-nio-8001-exec-139] org.apache.catalina.core.ApplicationContext.log 3 Spring WebApplicationInitializers detected on classpath
10-Mar-2021 14:36:01.559 INFORMAÇÕES [http-nio-8001-exec-139] org.apache.catalina.core.ApplicationContext.log Initializing Spring embedded WebApplicationContext
10-Mar-2021 14:36:04.477 INFORMAÇÕES [http-nio-8001-exec-139] org.apache.catalina.core.ApplicationContext.log Initializing Spring embedded WebApplicationContext
