15-Mar-2021 12:33:32.788 INFORMAÇÕES [http-nio-8001-exec-106] org.apache.catalina.core.ApplicationContext.log Destroying Spring FrameworkServlet 'dispatcherServlet'
15-Mar-2021 12:33:32.850 INFORMAÇÕES [http-nio-8001-exec-106] org.apache.catalina.core.ApplicationContext.log Closing Spring root WebApplicationContext
15-Mar-2021 12:33:55.049 INFORMAÇÕES [http-nio-8001-exec-110] org.apache.catalina.core.ApplicationContext.log 2 Spring WebApplicationInitializers detected on classpath
15-Mar-2021 12:34:05.422 INFORMAÇÕES [http-nio-8001-exec-110] org.apache.catalina.core.ApplicationContext.log Initializing Spring embedded WebApplicationContext
15-Mar-2021 12:34:50.607 INFORMAÇÕES [http-nio-8001-exec-114] org.apache.catalina.core.ApplicationContext.log Initializing Spring DispatcherServlet 'dispatcherServlet'
15-Mar-2021 12:38:29.959 INFORMAÇÕES [http-nio-8001-exec-113] org.apache.catalina.core.ApplicationContext.log Destroying Spring FrameworkServlet 'dispatcherServlet'
15-Mar-2021 12:38:29.959 INFORMAÇÕES [http-nio-8001-exec-113] org.apache.catalina.core.ApplicationContext.log Closing Spring root WebApplicationContext
15-Mar-2021 12:38:37.851 INFORMAÇÕES [http-nio-8001-exec-120] org.apache.catalina.core.ApplicationContext.log 2 Spring WebApplicationInitializers detected on classpath
15-Mar-2021 12:38:45.458 INFORMAÇÕES [http-nio-8001-exec-120] org.apache.catalina.core.ApplicationContext.log Initializing Spring embedded WebApplicationContext
15-Mar-2021 12:39:24.366 INFORMAÇÕES [http-nio-8001-exec-115] org.apache.catalina.core.ApplicationContext.log Initializing Spring DispatcherServlet 'dispatcherServlet'
15-Mar-2021 13:18:41.783 INFORMAÇÕES [http-nio-8001-exec-123] org.apache.catalina.core.ApplicationContext.log Destroying Spring FrameworkServlet 'dispatcherServlet'
15-Mar-2021 13:18:41.834 INFORMAÇÕES [http-nio-8001-exec-123] org.apache.catalina.core.ApplicationContext.log Closing Spring root WebApplicationContext
15-Mar-2021 13:18:59.135 INFORMAÇÕES [http-nio-8001-exec-122] org.apache.catalina.core.ApplicationContext.log 2 Spring WebApplicationInitializers detected on classpath
15-Mar-2021 13:19:06.065 INFORMAÇÕES [http-nio-8001-exec-122] org.apache.catalina.core.ApplicationContext.log Initializing Spring embedded WebApplicationContext
15-Mar-2021 13:19:48.891 INFORMAÇÕES [http-nio-8001-exec-132] org.apache.catalina.core.ApplicationContext.log Initializing Spring DispatcherServlet 'dispatcherServlet'
15-Mar-2021 13:20:16.887 INFORMAÇÕES [http-nio-8001-exec-137] org.apache.catalina.core.ApplicationContext.log Destroying Spring FrameworkServlet 'dispatcherServlet'
15-Mar-2021 13:20:16.904 INFORMAÇÕES [http-nio-8001-exec-137] org.apache.catalina.core.ApplicationContext.log Closing Spring root WebApplicationContext
15-Mar-2021 13:20:17.084 INFORMAÇÕES [http-nio-8001-exec-137] org.apache.catalina.core.ApplicationContext.log Closing Spring root WebApplicationContext
15-Mar-2021 13:20:25.282 INFORMAÇÕES [http-nio-8001-exec-136] org.apache.catalina.core.ApplicationContext.log 3 Spring WebApplicationInitializers detected on classpath
15-Mar-2021 13:20:31.282 INFORMAÇÕES [http-nio-8001-exec-136] org.apache.catalina.core.ApplicationContext.log Initializing Spring embedded WebApplicationContext
15-Mar-2021 13:20:34.614 INFORMAÇÕES [http-nio-8001-exec-136] org.apache.catalina.core.ApplicationContext.log Initializing Spring embedded WebApplicationContext
15-Mar-2021 13:21:41.969 INFORMAÇÕES [http-nio-8001-exec-141] org.apache.catalina.core.ApplicationContext.log Closing Spring root WebApplicationContext
15-Mar-2021 13:21:41.994 INFORMAÇÕES [http-nio-8001-exec-141] org.apache.catalina.core.ApplicationContext.log Closing Spring root WebApplicationContext
15-Mar-2021 13:21:45.419 INFORMAÇÕES [http-nio-8001-exec-140] org.apache.catalina.core.ApplicationContext.log Destroying Spring FrameworkServlet 'dispatcherServlet'
15-Mar-2021 13:21:45.422 INFORMAÇÕES [http-nio-8001-exec-140] org.apache.catalina.core.ApplicationContext.log Closing Spring root WebApplicationContext
15-Mar-2021 13:22:48.543 INFORMAÇÕES [http-nio-8001-exec-143] org.apache.catalina.core.ApplicationContext.log 2 Spring WebApplicationInitializers detected on classpath
15-Mar-2021 13:22:56.609 INFORMAÇÕES [http-nio-8001-exec-143] org.apache.catalina.core.ApplicationContext.log Initializing Spring embedded WebApplicationContext
15-Mar-2021 13:23:40.165 INFORMAÇÕES [http-nio-8001-exec-147] org.apache.catalina.core.ApplicationContext.log Initializing Spring DispatcherServlet 'dispatcherServlet'
15-Mar-2021 13:24:08.478 INFORMAÇÕES [http-nio-8001-exec-153] org.apache.catalina.core.ApplicationContext.log Destroying Spring FrameworkServlet 'dispatcherServlet'
15-Mar-2021 13:24:08.484 INFORMAÇÕES [http-nio-8001-exec-153] org.apache.catalina.core.ApplicationContext.log Closing Spring root WebApplicationContext
15-Mar-2021 13:24:10.893 INFORMAÇÕES [http-nio-8001-exec-152] org.apache.catalina.core.ApplicationContext.log 3 Spring WebApplicationInitializers detected on classpath
15-Mar-2021 13:24:16.049 INFORMAÇÕES [http-nio-8001-exec-152] org.apache.catalina.core.ApplicationContext.log Initializing Spring embedded WebApplicationContext
15-Mar-2021 13:24:20.081 INFORMAÇÕES [http-nio-8001-exec-152] org.apache.catalina.core.ApplicationContext.log Initializing Spring embedded WebApplicationContext
15-Mar-2021 13:28:18.293 INFORMAÇÕES [http-nio-8001-exec-161] org.apache.catalina.core.ApplicationContext.log 2 Spring WebApplicationInitializers detected on classpath
15-Mar-2021 13:28:24.032 INFORMAÇÕES [http-nio-8001-exec-161] org.apache.catalina.core.ApplicationContext.log Initializing Spring embedded WebApplicationContext
15-Mar-2021 13:28:32.980 INFORMAÇÕES [http-nio-8001-exec-159] org.apache.catalina.core.ApplicationContext.log Initializing Spring DispatcherServlet 'dispatcherServlet'
15-Mar-2021 13:29:08.586 INFORMAÇÕES [http-nio-8001-exec-162] org.apache.catalina.core.ApplicationContext.log Initializing Spring DispatcherServlet 'dispatcherServlet'
15-Mar-2021 13:29:35.966 INFORMAÇÕES [http-nio-8001-exec-161] org.apache.catalina.core.ApplicationContext.log Destroying Spring FrameworkServlet 'dispatcherServlet'
15-Mar-2021 13:29:35.967 INFORMAÇÕES [http-nio-8001-exec-161] org.apache.catalina.core.ApplicationContext.log Closing Spring root WebApplicationContext
15-Mar-2021 13:29:36.000 INFORMAÇÕES [http-nio-8001-exec-161] org.apache.catalina.core.ApplicationContext.log Closing Spring root WebApplicationContext
15-Mar-2021 13:29:44.874 INFORMAÇÕES [http-nio-8001-exec-161] org.apache.catalina.core.ApplicationContext.log 3 Spring WebApplicationInitializers detected on classpath
15-Mar-2021 13:29:50.367 INFORMAÇÕES [http-nio-8001-exec-161] org.apache.catalina.core.ApplicationContext.log Initializing Spring embedded WebApplicationContext
15-Mar-2021 13:29:53.391 INFORMAÇÕES [http-nio-8001-exec-161] org.apache.catalina.core.ApplicationContext.log Initializing Spring embedded WebApplicationContext
15-Mar-2021 13:30:25.709 INFORMAÇÕES [http-nio-8001-exec-159] org.apache.catalina.core.ApplicationContext.log Initializing Spring DispatcherServlet 'dispatcherServlet'
15-Mar-2021 16:47:37.083 INFORMAÇÕES [http-nio-8001-exec-175] org.apache.catalina.core.ApplicationContext.log Destroying Spring FrameworkServlet 'dispatcherServlet'
15-Mar-2021 16:47:37.154 INFORMAÇÕES [http-nio-8001-exec-175] org.apache.catalina.core.ApplicationContext.log Closing Spring root WebApplicationContext
15-Mar-2021 16:47:57.908 INFORMAÇÕES [http-nio-8001-exec-168] org.apache.catalina.core.ApplicationContext.log 2 Spring WebApplicationInitializers detected on classpath
15-Mar-2021 16:48:08.966 INFORMAÇÕES [http-nio-8001-exec-168] org.apache.catalina.core.ApplicationContext.log Initializing Spring embedded WebApplicationContext
15-Mar-2021 16:48:46.690 INFORMAÇÕES [http-nio-8001-exec-177] org.apache.catalina.core.ApplicationContext.log Initializing Spring DispatcherServlet 'dispatcherServlet'
15-Mar-2021 16:49:17.997 INFORMAÇÕES [http-nio-8001-exec-174] org.apache.catalina.core.ApplicationContext.log Destroying Spring FrameworkServlet 'dispatcherServlet'
15-Mar-2021 16:49:18.015 INFORMAÇÕES [http-nio-8001-exec-174] org.apache.catalina.core.ApplicationContext.log Closing Spring root WebApplicationContext
15-Mar-2021 16:49:18.188 INFORMAÇÕES [http-nio-8001-exec-174] org.apache.catalina.core.ApplicationContext.log Closing Spring root WebApplicationContext
15-Mar-2021 16:49:31.572 INFORMAÇÕES [http-nio-8001-exec-180] org.apache.catalina.core.ApplicationContext.log 3 Spring WebApplicationInitializers detected on classpath
15-Mar-2021 16:49:38.696 INFORMAÇÕES [http-nio-8001-exec-180] org.apache.catalina.core.ApplicationContext.log Initializing Spring embedded WebApplicationContext
15-Mar-2021 16:49:43.355 INFORMAÇÕES [http-nio-8001-exec-180] org.apache.catalina.core.ApplicationContext.log Initializing Spring embedded WebApplicationContext
15-Mar-2021 17:41:50.068 INFORMAÇÕES [http-nio-8001-exec-184] org.apache.catalina.core.ApplicationContext.log Destroying Spring FrameworkServlet 'dispatcherServlet'
15-Mar-2021 17:41:50.125 INFORMAÇÕES [http-nio-8001-exec-184] org.apache.catalina.core.ApplicationContext.log Closing Spring root WebApplicationContext
15-Mar-2021 17:42:26.383 INFORMAÇÕES [http-nio-8001-exec-186] org.apache.catalina.core.ApplicationContext.log 2 Spring WebApplicationInitializers detected on classpath
15-Mar-2021 17:42:58.174 INFORMAÇÕES [http-nio-8001-exec-186] org.apache.catalina.core.ApplicationContext.log Initializing Spring embedded WebApplicationContext
15-Mar-2021 17:44:22.178 INFORMAÇÕES [http-nio-8001-exec-193] org.apache.catalina.core.ApplicationContext.log Initializing Spring DispatcherServlet 'dispatcherServlet'
15-Mar-2021 17:45:08.203 INFORMAÇÕES [http-nio-8001-exec-194] org.apache.catalina.core.ApplicationContext.log Closing Spring root WebApplicationContext
15-Mar-2021 17:45:08.541 INFORMAÇÕES [http-nio-8001-exec-194] org.apache.catalina.core.ApplicationContext.log Closing Spring root WebApplicationContext
15-Mar-2021 17:45:25.697 INFORMAÇÕES [http-nio-8001-exec-195] org.apache.catalina.core.ApplicationContext.log 3 Spring WebApplicationInitializers detected on classpath
15-Mar-2021 17:45:35.169 INFORMAÇÕES [http-nio-8001-exec-195] org.apache.catalina.core.ApplicationContext.log Initializing Spring embedded WebApplicationContext
15-Mar-2021 17:45:39.397 INFORMAÇÕES [http-nio-8001-exec-195] org.apache.catalina.core.ApplicationContext.log Initializing Spring embedded WebApplicationContext
