12-Mar-2021 12:22:37.993 INFORMAÇÕES [http-nio-8001-exec-55] org.apache.catalina.core.ApplicationContext.log HTMLManager: list: Listing contexts for virtual host 'localhost'
12-Mar-2021 15:06:09.975 INFORMAÇÕES [http-nio-8001-exec-56] org.apache.catalina.core.ApplicationContext.log Manager: list: Listing contexts for virtual host 'localhost'
12-Mar-2021 15:06:09.997 INFORMAÇÕES [http-nio-8001-exec-59] org.apache.catalina.core.ApplicationContext.log Manager: list: Listing contexts for virtual host 'localhost'
12-Mar-2021 15:06:10.009 INFORMAÇÕES [http-nio-8001-exec-57] org.apache.catalina.core.ApplicationContext.log Manager: undeploy: Undeploying web application at '/tasks-backend'
12-Mar-2021 15:06:12.315 INFORMAÇÕES [http-nio-8001-exec-56] org.apache.catalina.core.ApplicationContext.log Manager: deploy: Deploying web application '/tasks-backend'
12-Mar-2021 15:06:12.316 INFORMAÇÕES [http-nio-8001-exec-56] org.apache.catalina.core.ApplicationContext.log Manager: Uploading WAR file to C:\Users\hpadmin\Desktop\devops\apache-tomcat\webapps\tasks-backend.war
12-Mar-2021 15:07:34.600 INFORMAÇÕES [http-nio-8001-exec-64] org.apache.catalina.core.ApplicationContext.log Manager: list: Listing contexts for virtual host 'localhost'
12-Mar-2021 15:07:34.606 INFORMAÇÕES [http-nio-8001-exec-61] org.apache.catalina.core.ApplicationContext.log Manager: list: Listing contexts for virtual host 'localhost'
12-Mar-2021 15:07:34.611 INFORMAÇÕES [http-nio-8001-exec-54] org.apache.catalina.core.ApplicationContext.log Manager: undeploy: Undeploying web application at '/tasks'
12-Mar-2021 15:07:35.758 INFORMAÇÕES [http-nio-8001-exec-67] org.apache.catalina.core.ApplicationContext.log Manager: deploy: Deploying web application '/tasks'
12-Mar-2021 15:07:35.760 INFORMAÇÕES [http-nio-8001-exec-67] org.apache.catalina.core.ApplicationContext.log Manager: Uploading WAR file to C:\Users\hpadmin\Desktop\devops\apache-tomcat\webapps\tasks.war
12-Mar-2021 15:08:14.979 INFORMAÇÕES [http-nio-8001-exec-58] org.apache.catalina.core.ApplicationContext.log Manager: list: Listing contexts for virtual host 'localhost'
12-Mar-2021 15:08:14.982 INFORMAÇÕES [http-nio-8001-exec-62] org.apache.catalina.core.ApplicationContext.log Manager: list: Listing contexts for virtual host 'localhost'
12-Mar-2021 15:08:14.987 INFORMAÇÕES [http-nio-8001-exec-64] org.apache.catalina.core.ApplicationContext.log Manager: undeploy: Undeploying web application at '/tasks'
12-Mar-2021 15:08:15.847 INFORMAÇÕES [http-nio-8001-exec-65] org.apache.catalina.core.ApplicationContext.log Manager: deploy: Deploying web application '/tasks'
12-Mar-2021 15:08:15.847 INFORMAÇÕES [http-nio-8001-exec-65] org.apache.catalina.core.ApplicationContext.log Manager: Uploading WAR file to C:\Users\hpadmin\Desktop\devops\apache-tomcat\webapps\tasks.war
12-Mar-2021 17:31:57.177 INFORMAÇÕES [http-nio-8001-exec-71] org.apache.catalina.core.ApplicationContext.log HTMLManager: list: Listing contexts for virtual host 'localhost'
12-Mar-2021 17:32:03.885 INFORMAÇÕES [http-nio-8001-exec-76] org.apache.catalina.core.ApplicationContext.log Manager: list: Listing contexts for virtual host 'localhost'
12-Mar-2021 17:32:03.898 INFORMAÇÕES [http-nio-8001-exec-74] org.apache.catalina.core.ApplicationContext.log Manager: list: Listing contexts for virtual host 'localhost'
12-Mar-2021 17:32:03.906 INFORMAÇÕES [http-nio-8001-exec-77] org.apache.catalina.core.ApplicationContext.log Manager: undeploy: Undeploying web application at '/tasks-backend'
12-Mar-2021 17:32:05.696 INFORMAÇÕES [http-nio-8001-exec-75] org.apache.catalina.core.ApplicationContext.log Manager: deploy: Deploying web application '/tasks-backend'
12-Mar-2021 17:32:05.696 INFORMAÇÕES [http-nio-8001-exec-75] org.apache.catalina.core.ApplicationContext.log Manager: Uploading WAR file to C:\Users\hpadmin\Desktop\devops\apache-tomcat\webapps\tasks-backend.war
12-Mar-2021 17:36:04.914 INFORMAÇÕES [http-nio-8001-exec-83] org.apache.catalina.core.ApplicationContext.log HTMLManager: undeploy: Undeploying web application at '/tasks-backend'
12-Mar-2021 17:36:05.768 INFORMAÇÕES [http-nio-8001-exec-83] org.apache.catalina.core.ApplicationContext.log HTMLManager: list: Listing contexts for virtual host 'localhost'
12-Mar-2021 17:37:04.163 INFORMAÇÕES [http-nio-8001-exec-88] org.apache.catalina.core.ApplicationContext.log Manager: list: Listing contexts for virtual host 'localhost'
12-Mar-2021 17:37:04.167 INFORMAÇÕES [http-nio-8001-exec-78] org.apache.catalina.core.ApplicationContext.log Manager: deploy: Deploying web application '/tasks-backend'
12-Mar-2021 17:37:04.167 INFORMAÇÕES [http-nio-8001-exec-78] org.apache.catalina.core.ApplicationContext.log Manager: Uploading WAR file to C:\Users\hpadmin\Desktop\devops\apache-tomcat\webapps\tasks-backend.war
12-Mar-2021 17:37:52.958 INFORMAÇÕES [http-nio-8001-exec-89] org.apache.catalina.core.ApplicationContext.log HTMLManager: undeploy: Undeploying web application at '/tasks-backend'
12-Mar-2021 17:37:53.832 INFORMAÇÕES [http-nio-8001-exec-89] org.apache.catalina.core.ApplicationContext.log HTMLManager: list: Listing contexts for virtual host 'localhost'
12-Mar-2021 17:44:02.741 INFORMAÇÕES [http-nio-8001-exec-93] org.apache.catalina.core.ApplicationContext.log Manager: list: Listing contexts for virtual host 'localhost'
12-Mar-2021 17:44:02.745 INFORMAÇÕES [http-nio-8001-exec-94] org.apache.catalina.core.ApplicationContext.log Manager: deploy: Deploying web application '/tasks-backend'
12-Mar-2021 17:44:02.745 INFORMAÇÕES [http-nio-8001-exec-94] org.apache.catalina.core.ApplicationContext.log Manager: Uploading WAR file to C:\Users\hpadmin\Desktop\devops\apache-tomcat\webapps\tasks-backend.war
12-Mar-2021 17:45:16.701 INFORMAÇÕES [http-nio-8001-exec-96] org.apache.catalina.core.ApplicationContext.log HTMLManager: undeploy: Undeploying web application at '/tasks-backend'
12-Mar-2021 17:45:17.611 INFORMAÇÕES [http-nio-8001-exec-96] org.apache.catalina.core.ApplicationContext.log HTMLManager: list: Listing contexts for virtual host 'localhost'
12-Mar-2021 17:45:23.745 INFORMAÇÕES [http-nio-8001-exec-102] org.apache.catalina.core.ApplicationContext.log HTMLManager: list: Listing contexts for virtual host 'localhost'
12-Mar-2021 17:52:06.359 INFORMAÇÕES [http-nio-8001-exec-103] org.apache.catalina.core.ApplicationContext.log Manager: list: Listing contexts for virtual host 'localhost'
12-Mar-2021 17:52:06.362 INFORMAÇÕES [http-nio-8001-exec-104] org.apache.catalina.core.ApplicationContext.log Manager: deploy: Deploying web application '/tasks-backend'
12-Mar-2021 17:52:06.362 INFORMAÇÕES [http-nio-8001-exec-104] org.apache.catalina.core.ApplicationContext.log Manager: Uploading WAR file to C:\Users\hpadmin\Desktop\devops\apache-tomcat\webapps\tasks-backend.war
12-Mar-2021 17:54:57.629 INFORMAÇÕES [http-nio-8001-exec-106] org.apache.catalina.core.ApplicationContext.log HTMLManager: list: Listing contexts for virtual host 'localhost'
