10-Mar-2021 12:27:51.919 INFORMAÇÕES [http-nio-8001-exec-9] org.apache.catalina.core.ApplicationContext.log HTMLManager: list: Listing contexts for virtual host 'localhost'
10-Mar-2021 12:28:25.539 INFORMAÇÕES [http-nio-8001-exec-3] org.apache.catalina.core.ApplicationContext.log HTMLManager: undeploy: Undeploying web application at '/tasks-backend'
10-Mar-2021 12:28:27.284 INFORMAÇÕES [http-nio-8001-exec-3] org.apache.catalina.core.ApplicationContext.log HTMLManager: list: Listing contexts for virtual host 'localhost'
10-Mar-2021 12:29:56.527 INFORMAÇÕES [http-nio-8001-exec-12] org.apache.catalina.core.ApplicationContext.log Manager: init: Associated with Deployer 'Catalina:type=Deployer,host=localhost'
10-Mar-2021 12:29:56.527 INFORMAÇÕES [http-nio-8001-exec-12] org.apache.catalina.core.ApplicationContext.log Manager: init: Global resources are available
10-Mar-2021 12:29:56.528 INFORMAÇÕES [http-nio-8001-exec-12] org.apache.catalina.core.ApplicationContext.log Manager: list: Listing contexts for virtual host 'localhost'
10-Mar-2021 12:29:56.553 INFORMAÇÕES [http-nio-8001-exec-1] org.apache.catalina.core.ApplicationContext.log Manager: deploy: Deploying web application '/tasks-backend'
10-Mar-2021 12:29:56.553 INFORMAÇÕES [http-nio-8001-exec-1] org.apache.catalina.core.ApplicationContext.log Manager: Uploading WAR file to C:\Users\hpadmin\Desktop\devops\apache-tomcat\webapps\tasks-backend.war
10-Mar-2021 12:29:57.735 INFORMAÇÕES [http-nio-8001-exec-13] org.apache.catalina.core.ApplicationContext.log HTMLManager: list: Listing contexts for virtual host 'localhost'
10-Mar-2021 12:30:03.486 INFORMAÇÕES [http-nio-8001-exec-14] org.apache.catalina.core.ApplicationContext.log HTMLManager: list: Listing contexts for virtual host 'localhost'
10-Mar-2021 12:32:22.608 INFORMAÇÕES [http-nio-8001-exec-16] org.apache.catalina.core.ApplicationContext.log HTMLManager: list: Listing contexts for virtual host 'localhost'
10-Mar-2021 12:38:14.715 INFORMAÇÕES [http-nio-8001-exec-18] org.apache.catalina.core.ApplicationContext.log HTMLManager: sessions: Session information for web application '/host-manager'
10-Mar-2021 12:38:14.716 INFORMAÇÕES [http-nio-8001-exec-18] org.apache.catalina.core.ApplicationContext.log HTMLManager: sessions: Session expiration for 30 minutes '/host-manager'
10-Mar-2021 12:38:14.717 INFORMAÇÕES [http-nio-8001-exec-18] org.apache.catalina.core.ApplicationContext.log HTMLManager: list: Listing contexts for virtual host 'localhost'
10-Mar-2021 12:38:22.254 INFORMAÇÕES [http-nio-8001-exec-13] org.apache.catalina.core.ApplicationContext.log HTMLManager: sessions: Session information for web application '/host-manager'
10-Mar-2021 12:38:22.254 INFORMAÇÕES [http-nio-8001-exec-13] org.apache.catalina.core.ApplicationContext.log HTMLManager: sessions: Session expiration for 30 minutes '/host-manager'
10-Mar-2021 12:38:22.255 INFORMAÇÕES [http-nio-8001-exec-13] org.apache.catalina.core.ApplicationContext.log HTMLManager: list: Listing contexts for virtual host 'localhost'
10-Mar-2021 12:38:32.792 INFORMAÇÕES [http-nio-8001-exec-20] org.apache.catalina.core.ApplicationContext.log HTMLManager: undeploy: Undeploying web application at '/tasks'
10-Mar-2021 12:38:33.757 INFORMAÇÕES [http-nio-8001-exec-20] org.apache.catalina.core.ApplicationContext.log HTMLManager: list: Listing contexts for virtual host 'localhost'
10-Mar-2021 12:40:54.247 INFORMAÇÕES [http-nio-8001-exec-21] org.apache.catalina.core.ApplicationContext.log Manager: list: Listing contexts for virtual host 'localhost'
10-Mar-2021 12:40:54.252 INFORMAÇÕES [http-nio-8001-exec-22] org.apache.catalina.core.ApplicationContext.log Manager: deploy: Deploying web application '/tasks'
10-Mar-2021 12:40:54.252 INFORMAÇÕES [http-nio-8001-exec-22] org.apache.catalina.core.ApplicationContext.log Manager: Uploading WAR file to C:\Users\hpadmin\Desktop\devops\apache-tomcat\webapps\tasks.war
10-Mar-2021 12:46:17.892 INFORMAÇÕES [http-nio-8001-exec-24] org.apache.catalina.core.ApplicationContext.log Manager: list: Listing contexts for virtual host 'localhost'
10-Mar-2021 12:46:17.895 INFORMAÇÕES [http-nio-8001-exec-25] org.apache.catalina.core.ApplicationContext.log Manager: list: Listing contexts for virtual host 'localhost'
10-Mar-2021 12:46:17.898 INFORMAÇÕES [http-nio-8001-exec-25] org.apache.catalina.core.ApplicationContext.log Manager: undeploy: Undeploying web application at '/tasks'
10-Mar-2021 12:46:18.753 INFORMAÇÕES [http-nio-8001-exec-24] org.apache.catalina.core.ApplicationContext.log Manager: deploy: Deploying web application '/tasks'
10-Mar-2021 12:46:18.753 INFORMAÇÕES [http-nio-8001-exec-24] org.apache.catalina.core.ApplicationContext.log Manager: Uploading WAR file to C:\Users\hpadmin\Desktop\devops\apache-tomcat\webapps\tasks.war
10-Mar-2021 12:47:10.626 INFORMAÇÕES [http-nio-8001-exec-29] org.apache.catalina.core.ApplicationContext.log Manager: list: Listing contexts for virtual host 'localhost'
10-Mar-2021 12:47:10.629 INFORMAÇÕES [http-nio-8001-exec-21] org.apache.catalina.core.ApplicationContext.log Manager: list: Listing contexts for virtual host 'localhost'
10-Mar-2021 12:47:10.632 INFORMAÇÕES [http-nio-8001-exec-23] org.apache.catalina.core.ApplicationContext.log Manager: undeploy: Undeploying web application at '/tasks'
10-Mar-2021 12:47:11.381 INFORMAÇÕES [http-nio-8001-exec-23] org.apache.catalina.core.ApplicationContext.log Manager: deploy: Deploying web application '/tasks'
10-Mar-2021 12:47:11.381 INFORMAÇÕES [http-nio-8001-exec-23] org.apache.catalina.core.ApplicationContext.log Manager: Uploading WAR file to C:\Users\hpadmin\Desktop\devops\apache-tomcat\webapps\tasks.war
10-Mar-2021 12:48:07.948 INFORMAÇÕES [http-nio-8001-exec-32] org.apache.catalina.core.ApplicationContext.log Manager: list: Listing contexts for virtual host 'localhost'
10-Mar-2021 12:48:07.957 INFORMAÇÕES [http-nio-8001-exec-21] org.apache.catalina.core.ApplicationContext.log Manager: list: Listing contexts for virtual host 'localhost'
10-Mar-2021 12:48:07.960 INFORMAÇÕES [http-nio-8001-exec-33] org.apache.catalina.core.ApplicationContext.log Manager: undeploy: Undeploying web application at '/tasks'
10-Mar-2021 12:48:08.692 INFORMAÇÕES [http-nio-8001-exec-35] org.apache.catalina.core.ApplicationContext.log Manager: deploy: Deploying web application '/tasks'
10-Mar-2021 12:48:08.692 INFORMAÇÕES [http-nio-8001-exec-35] org.apache.catalina.core.ApplicationContext.log Manager: Uploading WAR file to C:\Users\hpadmin\Desktop\devops\apache-tomcat\webapps\tasks.war
10-Mar-2021 12:49:05.601 INFORMAÇÕES [http-nio-8001-exec-37] org.apache.catalina.core.ApplicationContext.log Manager: list: Listing contexts for virtual host 'localhost'
10-Mar-2021 12:49:05.601 INFORMAÇÕES [http-nio-8001-exec-22] org.apache.catalina.core.ApplicationContext.log Manager: list: Listing contexts for virtual host 'localhost'
10-Mar-2021 12:49:05.617 INFORMAÇÕES [http-nio-8001-exec-26] org.apache.catalina.core.ApplicationContext.log Manager: undeploy: Undeploying web application at '/tasks'
10-Mar-2021 12:49:06.341 INFORMAÇÕES [http-nio-8001-exec-39] org.apache.catalina.core.ApplicationContext.log Manager: deploy: Deploying web application '/tasks'
10-Mar-2021 12:49:06.341 INFORMAÇÕES [http-nio-8001-exec-39] org.apache.catalina.core.ApplicationContext.log Manager: Uploading WAR file to C:\Users\hpadmin\Desktop\devops\apache-tomcat\webapps\tasks.war
10-Mar-2021 12:50:06.234 INFORMAÇÕES [http-nio-8001-exec-26] org.apache.catalina.core.ApplicationContext.log Manager: list: Listing contexts for virtual host 'localhost'
10-Mar-2021 12:50:06.236 INFORMAÇÕES [http-nio-8001-exec-41] org.apache.catalina.core.ApplicationContext.log Manager: list: Listing contexts for virtual host 'localhost'
10-Mar-2021 12:50:06.238 INFORMAÇÕES [http-nio-8001-exec-42] org.apache.catalina.core.ApplicationContext.log Manager: undeploy: Undeploying web application at '/tasks'
10-Mar-2021 12:50:06.963 INFORMAÇÕES [http-nio-8001-exec-43] org.apache.catalina.core.ApplicationContext.log Manager: deploy: Deploying web application '/tasks'
10-Mar-2021 12:50:06.963 INFORMAÇÕES [http-nio-8001-exec-43] org.apache.catalina.core.ApplicationContext.log Manager: Uploading WAR file to C:\Users\hpadmin\Desktop\devops\apache-tomcat\webapps\tasks.war
10-Mar-2021 12:51:06.254 INFORMAÇÕES [http-nio-8001-exec-26] org.apache.catalina.core.ApplicationContext.log Manager: list: Listing contexts for virtual host 'localhost'
10-Mar-2021 12:51:06.254 INFORMAÇÕES [http-nio-8001-exec-38] org.apache.catalina.core.ApplicationContext.log Manager: list: Listing contexts for virtual host 'localhost'
10-Mar-2021 12:51:06.271 INFORMAÇÕES [http-nio-8001-exec-27] org.apache.catalina.core.ApplicationContext.log Manager: undeploy: Undeploying web application at '/tasks'
10-Mar-2021 12:51:07.002 INFORMAÇÕES [http-nio-8001-exec-46] org.apache.catalina.core.ApplicationContext.log Manager: deploy: Deploying web application '/tasks'
10-Mar-2021 12:51:07.002 INFORMAÇÕES [http-nio-8001-exec-46] org.apache.catalina.core.ApplicationContext.log Manager: Uploading WAR file to C:\Users\hpadmin\Desktop\devops\apache-tomcat\webapps\tasks.war
10-Mar-2021 12:52:06.889 INFORMAÇÕES [http-nio-8001-exec-27] org.apache.catalina.core.ApplicationContext.log Manager: list: Listing contexts for virtual host 'localhost'
10-Mar-2021 12:52:06.892 INFORMAÇÕES [http-nio-8001-exec-48] org.apache.catalina.core.ApplicationContext.log Manager: list: Listing contexts for virtual host 'localhost'
10-Mar-2021 12:52:06.893 INFORMAÇÕES [http-nio-8001-exec-49] org.apache.catalina.core.ApplicationContext.log Manager: undeploy: Undeploying web application at '/tasks'
10-Mar-2021 12:52:07.603 INFORMAÇÕES [http-nio-8001-exec-49] org.apache.catalina.core.ApplicationContext.log Manager: deploy: Deploying web application '/tasks'
10-Mar-2021 12:52:07.604 INFORMAÇÕES [http-nio-8001-exec-49] org.apache.catalina.core.ApplicationContext.log Manager: Uploading WAR file to C:\Users\hpadmin\Desktop\devops\apache-tomcat\webapps\tasks.war
10-Mar-2021 12:53:05.940 INFORMAÇÕES [http-nio-8001-exec-45] org.apache.catalina.core.ApplicationContext.log Manager: list: Listing contexts for virtual host 'localhost'
10-Mar-2021 12:53:05.940 INFORMAÇÕES [http-nio-8001-exec-48] org.apache.catalina.core.ApplicationContext.log Manager: list: Listing contexts for virtual host 'localhost'
10-Mar-2021 12:53:05.940 INFORMAÇÕES [http-nio-8001-exec-27] org.apache.catalina.core.ApplicationContext.log Manager: undeploy: Undeploying web application at '/tasks'
10-Mar-2021 12:53:06.663 INFORMAÇÕES [http-nio-8001-exec-48] org.apache.catalina.core.ApplicationContext.log Manager: deploy: Deploying web application '/tasks'
10-Mar-2021 12:53:06.663 INFORMAÇÕES [http-nio-8001-exec-48] org.apache.catalina.core.ApplicationContext.log Manager: Uploading WAR file to C:\Users\hpadmin\Desktop\devops\apache-tomcat\webapps\tasks.war
10-Mar-2021 12:54:05.551 INFORMAÇÕES [http-nio-8001-exec-52] org.apache.catalina.core.ApplicationContext.log Manager: list: Listing contexts for virtual host 'localhost'
10-Mar-2021 12:54:05.551 INFORMAÇÕES [http-nio-8001-exec-56] org.apache.catalina.core.ApplicationContext.log Manager: list: Listing contexts for virtual host 'localhost'
10-Mar-2021 12:54:05.551 INFORMAÇÕES [http-nio-8001-exec-47] org.apache.catalina.core.ApplicationContext.log Manager: undeploy: Undeploying web application at '/tasks'
10-Mar-2021 12:54:06.240 INFORMAÇÕES [http-nio-8001-exec-54] org.apache.catalina.core.ApplicationContext.log Manager: deploy: Deploying web application '/tasks'
10-Mar-2021 12:54:06.240 INFORMAÇÕES [http-nio-8001-exec-54] org.apache.catalina.core.ApplicationContext.log Manager: Uploading WAR file to C:\Users\hpadmin\Desktop\devops\apache-tomcat\webapps\tasks.war
10-Mar-2021 12:55:11.743 INFORMAÇÕES [http-nio-8001-exec-57] org.apache.catalina.core.ApplicationContext.log Manager: list: Listing contexts for virtual host 'localhost'
10-Mar-2021 12:55:11.746 INFORMAÇÕES [http-nio-8001-exec-57] org.apache.catalina.core.ApplicationContext.log Manager: list: Listing contexts for virtual host 'localhost'
10-Mar-2021 12:55:11.748 INFORMAÇÕES [http-nio-8001-exec-58] org.apache.catalina.core.ApplicationContext.log Manager: undeploy: Undeploying web application at '/tasks'
10-Mar-2021 12:55:12.649 INFORMAÇÕES [http-nio-8001-exec-55] org.apache.catalina.core.ApplicationContext.log Manager: deploy: Deploying web application '/tasks'
10-Mar-2021 12:55:12.650 INFORMAÇÕES [http-nio-8001-exec-55] org.apache.catalina.core.ApplicationContext.log Manager: Uploading WAR file to C:\Users\hpadmin\Desktop\devops\apache-tomcat\webapps\tasks.war
10-Mar-2021 12:56:11.835 INFORMAÇÕES [http-nio-8001-exec-60] org.apache.catalina.core.ApplicationContext.log Manager: list: Listing contexts for virtual host 'localhost'
10-Mar-2021 12:56:11.837 INFORMAÇÕES [http-nio-8001-exec-61] org.apache.catalina.core.ApplicationContext.log Manager: list: Listing contexts for virtual host 'localhost'
10-Mar-2021 12:56:11.839 INFORMAÇÕES [http-nio-8001-exec-61] org.apache.catalina.core.ApplicationContext.log Manager: undeploy: Undeploying web application at '/tasks'
10-Mar-2021 12:56:12.650 INFORMAÇÕES [http-nio-8001-exec-53] org.apache.catalina.core.ApplicationContext.log Manager: deploy: Deploying web application '/tasks'
10-Mar-2021 12:56:12.651 INFORMAÇÕES [http-nio-8001-exec-53] org.apache.catalina.core.ApplicationContext.log Manager: Uploading WAR file to C:\Users\hpadmin\Desktop\devops\apache-tomcat\webapps\tasks.war
10-Mar-2021 12:57:10.443 INFORMAÇÕES [http-nio-8001-exec-27] org.apache.catalina.core.ApplicationContext.log Manager: list: Listing contexts for virtual host 'localhost'
10-Mar-2021 12:57:10.446 INFORMAÇÕES [http-nio-8001-exec-47] org.apache.catalina.core.ApplicationContext.log Manager: list: Listing contexts for virtual host 'localhost'
10-Mar-2021 12:57:10.448 INFORMAÇÕES [http-nio-8001-exec-34] org.apache.catalina.core.ApplicationContext.log Manager: undeploy: Undeploying web application at '/tasks'
10-Mar-2021 12:57:11.240 INFORMAÇÕES [http-nio-8001-exec-64] org.apache.catalina.core.ApplicationContext.log Manager: deploy: Deploying web application '/tasks'
10-Mar-2021 12:57:11.240 INFORMAÇÕES [http-nio-8001-exec-64] org.apache.catalina.core.ApplicationContext.log Manager: Uploading WAR file to C:\Users\hpadmin\Desktop\devops\apache-tomcat\webapps\tasks.war
10-Mar-2021 12:58:09.459 INFORMAÇÕES [http-nio-8001-exec-61] org.apache.catalina.core.ApplicationContext.log Manager: list: Listing contexts for virtual host 'localhost'
10-Mar-2021 12:58:09.461 INFORMAÇÕES [http-nio-8001-exec-65] org.apache.catalina.core.ApplicationContext.log Manager: list: Listing contexts for virtual host 'localhost'
10-Mar-2021 12:58:09.463 INFORMAÇÕES [http-nio-8001-exec-66] org.apache.catalina.core.ApplicationContext.log Manager: undeploy: Undeploying web application at '/tasks'
10-Mar-2021 12:58:10.217 INFORMAÇÕES [http-nio-8001-exec-65] org.apache.catalina.core.ApplicationContext.log Manager: deploy: Deploying web application '/tasks'
10-Mar-2021 12:58:10.217 INFORMAÇÕES [http-nio-8001-exec-65] org.apache.catalina.core.ApplicationContext.log Manager: Uploading WAR file to C:\Users\hpadmin\Desktop\devops\apache-tomcat\webapps\tasks.war
10-Mar-2021 12:59:08.744 INFORMAÇÕES [http-nio-8001-exec-68] org.apache.catalina.core.ApplicationContext.log Manager: list: Listing contexts for virtual host 'localhost'
10-Mar-2021 12:59:08.755 INFORMAÇÕES [http-nio-8001-exec-69] org.apache.catalina.core.ApplicationContext.log Manager: list: Listing contexts for virtual host 'localhost'
10-Mar-2021 12:59:08.759 INFORMAÇÕES [http-nio-8001-exec-47] org.apache.catalina.core.ApplicationContext.log Manager: undeploy: Undeploying web application at '/tasks'
10-Mar-2021 12:59:09.529 INFORMAÇÕES [http-nio-8001-exec-70] org.apache.catalina.core.ApplicationContext.log Manager: deploy: Deploying web application '/tasks'
10-Mar-2021 12:59:09.530 INFORMAÇÕES [http-nio-8001-exec-70] org.apache.catalina.core.ApplicationContext.log Manager: Uploading WAR file to C:\Users\hpadmin\Desktop\devops\apache-tomcat\webapps\tasks.war
10-Mar-2021 13:00:12.467 INFORMAÇÕES [http-nio-8001-exec-73] org.apache.catalina.core.ApplicationContext.log Manager: list: Listing contexts for virtual host 'localhost'
10-Mar-2021 13:00:12.471 INFORMAÇÕES [http-nio-8001-exec-74] org.apache.catalina.core.ApplicationContext.log Manager: list: Listing contexts for virtual host 'localhost'
10-Mar-2021 13:00:12.474 INFORMAÇÕES [http-nio-8001-exec-74] org.apache.catalina.core.ApplicationContext.log Manager: undeploy: Undeploying web application at '/tasks'
10-Mar-2021 13:00:13.321 INFORMAÇÕES [http-nio-8001-exec-66] org.apache.catalina.core.ApplicationContext.log Manager: deploy: Deploying web application '/tasks'
10-Mar-2021 13:00:13.321 INFORMAÇÕES [http-nio-8001-exec-66] org.apache.catalina.core.ApplicationContext.log Manager: Uploading WAR file to C:\Users\hpadmin\Desktop\devops\apache-tomcat\webapps\tasks.war
10-Mar-2021 13:01:18.256 INFORMAÇÕES [http-nio-8001-exec-76] org.apache.catalina.core.ApplicationContext.log Manager: list: Listing contexts for virtual host 'localhost'
10-Mar-2021 13:01:18.260 INFORMAÇÕES [http-nio-8001-exec-77] org.apache.catalina.core.ApplicationContext.log Manager: list: Listing contexts for virtual host 'localhost'
10-Mar-2021 13:01:18.262 INFORMAÇÕES [http-nio-8001-exec-77] org.apache.catalina.core.ApplicationContext.log Manager: undeploy: Undeploying web application at '/tasks'
10-Mar-2021 13:01:19.140 INFORMAÇÕES [http-nio-8001-exec-78] org.apache.catalina.core.ApplicationContext.log Manager: deploy: Deploying web application '/tasks'
10-Mar-2021 13:01:19.140 INFORMAÇÕES [http-nio-8001-exec-78] org.apache.catalina.core.ApplicationContext.log Manager: Uploading WAR file to C:\Users\hpadmin\Desktop\devops\apache-tomcat\webapps\tasks.war
10-Mar-2021 13:02:09.865 INFORMAÇÕES [http-nio-8001-exec-76] org.apache.catalina.core.ApplicationContext.log Manager: list: Listing contexts for virtual host 'localhost'
10-Mar-2021 13:02:09.868 INFORMAÇÕES [http-nio-8001-exec-47] org.apache.catalina.core.ApplicationContext.log Manager: list: Listing contexts for virtual host 'localhost'
10-Mar-2021 13:02:09.872 INFORMAÇÕES [http-nio-8001-exec-73] org.apache.catalina.core.ApplicationContext.log Manager: undeploy: Undeploying web application at '/tasks'
10-Mar-2021 13:02:10.626 INFORMAÇÕES [http-nio-8001-exec-82] org.apache.catalina.core.ApplicationContext.log Manager: deploy: Deploying web application '/tasks'
10-Mar-2021 13:02:10.626 INFORMAÇÕES [http-nio-8001-exec-82] org.apache.catalina.core.ApplicationContext.log Manager: Uploading WAR file to C:\Users\hpadmin\Desktop\devops\apache-tomcat\webapps\tasks.war
10-Mar-2021 13:03:10.548 INFORMAÇÕES [http-nio-8001-exec-73] org.apache.catalina.core.ApplicationContext.log Manager: list: Listing contexts for virtual host 'localhost'
10-Mar-2021 13:03:10.551 INFORMAÇÕES [http-nio-8001-exec-84] org.apache.catalina.core.ApplicationContext.log Manager: list: Listing contexts for virtual host 'localhost'
10-Mar-2021 13:03:10.552 INFORMAÇÕES [http-nio-8001-exec-85] org.apache.catalina.core.ApplicationContext.log Manager: undeploy: Undeploying web application at '/tasks'
10-Mar-2021 13:03:11.311 INFORMAÇÕES [http-nio-8001-exec-86] org.apache.catalina.core.ApplicationContext.log Manager: deploy: Deploying web application '/tasks'
10-Mar-2021 13:03:11.311 INFORMAÇÕES [http-nio-8001-exec-86] org.apache.catalina.core.ApplicationContext.log Manager: Uploading WAR file to C:\Users\hpadmin\Desktop\devops\apache-tomcat\webapps\tasks.war
10-Mar-2021 13:04:05.739 INFORMAÇÕES [http-nio-8001-exec-79] org.apache.catalina.core.ApplicationContext.log Manager: list: Listing contexts for virtual host 'localhost'
10-Mar-2021 13:04:05.739 INFORMAÇÕES [http-nio-8001-exec-73] org.apache.catalina.core.ApplicationContext.log Manager: list: Listing contexts for virtual host 'localhost'
10-Mar-2021 13:04:05.739 INFORMAÇÕES [http-nio-8001-exec-34] org.apache.catalina.core.ApplicationContext.log Manager: undeploy: Undeploying web application at '/tasks'
10-Mar-2021 13:04:06.429 INFORMAÇÕES [http-nio-8001-exec-84] org.apache.catalina.core.ApplicationContext.log Manager: deploy: Deploying web application '/tasks'
10-Mar-2021 13:04:06.429 INFORMAÇÕES [http-nio-8001-exec-84] org.apache.catalina.core.ApplicationContext.log Manager: Uploading WAR file to C:\Users\hpadmin\Desktop\devops\apache-tomcat\webapps\tasks.war
10-Mar-2021 13:05:05.561 INFORMAÇÕES [http-nio-8001-exec-88] org.apache.catalina.core.ApplicationContext.log Manager: list: Listing contexts for virtual host 'localhost'
10-Mar-2021 13:05:05.565 INFORMAÇÕES [http-nio-8001-exec-87] org.apache.catalina.core.ApplicationContext.log Manager: list: Listing contexts for virtual host 'localhost'
10-Mar-2021 13:05:05.567 INFORMAÇÕES [http-nio-8001-exec-87] org.apache.catalina.core.ApplicationContext.log Manager: undeploy: Undeploying web application at '/tasks'
10-Mar-2021 13:05:06.312 INFORMAÇÕES [http-nio-8001-exec-91] org.apache.catalina.core.ApplicationContext.log Manager: deploy: Deploying web application '/tasks'
10-Mar-2021 13:05:06.313 INFORMAÇÕES [http-nio-8001-exec-91] org.apache.catalina.core.ApplicationContext.log Manager: Uploading WAR file to C:\Users\hpadmin\Desktop\devops\apache-tomcat\webapps\tasks.war
10-Mar-2021 13:29:21.540 INFORMAÇÕES [http-nio-8001-exec-94] org.apache.catalina.core.ApplicationContext.log Manager: list: Listing contexts for virtual host 'localhost'
10-Mar-2021 13:29:21.547 INFORMAÇÕES [http-nio-8001-exec-94] org.apache.catalina.core.ApplicationContext.log Manager: list: Listing contexts for virtual host 'localhost'
10-Mar-2021 13:29:21.552 INFORMAÇÕES [http-nio-8001-exec-95] org.apache.catalina.core.ApplicationContext.log Manager: undeploy: Undeploying web application at '/tasks'
10-Mar-2021 13:29:22.819 INFORMAÇÕES [http-nio-8001-exec-94] org.apache.catalina.core.ApplicationContext.log Manager: deploy: Deploying web application '/tasks'
10-Mar-2021 13:29:22.819 INFORMAÇÕES [http-nio-8001-exec-94] org.apache.catalina.core.ApplicationContext.log Manager: Uploading WAR file to C:\Users\hpadmin\Desktop\devops\apache-tomcat\webapps\tasks.war
10-Mar-2021 14:26:05.543 INFORMAÇÕES [http-nio-8001-exec-107] org.apache.catalina.core.ApplicationContext.log HTMLManager: list: Listing contexts for virtual host 'localhost'
10-Mar-2021 14:26:08.564 INFORMAÇÕES [http-nio-8001-exec-110] org.apache.catalina.core.ApplicationContext.log HTMLManager: undeploy: Undeploying web application at '/tasks'
10-Mar-2021 14:26:09.527 INFORMAÇÕES [http-nio-8001-exec-110] org.apache.catalina.core.ApplicationContext.log HTMLManager: list: Listing contexts for virtual host 'localhost'
10-Mar-2021 14:26:12.178 INFORMAÇÕES [http-nio-8001-exec-108] org.apache.catalina.core.ApplicationContext.log HTMLManager: undeploy: Undeploying web application at '/tasks-backend'
10-Mar-2021 14:26:13.582 INFORMAÇÕES [http-nio-8001-exec-108] org.apache.catalina.core.ApplicationContext.log HTMLManager: list: Listing contexts for virtual host 'localhost'
10-Mar-2021 14:30:42.162 INFORMAÇÕES [http-nio-8001-exec-115] org.apache.catalina.core.ApplicationContext.log Manager: list: Listing contexts for virtual host 'localhost'
10-Mar-2021 14:30:42.167 INFORMAÇÕES [http-nio-8001-exec-116] org.apache.catalina.core.ApplicationContext.log Manager: deploy: Deploying web application '/tasks-backend'
10-Mar-2021 14:30:42.167 INFORMAÇÕES [http-nio-8001-exec-116] org.apache.catalina.core.ApplicationContext.log Manager: Uploading WAR file to C:\Users\hpadmin\Desktop\devops\apache-tomcat\webapps\tasks-backend.war
10-Mar-2021 14:31:41.557 INFORMAÇÕES [http-nio-8001-exec-118] org.apache.catalina.core.ApplicationContext.log Manager: list: Listing contexts for virtual host 'localhost'
10-Mar-2021 14:31:41.562 INFORMAÇÕES [http-nio-8001-exec-119] org.apache.catalina.core.ApplicationContext.log Manager: deploy: Deploying web application '/tasks'
10-Mar-2021 14:31:41.562 INFORMAÇÕES [http-nio-8001-exec-119] org.apache.catalina.core.ApplicationContext.log Manager: Uploading WAR file to C:\Users\hpadmin\Desktop\devops\apache-tomcat\webapps\tasks.war
10-Mar-2021 14:32:10.267 INFORMAÇÕES [http-nio-8001-exec-120] org.apache.catalina.core.ApplicationContext.log HTMLManager: undeploy: Undeploying web application at '/tasks-backend'
10-Mar-2021 14:32:11.526 INFORMAÇÕES [http-nio-8001-exec-120] org.apache.catalina.core.ApplicationContext.log HTMLManager: list: Listing contexts for virtual host 'localhost'
10-Mar-2021 14:32:21.837 INFORMAÇÕES [http-nio-8001-exec-115] org.apache.catalina.core.ApplicationContext.log HTMLManager: list: Listing contexts for virtual host 'localhost'
10-Mar-2021 14:32:46.666 INFORMAÇÕES [http-nio-8001-exec-119] org.apache.catalina.core.ApplicationContext.log Manager: list: Listing contexts for virtual host 'localhost'
10-Mar-2021 14:32:46.668 INFORMAÇÕES [http-nio-8001-exec-117] org.apache.catalina.core.ApplicationContext.log Manager: deploy: Deploying web application '/tasks-backend'
10-Mar-2021 14:32:46.669 INFORMAÇÕES [http-nio-8001-exec-117] org.apache.catalina.core.ApplicationContext.log Manager: Uploading WAR file to C:\Users\hpadmin\Desktop\devops\apache-tomcat\webapps\tasks-backend.war
10-Mar-2021 14:33:10.721 INFORMAÇÕES [http-nio-8001-exec-123] org.apache.catalina.core.ApplicationContext.log HTMLManager: list: Listing contexts for virtual host 'localhost'
10-Mar-2021 14:33:31.250 INFORMAÇÕES [http-nio-8001-exec-128] org.apache.catalina.core.ApplicationContext.log Manager: list: Listing contexts for virtual host 'localhost'
10-Mar-2021 14:33:31.256 INFORMAÇÕES [http-nio-8001-exec-129] org.apache.catalina.core.ApplicationContext.log Manager: list: Listing contexts for virtual host 'localhost'
10-Mar-2021 14:33:31.260 INFORMAÇÕES [http-nio-8001-exec-129] org.apache.catalina.core.ApplicationContext.log Manager: undeploy: Undeploying web application at '/tasks'
10-Mar-2021 14:33:32.120 INFORMAÇÕES [http-nio-8001-exec-125] org.apache.catalina.core.ApplicationContext.log Manager: deploy: Deploying web application '/tasks'
10-Mar-2021 14:33:32.121 INFORMAÇÕES [http-nio-8001-exec-125] org.apache.catalina.core.ApplicationContext.log Manager: Uploading WAR file to C:\Users\hpadmin\Desktop\devops\apache-tomcat\webapps\tasks.war
10-Mar-2021 14:34:22.938 INFORMAÇÕES [http-nio-8001-exec-123] org.apache.catalina.core.ApplicationContext.log HTMLManager: undeploy: Undeploying web application at '/tasks-backend'
10-Mar-2021 14:34:23.979 INFORMAÇÕES [http-nio-8001-exec-123] org.apache.catalina.core.ApplicationContext.log HTMLManager: list: Listing contexts for virtual host 'localhost'
10-Mar-2021 14:34:26.489 INFORMAÇÕES [http-nio-8001-exec-128] org.apache.catalina.core.ApplicationContext.log HTMLManager: undeploy: Undeploying web application at '/tasks'
10-Mar-2021 14:34:27.318 INFORMAÇÕES [http-nio-8001-exec-128] org.apache.catalina.core.ApplicationContext.log HTMLManager: list: Listing contexts for virtual host 'localhost'
10-Mar-2021 14:34:47.397 INFORMAÇÕES [http-nio-8001-exec-134] org.apache.catalina.core.ApplicationContext.log Manager: list: Listing contexts for virtual host 'localhost'
10-Mar-2021 14:34:47.400 INFORMAÇÕES [http-nio-8001-exec-126] org.apache.catalina.core.ApplicationContext.log Manager: deploy: Deploying web application '/tasks-backend'
10-Mar-2021 14:34:47.400 INFORMAÇÕES [http-nio-8001-exec-126] org.apache.catalina.core.ApplicationContext.log Manager: Uploading WAR file to C:\Users\hpadmin\Desktop\devops\apache-tomcat\webapps\tasks-backend.war
10-Mar-2021 14:35:48.166 INFORMAÇÕES [http-nio-8001-exec-138] org.apache.catalina.core.ApplicationContext.log Manager: list: Listing contexts for virtual host 'localhost'
10-Mar-2021 14:35:48.170 INFORMAÇÕES [http-nio-8001-exec-139] org.apache.catalina.core.ApplicationContext.log Manager: deploy: Deploying web application '/tasks'
10-Mar-2021 14:35:48.171 INFORMAÇÕES [http-nio-8001-exec-139] org.apache.catalina.core.ApplicationContext.log Manager: Uploading WAR file to C:\Users\hpadmin\Desktop\devops\apache-tomcat\webapps\tasks.war
