15-Mar-2021 12:33:32.582 INFORMAÇÕES [http-nio-8001-exec-105] org.apache.catalina.core.ApplicationContext.log Manager: list: Listing contexts for virtual host 'localhost'
15-Mar-2021 12:33:32.679 INFORMAÇÕES [http-nio-8001-exec-105] org.apache.catalina.core.ApplicationContext.log Manager: list: Listing contexts for virtual host 'localhost'
15-Mar-2021 12:33:32.696 INFORMAÇÕES [http-nio-8001-exec-106] org.apache.catalina.core.ApplicationContext.log Manager: undeploy: Undeploying web application at '/tasks-backend'
15-Mar-2021 12:33:34.815 INFORMAÇÕES [http-nio-8001-exec-110] org.apache.catalina.core.ApplicationContext.log Manager: deploy: Deploying web application '/tasks-backend'
15-Mar-2021 12:33:34.815 INFORMAÇÕES [http-nio-8001-exec-110] org.apache.catalina.core.ApplicationContext.log Manager: Uploading WAR file to C:\Users\hpadmin\Desktop\devops\apache-tomcat\webapps\tasks-backend.war
15-Mar-2021 12:38:29.943 INFORMAÇÕES [http-nio-8001-exec-115] org.apache.catalina.core.ApplicationContext.log Manager: list: Listing contexts for virtual host 'localhost'
15-Mar-2021 12:38:29.943 INFORMAÇÕES [http-nio-8001-exec-113] org.apache.catalina.core.ApplicationContext.log Manager: list: Listing contexts for virtual host 'localhost'
15-Mar-2021 12:38:29.943 INFORMAÇÕES [http-nio-8001-exec-113] org.apache.catalina.core.ApplicationContext.log Manager: undeploy: Undeploying web application at '/tasks-backend'
15-Mar-2021 12:38:30.849 INFORMAÇÕES [http-nio-8001-exec-120] org.apache.catalina.core.ApplicationContext.log Manager: deploy: Deploying web application '/tasks-backend'
15-Mar-2021 12:38:30.849 INFORMAÇÕES [http-nio-8001-exec-120] org.apache.catalina.core.ApplicationContext.log Manager: Uploading WAR file to C:\Users\hpadmin\Desktop\devops\apache-tomcat\webapps\tasks-backend.war
15-Mar-2021 13:18:41.640 INFORMAÇÕES [http-nio-8001-exec-122] org.apache.catalina.core.ApplicationContext.log Manager: list: Listing contexts for virtual host 'localhost'
15-Mar-2021 13:18:41.675 INFORMAÇÕES [http-nio-8001-exec-122] org.apache.catalina.core.ApplicationContext.log Manager: list: Listing contexts for virtual host 'localhost'
15-Mar-2021 13:18:41.722 INFORMAÇÕES [http-nio-8001-exec-123] org.apache.catalina.core.ApplicationContext.log Manager: undeploy: Undeploying web application at '/tasks-backend'
15-Mar-2021 13:18:44.666 INFORMAÇÕES [http-nio-8001-exec-122] org.apache.catalina.core.ApplicationContext.log Manager: deploy: Deploying web application '/tasks-backend'
15-Mar-2021 13:18:44.667 INFORMAÇÕES [http-nio-8001-exec-122] org.apache.catalina.core.ApplicationContext.log Manager: Uploading WAR file to C:\Users\hpadmin\Desktop\devops\apache-tomcat\webapps\tasks-backend.war
15-Mar-2021 13:20:16.871 INFORMAÇÕES [http-nio-8001-exec-129] org.apache.catalina.core.ApplicationContext.log Manager: list: Listing contexts for virtual host 'localhost'
15-Mar-2021 13:20:16.877 INFORMAÇÕES [http-nio-8001-exec-137] org.apache.catalina.core.ApplicationContext.log Manager: list: Listing contexts for virtual host 'localhost'
15-Mar-2021 13:20:16.879 INFORMAÇÕES [http-nio-8001-exec-137] org.apache.catalina.core.ApplicationContext.log Manager: undeploy: Undeploying web application at '/tasks'
15-Mar-2021 13:20:18.039 INFORMAÇÕES [http-nio-8001-exec-136] org.apache.catalina.core.ApplicationContext.log Manager: deploy: Deploying web application '/tasks'
15-Mar-2021 13:20:18.039 INFORMAÇÕES [http-nio-8001-exec-136] org.apache.catalina.core.ApplicationContext.log Manager: Uploading WAR file to C:\Users\hpadmin\Desktop\devops\apache-tomcat\webapps\tasks.war
15-Mar-2021 13:21:39.096 INFORMAÇÕES [http-nio-8001-exec-132] org.apache.catalina.core.ApplicationContext.log HTMLManager: list: Listing contexts for virtual host 'localhost'
15-Mar-2021 13:21:41.965 INFORMAÇÕES [http-nio-8001-exec-141] org.apache.catalina.core.ApplicationContext.log HTMLManager: undeploy: Undeploying web application at '/tasks'
15-Mar-2021 13:21:42.800 INFORMAÇÕES [http-nio-8001-exec-141] org.apache.catalina.core.ApplicationContext.log HTMLManager: list: Listing contexts for virtual host 'localhost'
15-Mar-2021 13:21:45.412 INFORMAÇÕES [http-nio-8001-exec-140] org.apache.catalina.core.ApplicationContext.log HTMLManager: undeploy: Undeploying web application at '/tasks-backend'
15-Mar-2021 13:21:46.234 INFORMAÇÕES [http-nio-8001-exec-140] org.apache.catalina.core.ApplicationContext.log HTMLManager: list: Listing contexts for virtual host 'localhost'
15-Mar-2021 13:21:49.628 INFORMAÇÕES [http-nio-8001-exec-138] org.apache.catalina.core.ApplicationContext.log HTMLManager: undeploy: Undeploying web application at '/tasks-backend'
15-Mar-2021 13:21:49.628 INFORMAÇÕES [http-nio-8001-exec-138] org.apache.catalina.core.ApplicationContext.log HTMLManager: list: Listing contexts for virtual host 'localhost'
15-Mar-2021 13:22:37.860 INFORMAÇÕES [http-nio-8001-exec-145] org.apache.catalina.core.ApplicationContext.log Manager: list: Listing contexts for virtual host 'localhost'
15-Mar-2021 13:22:37.869 INFORMAÇÕES [http-nio-8001-exec-143] org.apache.catalina.core.ApplicationContext.log Manager: deploy: Deploying web application '/tasks-backend'
15-Mar-2021 13:22:37.869 INFORMAÇÕES [http-nio-8001-exec-143] org.apache.catalina.core.ApplicationContext.log Manager: Uploading WAR file to C:\Users\hpadmin\Desktop\devops\apache-tomcat\webapps\tasks-backend.war
15-Mar-2021 13:24:05.201 INFORMAÇÕES [http-nio-8001-exec-152] org.apache.catalina.core.ApplicationContext.log Manager: list: Listing contexts for virtual host 'localhost'
15-Mar-2021 13:24:05.216 INFORMAÇÕES [http-nio-8001-exec-152] org.apache.catalina.core.ApplicationContext.log Manager: deploy: Deploying web application '/tasks'
15-Mar-2021 13:24:05.217 INFORMAÇÕES [http-nio-8001-exec-152] org.apache.catalina.core.ApplicationContext.log Manager: Uploading WAR file to C:\Users\hpadmin\Desktop\devops\apache-tomcat\webapps\tasks.war
15-Mar-2021 13:24:08.475 INFORMAÇÕES [http-nio-8001-exec-153] org.apache.catalina.core.ApplicationContext.log HTMLManager: undeploy: Undeploying web application at '/tasks-backend'
15-Mar-2021 13:24:09.522 INFORMAÇÕES [http-nio-8001-exec-153] org.apache.catalina.core.ApplicationContext.log HTMLManager: list: Listing contexts for virtual host 'localhost'
15-Mar-2021 13:24:22.012 INFORMAÇÕES [http-nio-8001-exec-148] org.apache.catalina.core.ApplicationContext.log HTMLManager: undeploy: Undeploying web application at '/tasks-backend'
15-Mar-2021 13:24:22.012 INFORMAÇÕES [http-nio-8001-exec-148] org.apache.catalina.core.ApplicationContext.log HTMLManager: list: Listing contexts for virtual host 'localhost'
15-Mar-2021 13:24:36.203 INFORMAÇÕES [http-nio-8001-exec-150] org.apache.catalina.core.ApplicationContext.log HTMLManager: undeploy: Undeploying web application at '/tasks-backend'
15-Mar-2021 13:24:36.203 INFORMAÇÕES [http-nio-8001-exec-150] org.apache.catalina.core.ApplicationContext.log HTMLManager: list: Listing contexts for virtual host 'localhost'
15-Mar-2021 13:24:46.920 INFORMAÇÕES [http-nio-8001-exec-159] org.apache.catalina.core.ApplicationContext.log HTMLManager: list: Listing contexts for virtual host 'localhost'
15-Mar-2021 13:28:09.088 INFORMAÇÕES [http-nio-8001-exec-160] org.apache.catalina.core.ApplicationContext.log Manager: list: Listing contexts for virtual host 'localhost'
15-Mar-2021 13:28:09.091 INFORMAÇÕES [http-nio-8001-exec-161] org.apache.catalina.core.ApplicationContext.log Manager: deploy: Deploying web application '/tasks-backend'
15-Mar-2021 13:28:09.092 INFORMAÇÕES [http-nio-8001-exec-161] org.apache.catalina.core.ApplicationContext.log Manager: Uploading WAR file to C:\Users\hpadmin\Desktop\devops\apache-tomcat\webapps\tasks-backend.war
15-Mar-2021 13:28:20.337 INFORMAÇÕES [http-nio-8001-exec-156] org.apache.catalina.core.ApplicationContext.log HTMLManager: list: Listing contexts for virtual host 'localhost'
15-Mar-2021 13:29:35.959 INFORMAÇÕES [http-nio-8001-exec-164] org.apache.catalina.core.ApplicationContext.log Manager: list: Listing contexts for virtual host 'localhost'
15-Mar-2021 13:29:35.962 INFORMAÇÕES [http-nio-8001-exec-165] org.apache.catalina.core.ApplicationContext.log Manager: list: Listing contexts for virtual host 'localhost'
15-Mar-2021 13:29:35.964 INFORMAÇÕES [http-nio-8001-exec-161] org.apache.catalina.core.ApplicationContext.log Manager: undeploy: Undeploying web application at '/tasks'
15-Mar-2021 13:29:37.116 INFORMAÇÕES [http-nio-8001-exec-161] org.apache.catalina.core.ApplicationContext.log Manager: deploy: Deploying web application '/tasks'
15-Mar-2021 13:29:37.117 INFORMAÇÕES [http-nio-8001-exec-161] org.apache.catalina.core.ApplicationContext.log Manager: Uploading WAR file to C:\Users\hpadmin\Desktop\devops\apache-tomcat\webapps\tasks.war
15-Mar-2021 14:22:45.074 INFORMAÇÕES [http-nio-8001-exec-166] org.apache.catalina.core.ApplicationContext.log HTMLManager: list: Listing contexts for virtual host 'localhost'
15-Mar-2021 15:15:34.552 INFORMAÇÕES [http-nio-8001-exec-175] org.apache.catalina.core.ApplicationContext.log HTMLManager: list: Listing contexts for virtual host 'localhost'
15-Mar-2021 16:47:36.914 INFORMAÇÕES [http-nio-8001-exec-168] org.apache.catalina.core.ApplicationContext.log Manager: list: Listing contexts for virtual host 'localhost'
15-Mar-2021 16:47:36.967 INFORMAÇÕES [http-nio-8001-exec-168] org.apache.catalina.core.ApplicationContext.log Manager: list: Listing contexts for virtual host 'localhost'
15-Mar-2021 16:47:36.998 INFORMAÇÕES [http-nio-8001-exec-175] org.apache.catalina.core.ApplicationContext.log Manager: undeploy: Undeploying web application at '/tasks-backend'
15-Mar-2021 16:47:39.060 INFORMAÇÕES [http-nio-8001-exec-168] org.apache.catalina.core.ApplicationContext.log Manager: deploy: Deploying web application '/tasks-backend'
15-Mar-2021 16:47:39.060 INFORMAÇÕES [http-nio-8001-exec-168] org.apache.catalina.core.ApplicationContext.log Manager: Uploading WAR file to C:\Users\hpadmin\Desktop\devops\apache-tomcat\webapps\tasks-backend.war
15-Mar-2021 16:49:17.967 INFORMAÇÕES [http-nio-8001-exec-173] org.apache.catalina.core.ApplicationContext.log Manager: list: Listing contexts for virtual host 'localhost'
15-Mar-2021 16:49:17.973 INFORMAÇÕES [http-nio-8001-exec-167] org.apache.catalina.core.ApplicationContext.log Manager: list: Listing contexts for virtual host 'localhost'
15-Mar-2021 16:49:17.981 INFORMAÇÕES [http-nio-8001-exec-174] org.apache.catalina.core.ApplicationContext.log Manager: undeploy: Undeploying web application at '/tasks'
15-Mar-2021 16:49:19.372 INFORMAÇÕES [http-nio-8001-exec-180] org.apache.catalina.core.ApplicationContext.log Manager: deploy: Deploying web application '/tasks'
15-Mar-2021 16:49:19.372 INFORMAÇÕES [http-nio-8001-exec-180] org.apache.catalina.core.ApplicationContext.log Manager: Uploading WAR file to C:\Users\hpadmin\Desktop\devops\apache-tomcat\webapps\tasks.war
15-Mar-2021 17:41:49.796 INFORMAÇÕES [http-nio-8001-exec-184] org.apache.catalina.core.ApplicationContext.log Manager: list: Listing contexts for virtual host 'localhost'
15-Mar-2021 17:41:49.877 INFORMAÇÕES [http-nio-8001-exec-184] org.apache.catalina.core.ApplicationContext.log Manager: list: Listing contexts for virtual host 'localhost'
15-Mar-2021 17:41:49.921 INFORMAÇÕES [http-nio-8001-exec-184] org.apache.catalina.core.ApplicationContext.log Manager: undeploy: Undeploying web application at '/tasks-backend'
15-Mar-2021 17:41:51.877 INFORMAÇÕES [http-nio-8001-exec-186] org.apache.catalina.core.ApplicationContext.log Manager: deploy: Deploying web application '/tasks-backend'
15-Mar-2021 17:41:51.878 INFORMAÇÕES [http-nio-8001-exec-186] org.apache.catalina.core.ApplicationContext.log Manager: Uploading WAR file to C:\Users\hpadmin\Desktop\devops\apache-tomcat\webapps\tasks-backend.war
15-Mar-2021 17:45:08.155 INFORMAÇÕES [http-nio-8001-exec-192] org.apache.catalina.core.ApplicationContext.log Manager: list: Listing contexts for virtual host 'localhost'
15-Mar-2021 17:45:08.160 INFORMAÇÕES [http-nio-8001-exec-193] org.apache.catalina.core.ApplicationContext.log Manager: list: Listing contexts for virtual host 'localhost'
15-Mar-2021 17:45:08.162 INFORMAÇÕES [http-nio-8001-exec-194] org.apache.catalina.core.ApplicationContext.log Manager: undeploy: Undeploying web application at '/tasks'
15-Mar-2021 17:45:09.898 INFORMAÇÕES [http-nio-8001-exec-195] org.apache.catalina.core.ApplicationContext.log Manager: deploy: Deploying web application '/tasks'
15-Mar-2021 17:45:09.904 INFORMAÇÕES [http-nio-8001-exec-195] org.apache.catalina.core.ApplicationContext.log Manager: Uploading WAR file to C:\Users\hpadmin\Desktop\devops\apache-tomcat\webapps\tasks.war
