11-Mar-2021 13:21:12.773 INFORMAÇÕES [http-nio-8001-exec-6] org.apache.catalina.core.ApplicationContext.log HTMLManager: init: Associated with Deployer 'Catalina:type=Deployer,host=localhost'
11-Mar-2021 13:21:12.776 INFORMAÇÕES [http-nio-8001-exec-6] org.apache.catalina.core.ApplicationContext.log HTMLManager: init: Global resources are available
11-Mar-2021 13:21:12.801 INFORMAÇÕES [http-nio-8001-exec-6] org.apache.catalina.core.ApplicationContext.log HTMLManager: list: Listing contexts for virtual host 'localhost'
11-Mar-2021 13:21:34.666 INFORMAÇÕES [http-nio-8001-exec-10] org.apache.catalina.core.ApplicationContext.log Manager: init: Associated with Deployer 'Catalina:type=Deployer,host=localhost'
11-Mar-2021 13:21:34.666 INFORMAÇÕES [http-nio-8001-exec-10] org.apache.catalina.core.ApplicationContext.log Manager: init: Global resources are available
11-Mar-2021 13:21:34.666 INFORMAÇÕES [http-nio-8001-exec-10] org.apache.catalina.core.ApplicationContext.log Manager: list: Listing contexts for virtual host 'localhost'
11-Mar-2021 13:21:34.798 INFORMAÇÕES [http-nio-8001-exec-3] org.apache.catalina.core.ApplicationContext.log Manager: list: Listing contexts for virtual host 'localhost'
11-Mar-2021 13:21:34.798 INFORMAÇÕES [http-nio-8001-exec-2] org.apache.catalina.core.ApplicationContext.log Manager: undeploy: Undeploying web application at '/tasks'
11-Mar-2021 13:21:35.683 INFORMAÇÕES [http-nio-8001-exec-6] org.apache.catalina.core.ApplicationContext.log Manager: deploy: Deploying web application '/tasks'
11-Mar-2021 13:21:35.683 INFORMAÇÕES [http-nio-8001-exec-6] org.apache.catalina.core.ApplicationContext.log Manager: Uploading WAR file to C:\Users\hpadmin\Desktop\devops\apache-tomcat\webapps\tasks.war
11-Mar-2021 13:27:22.504 INFORMAÇÕES [http-nio-8001-exec-11] org.apache.catalina.core.ApplicationContext.log Manager: list: Listing contexts for virtual host 'localhost'
11-Mar-2021 13:27:22.507 INFORMAÇÕES [http-nio-8001-exec-12] org.apache.catalina.core.ApplicationContext.log Manager: list: Listing contexts for virtual host 'localhost'
11-Mar-2021 13:27:22.507 INFORMAÇÕES [http-nio-8001-exec-13] org.apache.catalina.core.ApplicationContext.log Manager: undeploy: Undeploying web application at '/tasks-backend'
11-Mar-2021 13:27:23.256 INFORMAÇÕES [http-nio-8001-exec-16] org.apache.catalina.core.ApplicationContext.log Manager: deploy: Deploying web application '/tasks-backend'
11-Mar-2021 13:27:23.256 INFORMAÇÕES [http-nio-8001-exec-16] org.apache.catalina.core.ApplicationContext.log Manager: Uploading WAR file to C:\Users\hpadmin\Desktop\devops\apache-tomcat\webapps\tasks-backend.war
11-Mar-2021 13:28:23.846 INFORMAÇÕES [http-nio-8001-exec-19] org.apache.catalina.core.ApplicationContext.log HTMLManager: start: Starting web application '/tasks-backend'
11-Mar-2021 13:28:42.997 GRAVE [http-nio-8001-exec-19] org.apache.catalina.core.ApplicationContext.log FAIL - Application at context path [/tasks-backend] could not be started
	org.apache.catalina.LifecycleException: Failed to start component [StandardEngine[Catalina].StandardHost[localhost].StandardContext[/tasks-backend]]
		at org.apache.catalina.util.LifecycleBase.handleSubClassException(LifecycleBase.java:440)
		at org.apache.catalina.util.LifecycleBase.start(LifecycleBase.java:198)
		at org.apache.catalina.manager.ManagerServlet.start(ManagerServlet.java:1383)
		at org.apache.catalina.manager.HTMLManagerServlet.start(HTMLManagerServlet.java:694)
		at org.apache.catalina.manager.HTMLManagerServlet.doPost(HTMLManagerServlet.java:218)
		at javax.servlet.http.HttpServlet.service(HttpServlet.java:660)
		at javax.servlet.http.HttpServlet.service(HttpServlet.java:741)
		at org.apache.catalina.core.ApplicationFilterChain.internalDoFilter(ApplicationFilterChain.java:231)
		at org.apache.catalina.core.ApplicationFilterChain.doFilter(ApplicationFilterChain.java:166)
		at org.apache.catalina.filters.CsrfPreventionFilter.doFilter(CsrfPreventionFilter.java:211)
		at org.apache.catalina.core.ApplicationFilterChain.internalDoFilter(ApplicationFilterChain.java:193)
		at org.apache.catalina.core.ApplicationFilterChain.doFilter(ApplicationFilterChain.java:166)
		at org.apache.tomcat.websocket.server.WsFilter.doFilter(WsFilter.java:52)
		at org.apache.catalina.core.ApplicationFilterChain.internalDoFilter(ApplicationFilterChain.java:193)
		at org.apache.catalina.core.ApplicationFilterChain.doFilter(ApplicationFilterChain.java:166)
		at org.apache.catalina.filters.SetCharacterEncodingFilter.doFilter(SetCharacterEncodingFilter.java:109)
		at org.apache.catalina.core.ApplicationFilterChain.internalDoFilter(ApplicationFilterChain.java:193)
		at org.apache.catalina.core.ApplicationFilterChain.doFilter(ApplicationFilterChain.java:166)
		at org.apache.catalina.core.StandardWrapperValve.invoke(StandardWrapperValve.java:199)
		at org.apache.catalina.core.StandardContextValve.invoke(StandardContextValve.java:96)
		at org.apache.catalina.authenticator.AuthenticatorBase.invoke(AuthenticatorBase.java:668)
		at org.apache.catalina.valves.RequestFilterValve.process(RequestFilterValve.java:348)
		at org.apache.catalina.valves.RemoteAddrValve.invoke(RemoteAddrValve.java:52)
		at org.apache.catalina.core.StandardHostValve.invoke(StandardHostValve.java:139)
		at org.apache.catalina.valves.ErrorReportValve.invoke(ErrorReportValve.java:81)
		at org.apache.catalina.valves.AbstractAccessLogValve.invoke(AbstractAccessLogValve.java:678)
		at org.apache.catalina.core.StandardEngineValve.invoke(StandardEngineValve.java:87)
		at org.apache.catalina.connector.CoyoteAdapter.service(CoyoteAdapter.java:343)
		at org.apache.coyote.http11.Http11Processor.service(Http11Processor.java:609)
		at org.apache.coyote.AbstractProcessorLight.process(AbstractProcessorLight.java:65)
		at org.apache.coyote.AbstractProtocol$ConnectionHandler.process(AbstractProtocol.java:810)
		at org.apache.tomcat.util.net.NioEndpoint$SocketProcessor.doRun(NioEndpoint.java:1623)
		at org.apache.tomcat.util.net.SocketProcessorBase.run(SocketProcessorBase.java:49)
		at java.util.concurrent.ThreadPoolExecutor.runWorker(ThreadPoolExecutor.java:1149)
		at java.util.concurrent.ThreadPoolExecutor$Worker.run(ThreadPoolExecutor.java:624)
		at org.apache.tomcat.util.threads.TaskThread$WrappingRunnable.run(TaskThread.java:61)
		at java.lang.Thread.run(Thread.java:748)
	Caused by: org.springframework.beans.factory.BeanCreationException: Error creating bean with name 'entityManagerFactory' defined in class path resource [org/springframework/boot/autoconfigure/orm/jpa/HibernateJpaConfiguration.class]: Invocation of init method failed; nested exception is javax.persistence.PersistenceException: [PersistenceUnit: default] Unable to build Hibernate SessionFactory; nested exception is org.hibernate.exception.JDBCConnectionException: Unable to open JDBC Connection for DDL execution
		at org.springframework.beans.factory.support.AbstractAutowireCapableBeanFactory.initializeBean(AbstractAutowireCapableBeanFactory.java:1796)
		at org.springframework.beans.factory.support.AbstractAutowireCapableBeanFactory.doCreateBean(AbstractAutowireCapableBeanFactory.java:595)
		at org.springframework.beans.factory.support.AbstractAutowireCapableBeanFactory.createBean(AbstractAutowireCapableBeanFactory.java:517)
		at org.springframework.beans.factory.support.AbstractBeanFactory.lambda$doGetBean$0(AbstractBeanFactory.java:323)
		at org.springframework.beans.factory.support.DefaultSingletonBeanRegistry.getSingleton(DefaultSingletonBeanRegistry.java:222)
		at org.springframework.beans.factory.support.AbstractBeanFactory.doGetBean(AbstractBeanFactory.java:321)
		at org.springframework.beans.factory.support.AbstractBeanFactory.getBean(AbstractBeanFactory.java:202)
		at org.springframework.context.support.AbstractApplicationContext.getBean(AbstractApplicationContext.java:1108)
		at org.springframework.context.support.AbstractApplicationContext.finishBeanFactoryInitialization(AbstractApplicationContext.java:868)
		at org.springframework.context.support.AbstractApplicationContext.refresh(AbstractApplicationContext.java:550)
		at org.springframework.boot.web.servlet.context.ServletWebServerApplicationContext.refresh(ServletWebServerApplicationContext.java:141)
		at org.springframework.boot.SpringApplication.refresh(SpringApplication.java:747)
		at org.springframework.boot.SpringApplication.refreshContext(SpringApplication.java:397)
		at org.springframework.boot.SpringApplication.run(SpringApplication.java:315)
		at org.springframework.boot.web.servlet.support.SpringBootServletInitializer.run(SpringBootServletInitializer.java:152)
		at org.springframework.boot.web.servlet.support.SpringBootServletInitializer.createRootApplicationContext(SpringBootServletInitializer.java:132)
		at org.springframework.boot.web.servlet.support.SpringBootServletInitializer.onStartup(SpringBootServletInitializer.java:92)
		at org.springframework.web.SpringServletContainerInitializer.onStartup(SpringServletContainerInitializer.java:172)
		at org.apache.catalina.core.StandardContext.startInternal(StandardContext.java:5154)
		at org.apache.catalina.util.LifecycleBase.start(LifecycleBase.java:183)
		... 35 more
	Caused by: javax.persistence.PersistenceException: [PersistenceUnit: default] Unable to build Hibernate SessionFactory; nested exception is org.hibernate.exception.JDBCConnectionException: Unable to open JDBC Connection for DDL execution
		at org.springframework.orm.jpa.AbstractEntityManagerFactoryBean.buildNativeEntityManagerFactory(AbstractEntityManagerFactoryBean.java:403)
		at org.springframework.orm.jpa.AbstractEntityManagerFactoryBean.afterPropertiesSet(AbstractEntityManagerFactoryBean.java:378)
		at org.springframework.orm.jpa.LocalContainerEntityManagerFactoryBean.afterPropertiesSet(LocalContainerEntityManagerFactoryBean.java:341)
		at org.springframework.beans.factory.support.AbstractAutowireCapableBeanFactory.invokeInitMethods(AbstractAutowireCapableBeanFactory.java:1855)
		at org.springframework.beans.factory.support.AbstractAutowireCapableBeanFactory.initializeBean(AbstractAutowireCapableBeanFactory.java:1792)
		... 54 more
	Caused by: org.hibernate.exception.JDBCConnectionException: Unable to open JDBC Connection for DDL execution
		at org.hibernate.exception.internal.SQLStateConversionDelegate.convert(SQLStateConversionDelegate.java:112)
		at org.hibernate.exception.internal.StandardSQLExceptionConverter.convert(StandardSQLExceptionConverter.java:42)
		at org.hibernate.engine.jdbc.spi.SqlExceptionHelper.convert(SqlExceptionHelper.java:113)
		at org.hibernate.engine.jdbc.spi.SqlExceptionHelper.convert(SqlExceptionHelper.java:99)
		at org.hibernate.resource.transaction.backend.jdbc.internal.DdlTransactionIsolatorNonJtaImpl.getIsolatedConnection(DdlTransactionIsolatorNonJtaImpl.java:69)
		at org.hibernate.tool.schema.internal.exec.GenerationTargetToDatabase.jdbcStatement(GenerationTargetToDatabase.java:77)
		at org.hibernate.tool.schema.internal.exec.GenerationTargetToDatabase.accept(GenerationTargetToDatabase.java:53)
		at org.hibernate.tool.schema.internal.SchemaDropperImpl.applySqlString(SchemaDropperImpl.java:375)
		at org.hibernate.tool.schema.internal.SchemaDropperImpl.applySqlStrings(SchemaDropperImpl.java:359)
		at org.hibernate.tool.schema.internal.SchemaDropperImpl.dropFromMetadata(SchemaDropperImpl.java:241)
		at org.hibernate.tool.schema.internal.SchemaDropperImpl.performDrop(SchemaDropperImpl.java:154)
		at org.hibernate.tool.schema.internal.SchemaDropperImpl.doDrop(SchemaDropperImpl.java:126)
		at org.hibernate.tool.schema.internal.SchemaDropperImpl.doDrop(SchemaDropperImpl.java:112)
		at org.hibernate.tool.schema.spi.SchemaManagementToolCoordinator.performDatabaseAction(SchemaManagementToolCoordinator.java:145)
		at org.hibernate.tool.schema.spi.SchemaManagementToolCoordinator.process(SchemaManagementToolCoordinator.java:73)
		at org.hibernate.internal.SessionFactoryImpl.<init>(SessionFactoryImpl.java:320)
		at org.hibernate.boot.internal.SessionFactoryBuilderImpl.build(SessionFactoryBuilderImpl.java:462)
		at org.hibernate.jpa.boot.internal.EntityManagerFactoryBuilderImpl.build(EntityManagerFactoryBuilderImpl.java:1237)
		at org.springframework.orm.jpa.vendor.SpringHibernateJpaPersistenceProvider.createContainerEntityManagerFactory(SpringHibernateJpaPersistenceProvider.java:58)
		at org.springframework.orm.jpa.LocalContainerEntityManagerFactoryBean.createNativeEntityManagerFactory(LocalContainerEntityManagerFactoryBean.java:365)
		at org.springframework.orm.jpa.AbstractEntityManagerFactoryBean.buildNativeEntityManagerFactory(AbstractEntityManagerFactoryBean.java:391)
		... 58 more
	Caused by: org.postgresql.util.PSQLException: Connection to 127.0.0.1:5433 refused. Check that the hostname and port are correct and that the postmaster is accepting TCP/IP connections.
		at org.postgresql.core.v3.ConnectionFactoryImpl.openConnectionImpl(ConnectionFactoryImpl.java:280)
		at org.postgresql.core.ConnectionFactory.openConnection(ConnectionFactory.java:49)
		at org.postgresql.jdbc.PgConnection.<init>(PgConnection.java:211)
		at org.postgresql.Driver.makeConnection(Driver.java:458)
		at org.postgresql.Driver.connect(Driver.java:260)
		at com.zaxxer.hikari.util.DriverDataSource.getConnection(DriverDataSource.java:138)
		at com.zaxxer.hikari.pool.PoolBase.newConnection(PoolBase.java:354)
		at com.zaxxer.hikari.pool.PoolBase.newPoolEntry(PoolBase.java:202)
		at com.zaxxer.hikari.pool.HikariPool.createPoolEntry(HikariPool.java:473)
		at com.zaxxer.hikari.pool.HikariPool.checkFailFast(HikariPool.java:554)
		at com.zaxxer.hikari.pool.HikariPool.<init>(HikariPool.java:115)
		at com.zaxxer.hikari.HikariDataSource.getConnection(HikariDataSource.java:112)
		at org.hibernate.engine.jdbc.connections.internal.DatasourceConnectionProviderImpl.getConnection(DatasourceConnectionProviderImpl.java:122)
		at org.hibernate.engine.jdbc.env.internal.JdbcEnvironmentInitiator$ConnectionProviderJdbcConnectionAccess.obtainConnection(JdbcEnvironmentInitiator.java:180)
		at org.hibernate.resource.transaction.backend.jdbc.internal.DdlTransactionIsolatorNonJtaImpl.getIsolatedConnection(DdlTransactionIsolatorNonJtaImpl.java:43)
		... 74 more
	Caused by: java.net.ConnectException: Connection refused: connect
		at java.net.DualStackPlainSocketImpl.waitForConnect(Native Method)
		at java.net.DualStackPlainSocketImpl.socketConnect(DualStackPlainSocketImpl.java:81)
		at java.net.AbstractPlainSocketImpl.doConnect(AbstractPlainSocketImpl.java:476)
		at java.net.AbstractPlainSocketImpl.connectToAddress(AbstractPlainSocketImpl.java:218)
		at java.net.AbstractPlainSocketImpl.connect(AbstractPlainSocketImpl.java:200)
		at java.net.PlainSocketImpl.connect(PlainSocketImpl.java:162)
		at java.net.SocksSocketImpl.connect(SocksSocketImpl.java:394)
		at java.net.Socket.connect(Socket.java:606)
		at org.postgresql.core.PGStream.<init>(PGStream.java:75)
		at org.postgresql.core.v3.ConnectionFactoryImpl.tryConnect(ConnectionFactoryImpl.java:91)
		at org.postgresql.core.v3.ConnectionFactoryImpl.openConnectionImpl(ConnectionFactoryImpl.java:192)
		... 88 more
11-Mar-2021 13:28:42.997 INFORMAÇÕES [http-nio-8001-exec-19] org.apache.catalina.core.ApplicationContext.log HTMLManager: list: Listing contexts for virtual host 'localhost'
11-Mar-2021 13:28:56.222 INFORMAÇÕES [http-nio-8001-exec-14] org.apache.catalina.core.ApplicationContext.log HTMLManager: undeploy: Undeploying web application at '/tasks-backend'
11-Mar-2021 13:28:57.005 INFORMAÇÕES [http-nio-8001-exec-14] org.apache.catalina.core.ApplicationContext.log HTMLManager: list: Listing contexts for virtual host 'localhost'
11-Mar-2021 13:29:24.881 INFORMAÇÕES [http-nio-8001-exec-10] org.apache.catalina.core.ApplicationContext.log Manager: list: Listing contexts for virtual host 'localhost'
11-Mar-2021 13:29:24.885 INFORMAÇÕES [http-nio-8001-exec-23] org.apache.catalina.core.ApplicationContext.log Manager: deploy: Deploying web application '/tasks-backend'
11-Mar-2021 13:29:24.885 INFORMAÇÕES [http-nio-8001-exec-23] org.apache.catalina.core.ApplicationContext.log Manager: Uploading WAR file to C:\Users\hpadmin\Desktop\devops\apache-tomcat\webapps\tasks-backend.war
11-Mar-2021 13:33:27.592 INFORMAÇÕES [http-nio-8001-exec-27] org.apache.catalina.core.ApplicationContext.log Manager: list: Listing contexts for virtual host 'localhost'
11-Mar-2021 13:33:27.592 INFORMAÇÕES [http-nio-8001-exec-28] org.apache.catalina.core.ApplicationContext.log Manager: list: Listing contexts for virtual host 'localhost'
11-Mar-2021 13:33:27.592 INFORMAÇÕES [http-nio-8001-exec-29] org.apache.catalina.core.ApplicationContext.log Manager: undeploy: Undeploying web application at '/tasks-backend'
11-Mar-2021 13:33:28.360 INFORMAÇÕES [http-nio-8001-exec-33] org.apache.catalina.core.ApplicationContext.log Manager: deploy: Deploying web application '/tasks-backend'
11-Mar-2021 13:33:28.361 INFORMAÇÕES [http-nio-8001-exec-33] org.apache.catalina.core.ApplicationContext.log Manager: Uploading WAR file to C:\Users\hpadmin\Desktop\devops\apache-tomcat\webapps\tasks-backend.war
11-Mar-2021 13:53:10.034 INFORMAÇÕES [http-nio-8001-exec-35] org.apache.catalina.core.ApplicationContext.log Manager: list: Listing contexts for virtual host 'localhost'
11-Mar-2021 13:53:10.037 INFORMAÇÕES [http-nio-8001-exec-36] org.apache.catalina.core.ApplicationContext.log Manager: list: Listing contexts for virtual host 'localhost'
11-Mar-2021 13:53:10.039 INFORMAÇÕES [http-nio-8001-exec-37] org.apache.catalina.core.ApplicationContext.log Manager: undeploy: Undeploying web application at '/tasks-backend'
11-Mar-2021 13:53:10.802 INFORMAÇÕES [http-nio-8001-exec-43] org.apache.catalina.core.ApplicationContext.log Manager: deploy: Deploying web application '/tasks-backend'
11-Mar-2021 13:53:10.803 INFORMAÇÕES [http-nio-8001-exec-43] org.apache.catalina.core.ApplicationContext.log Manager: Uploading WAR file to C:\Users\hpadmin\Desktop\devops\apache-tomcat\webapps\tasks-backend.war
11-Mar-2021 13:53:48.832 INFORMAÇÕES [http-nio-8001-exec-36] org.apache.catalina.core.ApplicationContext.log HTMLManager: undeploy: Undeploying web application at '/tasks'
11-Mar-2021 13:53:49.654 INFORMAÇÕES [http-nio-8001-exec-36] org.apache.catalina.core.ApplicationContext.log HTMLManager: list: Listing contexts for virtual host 'localhost'
11-Mar-2021 13:53:59.802 INFORMAÇÕES [http-nio-8001-exec-46] org.apache.catalina.core.ApplicationContext.log HTMLManager: undeploy: Undeploying web application at '/tasks'
11-Mar-2021 13:53:59.802 INFORMAÇÕES [http-nio-8001-exec-46] org.apache.catalina.core.ApplicationContext.log HTMLManager: list: Listing contexts for virtual host 'localhost'
11-Mar-2021 13:54:02.955 INFORMAÇÕES [http-nio-8001-exec-40] org.apache.catalina.core.ApplicationContext.log HTMLManager: undeploy: Undeploying web application at '/tasks-backend'
11-Mar-2021 13:54:03.746 INFORMAÇÕES [http-nio-8001-exec-40] org.apache.catalina.core.ApplicationContext.log HTMLManager: list: Listing contexts for virtual host 'localhost'
11-Mar-2021 13:54:22.488 INFORMAÇÕES [http-nio-8001-exec-35] org.apache.catalina.core.ApplicationContext.log Manager: list: Listing contexts for virtual host 'localhost'
11-Mar-2021 13:54:22.491 INFORMAÇÕES [http-nio-8001-exec-45] org.apache.catalina.core.ApplicationContext.log Manager: deploy: Deploying web application '/tasks'
11-Mar-2021 13:54:22.491 INFORMAÇÕES [http-nio-8001-exec-45] org.apache.catalina.core.ApplicationContext.log Manager: Uploading WAR file to C:\Users\hpadmin\Desktop\devops\apache-tomcat\webapps\tasks.war
11-Mar-2021 13:54:46.237 INFORMAÇÕES [http-nio-8001-exec-48] org.apache.catalina.core.ApplicationContext.log HTMLManager: undeploy: Undeploying web application at '/tasks-backend'
11-Mar-2021 13:54:46.237 INFORMAÇÕES [http-nio-8001-exec-48] org.apache.catalina.core.ApplicationContext.log HTMLManager: list: Listing contexts for virtual host 'localhost'
11-Mar-2021 13:58:39.284 INFORMAÇÕES [http-nio-8001-exec-51] org.apache.catalina.core.ApplicationContext.log HTMLManager: undeploy: Undeploying web application at '/tasks'
11-Mar-2021 13:58:40.047 INFORMAÇÕES [http-nio-8001-exec-51] org.apache.catalina.core.ApplicationContext.log HTMLManager: list: Listing contexts for virtual host 'localhost'
11-Mar-2021 13:59:03.560 INFORMAÇÕES [http-nio-8001-exec-55] org.apache.catalina.core.ApplicationContext.log Manager: list: Listing contexts for virtual host 'localhost'
11-Mar-2021 13:59:03.563 INFORMAÇÕES [http-nio-8001-exec-57] org.apache.catalina.core.ApplicationContext.log Manager: deploy: Deploying web application '/tasks'
11-Mar-2021 13:59:03.563 INFORMAÇÕES [http-nio-8001-exec-57] org.apache.catalina.core.ApplicationContext.log Manager: Uploading WAR file to C:\Users\hpadmin\Desktop\devops\apache-tomcat\webapps\tasks.war
11-Mar-2021 14:42:24.183 INFORMAÇÕES [http-nio-8001-exec-63] org.apache.catalina.core.ApplicationContext.log Manager: list: Listing contexts for virtual host 'localhost'
11-Mar-2021 14:42:24.186 INFORMAÇÕES [http-nio-8001-exec-64] org.apache.catalina.core.ApplicationContext.log Manager: list: Listing contexts for virtual host 'localhost'
11-Mar-2021 14:42:24.188 INFORMAÇÕES [http-nio-8001-exec-64] org.apache.catalina.core.ApplicationContext.log Manager: undeploy: Undeploying web application at '/tasks'
11-Mar-2021 14:42:25.060 INFORMAÇÕES [http-nio-8001-exec-63] org.apache.catalina.core.ApplicationContext.log Manager: deploy: Deploying web application '/tasks'
11-Mar-2021 14:42:25.060 INFORMAÇÕES [http-nio-8001-exec-63] org.apache.catalina.core.ApplicationContext.log Manager: Uploading WAR file to C:\Users\hpadmin\Desktop\devops\apache-tomcat\webapps\tasks.war
11-Mar-2021 14:42:48.622 INFORMAÇÕES [http-nio-8001-exec-65] org.apache.catalina.core.ApplicationContext.log Manager: list: Listing contexts for virtual host 'localhost'
11-Mar-2021 14:42:48.626 INFORMAÇÕES [http-nio-8001-exec-66] org.apache.catalina.core.ApplicationContext.log Manager: list: Listing contexts for virtual host 'localhost'
11-Mar-2021 14:42:48.627 INFORMAÇÕES [http-nio-8001-exec-62] org.apache.catalina.core.ApplicationContext.log Manager: undeploy: Undeploying web application at '/tasks'
11-Mar-2021 14:42:49.392 INFORMAÇÕES [http-nio-8001-exec-62] org.apache.catalina.core.ApplicationContext.log Manager: deploy: Deploying web application '/tasks'
11-Mar-2021 14:42:49.392 INFORMAÇÕES [http-nio-8001-exec-62] org.apache.catalina.core.ApplicationContext.log Manager: Uploading WAR file to C:\Users\hpadmin\Desktop\devops\apache-tomcat\webapps\tasks.war
11-Mar-2021 14:52:25.068 INFORMAÇÕES [http-nio-8001-exec-76] org.apache.catalina.core.ApplicationContext.log Manager: list: Listing contexts for virtual host 'localhost'
11-Mar-2021 14:52:25.072 INFORMAÇÕES [http-nio-8001-exec-74] org.apache.catalina.core.ApplicationContext.log Manager: list: Listing contexts for virtual host 'localhost'
11-Mar-2021 14:52:25.074 INFORMAÇÕES [http-nio-8001-exec-75] org.apache.catalina.core.ApplicationContext.log Manager: undeploy: Undeploying web application at '/tasks'
11-Mar-2021 14:52:25.882 INFORMAÇÕES [http-nio-8001-exec-76] org.apache.catalina.core.ApplicationContext.log Manager: deploy: Deploying web application '/tasks'
11-Mar-2021 14:52:25.882 INFORMAÇÕES [http-nio-8001-exec-76] org.apache.catalina.core.ApplicationContext.log Manager: Uploading WAR file to C:\Users\hpadmin\Desktop\devops\apache-tomcat\webapps\tasks.war
11-Mar-2021 14:56:50.849 INFORMAÇÕES [http-nio-8001-exec-2] org.apache.catalina.core.ApplicationContext.log HTMLManager: init: Associated with Deployer 'Catalina:type=Deployer,host=localhost'
11-Mar-2021 14:56:50.849 INFORMAÇÕES [http-nio-8001-exec-2] org.apache.catalina.core.ApplicationContext.log HTMLManager: init: Global resources are available
11-Mar-2021 14:56:50.862 INFORMAÇÕES [http-nio-8001-exec-2] org.apache.catalina.core.ApplicationContext.log HTMLManager: list: Listing contexts for virtual host 'localhost'
11-Mar-2021 15:00:47.187 INFORMAÇÕES [http-nio-8001-exec-4] org.apache.catalina.core.ApplicationContext.log HTMLManager: init: Associated with Deployer 'Catalina:type=Deployer,host=localhost'
11-Mar-2021 15:00:47.189 INFORMAÇÕES [http-nio-8001-exec-4] org.apache.catalina.core.ApplicationContext.log HTMLManager: init: Global resources are available
11-Mar-2021 15:00:47.211 INFORMAÇÕES [http-nio-8001-exec-4] org.apache.catalina.core.ApplicationContext.log HTMLManager: list: Listing contexts for virtual host 'localhost'
11-Mar-2021 15:10:49.815 INFORMAÇÕES [http-nio-8001-exec-1] org.apache.catalina.core.ApplicationContext.log HTMLManager: list: Listing contexts for virtual host 'localhost'
11-Mar-2021 15:10:53.957 INFORMAÇÕES [http-nio-8001-exec-10] org.apache.catalina.core.ApplicationContext.log HTMLManager: undeploy: Undeploying web application at '/tasks'
11-Mar-2021 15:10:54.777 INFORMAÇÕES [http-nio-8001-exec-10] org.apache.catalina.core.ApplicationContext.log HTMLManager: list: Listing contexts for virtual host 'localhost'
11-Mar-2021 15:10:58.890 INFORMAÇÕES [http-nio-8001-exec-6] org.apache.catalina.core.ApplicationContext.log HTMLManager: list: Listing contexts for virtual host 'localhost'
11-Mar-2021 15:11:21.493 INFORMAÇÕES [http-nio-8001-exec-1] org.apache.catalina.core.ApplicationContext.log HTMLManager: list: Listing contexts for virtual host 'localhost'
11-Mar-2021 15:11:58.732 INFORMAÇÕES [http-nio-8001-exec-15] org.apache.catalina.core.ApplicationContext.log HTMLManager: list: Listing contexts for virtual host 'localhost'
11-Mar-2021 15:12:01.073 INFORMAÇÕES [http-nio-8001-exec-5] org.apache.catalina.core.ApplicationContext.log HTMLManager: undeploy: Undeploying web application at '/tasks'
11-Mar-2021 15:12:01.876 INFORMAÇÕES [http-nio-8001-exec-5] org.apache.catalina.core.ApplicationContext.log HTMLManager: list: Listing contexts for virtual host 'localhost'
11-Mar-2021 15:12:24.281 INFORMAÇÕES [http-nio-8001-exec-15] org.apache.catalina.core.ApplicationContext.log Manager: init: Associated with Deployer 'Catalina:type=Deployer,host=localhost'
11-Mar-2021 15:12:24.281 INFORMAÇÕES [http-nio-8001-exec-15] org.apache.catalina.core.ApplicationContext.log Manager: init: Global resources are available
11-Mar-2021 15:12:24.281 INFORMAÇÕES [http-nio-8001-exec-15] org.apache.catalina.core.ApplicationContext.log Manager: list: Listing contexts for virtual host 'localhost'
11-Mar-2021 15:12:24.286 INFORMAÇÕES [http-nio-8001-exec-16] org.apache.catalina.core.ApplicationContext.log Manager: deploy: Deploying web application '/tasks'
11-Mar-2021 15:12:24.287 INFORMAÇÕES [http-nio-8001-exec-16] org.apache.catalina.core.ApplicationContext.log Manager: Uploading WAR file to C:\Users\hpadmin\Desktop\devops\apache-tomcat\webapps\tasks.war
11-Mar-2021 15:12:43.168 INFORMAÇÕES [http-nio-8001-exec-17] org.apache.catalina.core.ApplicationContext.log HTMLManager: undeploy: Undeploying web application at '/tasks'
11-Mar-2021 15:12:43.956 INFORMAÇÕES [http-nio-8001-exec-17] org.apache.catalina.core.ApplicationContext.log HTMLManager: list: Listing contexts for virtual host 'localhost'
11-Mar-2021 15:12:46.844 INFORMAÇÕES [http-nio-8001-exec-13] org.apache.catalina.core.ApplicationContext.log HTMLManager: undeploy: Undeploying web application at '/tasks'
11-Mar-2021 15:12:46.845 INFORMAÇÕES [http-nio-8001-exec-13] org.apache.catalina.core.ApplicationContext.log HTMLManager: list: Listing contexts for virtual host 'localhost'
11-Mar-2021 15:13:28.314 INFORMAÇÕES [http-nio-8001-exec-12] org.apache.catalina.core.ApplicationContext.log Manager: list: Listing contexts for virtual host 'localhost'
11-Mar-2021 15:13:28.317 INFORMAÇÕES [http-nio-8001-exec-24] org.apache.catalina.core.ApplicationContext.log Manager: deploy: Deploying web application '/tasks'
11-Mar-2021 15:13:28.318 INFORMAÇÕES [http-nio-8001-exec-24] org.apache.catalina.core.ApplicationContext.log Manager: Uploading WAR file to C:\Users\hpadmin\Desktop\devops\apache-tomcat\webapps\tasks.war
11-Mar-2021 15:14:49.175 INFORMAÇÕES [http-nio-8001-exec-23] org.apache.catalina.core.ApplicationContext.log HTMLManager: undeploy: Undeploying web application at '/tasks'
11-Mar-2021 15:14:49.975 INFORMAÇÕES [http-nio-8001-exec-23] org.apache.catalina.core.ApplicationContext.log HTMLManager: list: Listing contexts for virtual host 'localhost'
11-Mar-2021 15:19:55.686 INFORMAÇÕES [http-nio-8001-exec-30] org.apache.catalina.core.ApplicationContext.log Manager: list: Listing contexts for virtual host 'localhost'
11-Mar-2021 15:19:55.689 INFORMAÇÕES [http-nio-8001-exec-31] org.apache.catalina.core.ApplicationContext.log Manager: deploy: Deploying web application '/tasks'
11-Mar-2021 15:19:55.689 INFORMAÇÕES [http-nio-8001-exec-31] org.apache.catalina.core.ApplicationContext.log Manager: Uploading WAR file to C:\Users\hpadmin\Desktop\devops\apache-tomcat\webapps\tasks.war
11-Mar-2021 15:20:13.661 INFORMAÇÕES [http-nio-8001-exec-32] org.apache.catalina.core.ApplicationContext.log HTMLManager: undeploy: Undeploying web application at '/tasks'
11-Mar-2021 15:20:14.452 INFORMAÇÕES [http-nio-8001-exec-32] org.apache.catalina.core.ApplicationContext.log HTMLManager: list: Listing contexts for virtual host 'localhost'
11-Mar-2021 15:22:06.978 INFORMAÇÕES [http-nio-8001-exec-40] org.apache.catalina.core.ApplicationContext.log Manager: list: Listing contexts for virtual host 'localhost'
11-Mar-2021 15:22:06.988 INFORMAÇÕES [http-nio-8001-exec-41] org.apache.catalina.core.ApplicationContext.log Manager: deploy: Deploying web application '/tasks'
11-Mar-2021 15:22:06.988 INFORMAÇÕES [http-nio-8001-exec-41] org.apache.catalina.core.ApplicationContext.log Manager: Uploading WAR file to C:\Users\hpadmin\Desktop\devops\apache-tomcat\webapps\tasks.war
11-Mar-2021 15:22:40.268 INFORMAÇÕES [http-nio-8001-exec-43] org.apache.catalina.core.ApplicationContext.log Manager: list: Listing contexts for virtual host 'localhost'
11-Mar-2021 15:22:40.270 INFORMAÇÕES [http-nio-8001-exec-44] org.apache.catalina.core.ApplicationContext.log Manager: list: Listing contexts for virtual host 'localhost'
11-Mar-2021 15:22:40.273 INFORMAÇÕES [http-nio-8001-exec-40] org.apache.catalina.core.ApplicationContext.log Manager: undeploy: Undeploying web application at '/tasks'
11-Mar-2021 15:22:41.001 INFORMAÇÕES [http-nio-8001-exec-37] org.apache.catalina.core.ApplicationContext.log Manager: deploy: Deploying web application '/tasks'
11-Mar-2021 15:22:41.001 INFORMAÇÕES [http-nio-8001-exec-37] org.apache.catalina.core.ApplicationContext.log Manager: Uploading WAR file to C:\Users\hpadmin\Desktop\devops\apache-tomcat\webapps\tasks.war
11-Mar-2021 15:23:13.392 INFORMAÇÕES [http-nio-8001-exec-46] org.apache.catalina.core.ApplicationContext.log HTMLManager: list: Listing contexts for virtual host 'localhost'
11-Mar-2021 15:34:25.641 INFORMAÇÕES [http-nio-8001-exec-4] org.apache.catalina.core.ApplicationContext.log HTMLManager: init: Associated with Deployer 'Catalina:type=Deployer,host=localhost'
11-Mar-2021 15:34:25.641 INFORMAÇÕES [http-nio-8001-exec-4] org.apache.catalina.core.ApplicationContext.log HTMLManager: init: Global resources are available
11-Mar-2021 15:34:25.663 INFORMAÇÕES [http-nio-8001-exec-4] org.apache.catalina.core.ApplicationContext.log HTMLManager: list: Listing contexts for virtual host 'localhost'
11-Mar-2021 15:41:51.852 INFORMAÇÕES [http-nio-8001-exec-1] org.apache.catalina.core.ApplicationContext.log Manager: init: Associated with Deployer 'Catalina:type=Deployer,host=localhost'
11-Mar-2021 15:41:51.852 INFORMAÇÕES [http-nio-8001-exec-1] org.apache.catalina.core.ApplicationContext.log Manager: init: Global resources are available
11-Mar-2021 15:41:51.852 INFORMAÇÕES [http-nio-8001-exec-1] org.apache.catalina.core.ApplicationContext.log Manager: list: Listing contexts for virtual host 'localhost'
11-Mar-2021 15:41:52.002 INFORMAÇÕES [http-nio-8001-exec-3] org.apache.catalina.core.ApplicationContext.log Manager: list: Listing contexts for virtual host 'localhost'
11-Mar-2021 15:41:52.005 INFORMAÇÕES [http-nio-8001-exec-4] org.apache.catalina.core.ApplicationContext.log Manager: undeploy: Undeploying web application at '/tasks'
11-Mar-2021 15:41:52.922 INFORMAÇÕES [http-nio-8001-exec-6] org.apache.catalina.core.ApplicationContext.log Manager: deploy: Deploying web application '/tasks'
11-Mar-2021 15:41:52.922 INFORMAÇÕES [http-nio-8001-exec-6] org.apache.catalina.core.ApplicationContext.log Manager: Uploading WAR file to C:\Users\hpadmin\Desktop\devops\apache-tomcat\webapps\tasks.war
11-Mar-2021 15:42:31.547 INFORMAÇÕES [http-nio-8001-exec-3] org.apache.catalina.core.ApplicationContext.log HTMLManager: list: Listing contexts for virtual host 'localhost'
11-Mar-2021 15:47:37.107 INFORMAÇÕES [http-nio-8001-exec-11] org.apache.catalina.core.ApplicationContext.log HTMLManager: undeploy: Undeploying web application at '/tasks'
11-Mar-2021 15:47:37.929 INFORMAÇÕES [http-nio-8001-exec-11] org.apache.catalina.core.ApplicationContext.log HTMLManager: list: Listing contexts for virtual host 'localhost'
11-Mar-2021 15:48:39.739 INFORMAÇÕES [http-nio-8001-exec-20] org.apache.catalina.core.ApplicationContext.log HTMLManager: list: Listing contexts for virtual host 'localhost'
11-Mar-2021 15:52:25.577 INFORMAÇÕES [http-nio-8001-exec-24] org.apache.catalina.core.ApplicationContext.log HTMLManager: undeploy: Undeploying web application at '/tasks'
11-Mar-2021 15:52:26.384 INFORMAÇÕES [http-nio-8001-exec-24] org.apache.catalina.core.ApplicationContext.log HTMLManager: list: Listing contexts for virtual host 'localhost'
11-Mar-2021 15:53:06.974 INFORMAÇÕES [http-nio-8001-exec-21] org.apache.catalina.core.ApplicationContext.log Manager: list: Listing contexts for virtual host 'localhost'
11-Mar-2021 15:53:06.978 INFORMAÇÕES [http-nio-8001-exec-26] org.apache.catalina.core.ApplicationContext.log Manager: deploy: Deploying web application '/tasks'
11-Mar-2021 15:53:06.978 INFORMAÇÕES [http-nio-8001-exec-26] org.apache.catalina.core.ApplicationContext.log Manager: Uploading WAR file to C:\Users\hpadmin\Desktop\devops\apache-tomcat\webapps\tasks.war
11-Mar-2021 15:56:17.873 INFORMAÇÕES [http-nio-8001-exec-32] org.apache.catalina.core.ApplicationContext.log HTMLManager: undeploy: Undeploying web application at '/tasks'
11-Mar-2021 15:56:18.772 INFORMAÇÕES [http-nio-8001-exec-32] org.apache.catalina.core.ApplicationContext.log HTMLManager: list: Listing contexts for virtual host 'localhost'
11-Mar-2021 15:56:40.261 INFORMAÇÕES [http-nio-8001-exec-34] org.apache.catalina.core.ApplicationContext.log Manager: list: Listing contexts for virtual host 'localhost'
11-Mar-2021 15:56:40.270 INFORMAÇÕES [http-nio-8001-exec-36] org.apache.catalina.core.ApplicationContext.log Manager: deploy: Deploying web application '/tasks'
11-Mar-2021 15:56:40.270 INFORMAÇÕES [http-nio-8001-exec-36] org.apache.catalina.core.ApplicationContext.log Manager: Uploading WAR file to C:\Users\hpadmin\Desktop\devops\apache-tomcat\webapps\tasks.war
11-Mar-2021 15:56:55.817 INFORMAÇÕES [http-nio-8001-exec-37] org.apache.catalina.core.ApplicationContext.log HTMLManager: undeploy: Undeploying web application at '/tasks'
11-Mar-2021 15:56:56.602 INFORMAÇÕES [http-nio-8001-exec-37] org.apache.catalina.core.ApplicationContext.log HTMLManager: list: Listing contexts for virtual host 'localhost'
11-Mar-2021 15:56:59.977 INFORMAÇÕES [http-nio-8001-exec-40] org.apache.catalina.core.ApplicationContext.log HTMLManager: undeploy: Undeploying web application at '/tasks'
11-Mar-2021 15:56:59.977 INFORMAÇÕES [http-nio-8001-exec-40] org.apache.catalina.core.ApplicationContext.log HTMLManager: list: Listing contexts for virtual host 'localhost'
11-Mar-2021 15:58:56.769 INFORMAÇÕES [http-nio-8001-exec-43] org.apache.catalina.core.ApplicationContext.log Manager: list: Listing contexts for virtual host 'localhost'
11-Mar-2021 15:58:56.772 INFORMAÇÕES [http-nio-8001-exec-44] org.apache.catalina.core.ApplicationContext.log Manager: deploy: Deploying web application '/tasks'
11-Mar-2021 15:58:56.773 INFORMAÇÕES [http-nio-8001-exec-44] org.apache.catalina.core.ApplicationContext.log Manager: Uploading WAR file to C:\Users\hpadmin\Desktop\devops\apache-tomcat\webapps\tasks.war
11-Mar-2021 15:59:15.051 INFORMAÇÕES [http-nio-8001-exec-45] org.apache.catalina.core.ApplicationContext.log HTMLManager: undeploy: Undeploying web application at '/tasks'
11-Mar-2021 15:59:15.840 INFORMAÇÕES [http-nio-8001-exec-45] org.apache.catalina.core.ApplicationContext.log HTMLManager: list: Listing contexts for virtual host 'localhost'
11-Mar-2021 15:59:22.087 INFORMAÇÕES [http-nio-8001-exec-51] org.apache.catalina.core.ApplicationContext.log HTMLManager: list: Listing contexts for virtual host 'localhost'
11-Mar-2021 15:59:51.771 INFORMAÇÕES [http-nio-8001-exec-50] org.apache.catalina.core.ApplicationContext.log Manager: list: Listing contexts for virtual host 'localhost'
11-Mar-2021 15:59:51.776 INFORMAÇÕES [http-nio-8001-exec-48] org.apache.catalina.core.ApplicationContext.log Manager: deploy: Deploying web application '/tasks-backend'
11-Mar-2021 15:59:51.777 INFORMAÇÕES [http-nio-8001-exec-48] org.apache.catalina.core.ApplicationContext.log Manager: Uploading WAR file to C:\Users\hpadmin\Desktop\devops\apache-tomcat\webapps\tasks-backend.war
11-Mar-2021 16:00:37.525 INFORMAÇÕES [http-nio-8001-exec-54] org.apache.catalina.core.ApplicationContext.log Manager: list: Listing contexts for virtual host 'localhost'
11-Mar-2021 16:00:37.535 INFORMAÇÕES [http-nio-8001-exec-55] org.apache.catalina.core.ApplicationContext.log Manager: deploy: Deploying web application '/tasks'
11-Mar-2021 16:00:37.535 INFORMAÇÕES [http-nio-8001-exec-55] org.apache.catalina.core.ApplicationContext.log Manager: Uploading WAR file to C:\Users\hpadmin\Desktop\devops\apache-tomcat\webapps\tasks.war
11-Mar-2021 16:01:02.375 INFORMAÇÕES [http-nio-8001-exec-56] org.apache.catalina.core.ApplicationContext.log HTMLManager: list: Listing contexts for virtual host 'localhost'
